{"C:\\Users\\shubham\\Documents\\ReactNative\\Memora\\src\\app\\_layout.tsx": {"path":"C:\\Users\\shubham\\Documents\\ReactNative\\Memora\\src\\app\\_layout.tsx","statementMap":{"0":{"start":{"line":8,"column":0},"end":{"line":8,"column":36}},"1":{"start":{"line":11,"column":22},"end":{"line":11,"column":38}},"2":{"start":{"line":12,"column":2},"end":{"line":17,"column":4}}},"fnMap":{"0":{"name":"TabLayout","decl":{"start":{"line":10,"column":24},"end":{"line":10,"column":33}},"loc":{"start":{"line":10,"column":36},"end":{"line":18,"column":1}},"line":10}},"branchMap":{"0":{"loc":{"start":{"line":13,"column":26},"end":{"line":13,"column":75}},"type":"cond-expr","locations":[{"start":{"line":13,"column":51},"end":{"line":13,"column":60}},{"start":{"line":13,"column":63},"end":{"line":13,"column":75}}],"line":13}},"s":{"0":0,"1":0,"2":0},"f":{"0":0},"b":{"0":[0,0]}}
,"C:\\Users\\shubham\\Documents\\ReactNative\\Memora\\src\\app\\explore.tsx": {"path":"C:\\Users\\shubham\\Documents\\ReactNative\\Memora\\src\\app\\explore.tsx","statementMap":{"0":{"start":{"line":15,"column":25},"end":{"line":15,"column":44}},"1":{"start":{"line":16,"column":17},"end":{"line":19,"column":3}},"2":{"start":{"line":20,"column":16},"end":{"line":20,"column":26}},"3":{"start":{"line":22,"column":31},"end":{"line":33,"column":4}},"4":{"start":{"line":35,"column":2},"end":{"line":125,"column":4}},"5":{"start":{"line":48,"column":47},"end":{"line":48,"column":72}},"6":{"start":{"line":128,"column":15},"end":{"line":180,"column":2}}},"fnMap":{"0":{"name":"TabTwoScreen","decl":{"start":{"line":14,"column":24},"end":{"line":14,"column":36}},"loc":{"start":{"line":14,"column":39},"end":{"line":126,"column":1}},"line":14},"1":{"name":"(anonymous_1)","decl":{"start":{"line":48,"column":30},"end":{"line":48,"column":31}},"loc":{"start":{"line":48,"column":47},"end":{"line":48,"column":72}},"line":48}},"branchMap":{"0":{"loc":{"start":{"line":48,"column":47},"end":{"line":48,"column":72}},"type":"binary-expr","locations":[{"start":{"line":48,"column":47},"end":{"line":48,"column":54}},{"start":{"line":48,"column":58},"end":{"line":48,"column":72}}],"line":48},"1":{"loc":{"start":{"line":122,"column":9},"end":{"line":122,"column":46}},"type":"binary-expr","locations":[{"start":{"line":122,"column":9},"end":{"line":122,"column":30}},{"start":{"line":122,"column":34},"end":{"line":122,"column":46}}],"line":122}},"s":{"0":0,"1":0,"2":0,"3":0,"4":0,"5":0,"6":0},"f":{"0":0,"1":0},"b":{"0":[0,0],"1":[0,0]}}
,"C:\\Users\\shubham\\Documents\\ReactNative\\Memora\\src\\app\\index.tsx": {"path":"C:\\Users\\shubham\\Documents\\ReactNative\\Memora\\src\\app\\index.tsx","statementMap":{"0":{"start":{"line":13,"column":2},"end":{"line":15,"column":3}},"1":{"start":{"line":14,"column":4},"end":{"line":14,"column":70}},"2":{"start":{"line":16,"column":2},"end":{"line":22,"column":3}},"3":{"start":{"line":17,"column":4},"end":{"line":21,"column":6}},"4":{"start":{"line":23,"column":19},"end":{"line":23,"column":76}},"5":{"start":{"line":24,"column":2},"end":{"line":28,"column":4}},"6":{"start":{"line":32,"column":2},"end":{"line":61,"column":4}},"7":{"start":{"line":64,"column":15},"end":{"line":98,"column":2}}},"fnMap":{"0":{"name":"getDevMenuHint","decl":{"start":{"line":12,"column":9},"end":{"line":12,"column":23}},"loc":{"start":{"line":12,"column":26},"end":{"line":29,"column":1}},"line":12},"1":{"name":"HomeScreen","decl":{"start":{"line":31,"column":24},"end":{"line":31,"column":34}},"loc":{"start":{"line":31,"column":37},"end":{"line":62,"column":1}},"line":31}},"branchMap":{"0":{"loc":{"start":{"line":13,"column":2},"end":{"line":15,"column":3}},"type":"if","locations":[{"start":{"line":13,"column":2},"end":{"line":15,"column":3}},{"start":{},"end":{}}],"line":13},"1":{"loc":{"start":{"line":16,"column":2},"end":{"line":22,"column":3}},"type":"if","locations":[{"start":{"line":16,"column":2},"end":{"line":22,"column":3}},{"start":{},"end":{}}],"line":16},"2":{"loc":{"start":{"line":23,"column":19},"end":{"line":23,"column":76}},"type":"cond-expr","locations":[{"start":{"line":23,"column":47},"end":{"line":23,"column":66}},{"start":{"line":23,"column":69},"end":{"line":23,"column":76}}],"line":23},"3":{"loc":{"start":{"line":58,"column":9},"end":{"line":58,"column":46}},"type":"binary-expr","locations":[{"start":{"line":58,"column":9},"end":{"line":58,"column":30}},{"start":{"line":58,"column":34},"end":{"line":58,"column":46}}],"line":58}},"s":{"0":0,"1":0,"2":0,"3":0,"4":0,"5":0,"6":0,"7":0},"f":{"0":0,"1":0},"b":{"0":[0,0],"1":[0,0],"2":[0,0],"3":[0,0]}}
,"C:\\Users\\shubham\\Documents\\ReactNative\\Memora\\src\\components\\animated-icon.tsx": {"path":"C:\\Users\\shubham\\Documents\\ReactNative\\Memora\\src\\components\\animated-icon.tsx","statementMap":{"0":{"start":{"line":8,"column":29},"end":{"line":8,"column":65}},"1":{"start":{"line":9,"column":17},"end":{"line":9,"column":20}},"2":{"start":{"line":12,"column":32},"end":{"line":12,"column":47}},"3":{"start":{"line":13,"column":32},"end":{"line":13,"column":46}},"4":{"start":{"line":15,"column":2},"end":{"line":15,"column":28}},"5":{"start":{"line":15,"column":16},"end":{"line":15,"column":28}},"6":{"start":{"line":17,"column":25},"end":{"line":34,"column":4}},"7":{"start":{"line":36,"column":16},"end":{"line":36,"column":96}},"8":{"start":{"line":38,"column":2},"end":{"line":59,"column":4}},"9":{"start":{"line":42,"column":8},"end":{"line":44,"column":9}},"10":{"start":{"line":43,"column":10},"end":{"line":43,"column":42}},"11":{"start":{"line":52,"column":8},"end":{"line":54,"column":11}},"12":{"start":{"line":53,"column":10},"end":{"line":53,"column":27}},"13":{"start":{"line":62,"column":17},"end":{"line":70,"column":2}},"14":{"start":{"line":72,"column":21},"end":{"line":87,"column":2}},"15":{"start":{"line":89,"column":21},"end":{"line":96,"column":2}},"16":{"start":{"line":99,"column":2},"end":{"line":110,"column":4}},"17":{"start":{"line":113,"column":15},"end":{"line":148,"column":2}}},"fnMap":{"0":{"name":"AnimatedSplashOverlay","decl":{"start":{"line":11,"column":16},"end":{"line":11,"column":37}},"loc":{"start":{"line":11,"column":40},"end":{"line":60,"column":1}},"line":11},"1":{"name":"(anonymous_1)","decl":{"start":{"line":40,"column":63},"end":{"line":40,"column":64}},"loc":{"start":{"line":40,"column":77},"end":{"line":45,"column":7}},"line":40},"2":{"name":"(anonymous_2)","decl":{"start":{"line":51,"column":16},"end":{"line":51,"column":17}},"loc":{"start":{"line":51,"column":22},"end":{"line":55,"column":7}},"line":51},"3":{"name":"(anonymous_3)","decl":{"start":{"line":52,"column":41},"end":{"line":52,"column":42}},"loc":{"start":{"line":52,"column":47},"end":{"line":54,"column":9}},"line":52},"4":{"name":"AnimatedIcon","decl":{"start":{"line":98,"column":16},"end":{"line":98,"column":28}},"loc":{"start":{"line":98,"column":31},"end":{"line":111,"column":1}},"line":98}},"branchMap":{"0":{"loc":{"start":{"line":15,"column":2},"end":{"line":15,"column":28}},"type":"if","locations":[{"start":{"line":15,"column":2},"end":{"line":15,"column":28}},{"start":{},"end":{}}],"line":15},"1":{"loc":{"start":{"line":38,"column":9},"end":{"line":59,"column":3}},"type":"cond-expr","locations":[{"start":{"line":39,"column":4},"end":{"line":48,"column":20}},{"start":{"line":50,"column":4},"end":{"line":58,"column":11}}],"line":38},"2":{"loc":{"start":{"line":42,"column":8},"end":{"line":44,"column":9}},"type":"if","locations":[{"start":{"line":42,"column":8},"end":{"line":44,"column":9}},{"start":{},"end":{}}],"line":42}},"s":{"0":0,"1":0,"2":0,"3":0,"4":0,"5":0,"6":0,"7":0,"8":0,"9":0,"10":0,"11":0,"12":0,"13":0,"14":0,"15":0,"16":0,"17":0},"f":{"0":0,"1":0,"2":0,"3":0,"4":0},"b":{"0":[0,0],"1":[0,0],"2":[0,0]}}
,"C:\\Users\\shubham\\Documents\\ReactNative\\Memora\\src\\components\\animated-icon.web.tsx": {"path":"C:\\Users\\shubham\\Documents\\ReactNative\\Memora\\src\\components\\animated-icon.web.tsx","statementMap":{"0":{"start":{"line":6,"column":17},"end":{"line":6,"column":20}},"1":{"start":{"line":9,"column":2},"end":{"line":9,"column":14}},"2":{"start":{"line":12,"column":17},"end":{"line":24,"column":2}},"3":{"start":{"line":26,"column":21},"end":{"line":40,"column":2}},"4":{"start":{"line":42,"column":21},"end":{"line":55,"column":2}},"5":{"start":{"line":58,"column":2},"end":{"line":72,"column":4}},"6":{"start":{"line":75,"column":15},"end":{"line":108,"column":2}}},"fnMap":{"0":{"name":"AnimatedSplashOverlay","decl":{"start":{"line":8,"column":16},"end":{"line":8,"column":37}},"loc":{"start":{"line":8,"column":40},"end":{"line":10,"column":1}},"line":8},"1":{"name":"AnimatedIcon","decl":{"start":{"line":57,"column":16},"end":{"line":57,"column":28}},"loc":{"start":{"line":57,"column":31},"end":{"line":73,"column":1}},"line":57}},"branchMap":{},"s":{"0":0,"1":0,"2":0,"3":0,"4":0,"5":0,"6":0},"f":{"0":0,"1":0},"b":{}}
,"C:\\Users\\shubham\\Documents\\ReactNative\\Memora\\src\\components\\app-tabs.tsx": {"path":"C:\\Users\\shubham\\Documents\\ReactNative\\Memora\\src\\components\\app-tabs.tsx","statementMap":{"0":{"start":{"line":7,"column":17},"end":{"line":7,"column":33}},"1":{"start":{"line":8,"column":17},"end":{"line":8,"column":68}},"2":{"start":{"line":10,"column":2},"end":{"line":31,"column":4}}},"fnMap":{"0":{"name":"AppTabs","decl":{"start":{"line":6,"column":24},"end":{"line":6,"column":31}},"loc":{"start":{"line":6,"column":34},"end":{"line":32,"column":1}},"line":6}},"branchMap":{"0":{"loc":{"start":{"line":8,"column":24},"end":{"line":8,"column":67}},"type":"cond-expr","locations":[{"start":{"line":8,"column":51},"end":{"line":8,"column":58}},{"start":{"line":8,"column":61},"end":{"line":8,"column":67}}],"line":8}},"s":{"0":0,"1":0,"2":0},"f":{"0":0},"b":{"0":[0,0]}}
,"C:\\Users\\shubham\\Documents\\ReactNative\\Memora\\src\\components\\app-tabs.web.tsx": {"path":"C:\\Users\\shubham\\Documents\\ReactNative\\Memora\\src\\components\\app-tabs.web.tsx","statementMap":{"0":{"start":{"line":19,"column":2},"end":{"line":33,"column":4}},"1":{"start":{"line":37,"column":2},"end":{"line":47,"column":4}},"2":{"start":{"line":38,"column":50},"end":{"line":38,"column":75}},"3":{"start":{"line":51,"column":17},"end":{"line":51,"column":33}},"4":{"start":{"line":52,"column":17},"end":{"line":52,"column":68}},"5":{"start":{"line":54,"column":2},"end":{"line":75,"column":4}},"6":{"start":{"line":78,"column":15},"end":{"line":115,"column":2}}},"fnMap":{"0":{"name":"AppTabs","decl":{"start":{"line":18,"column":24},"end":{"line":18,"column":31}},"loc":{"start":{"line":18,"column":34},"end":{"line":34,"column":1}},"line":18},"1":{"name":"TabButton","decl":{"start":{"line":36,"column":16},"end":{"line":36,"column":25}},"loc":{"start":{"line":36,"column":82},"end":{"line":48,"column":1}},"line":36},"2":{"name":"(anonymous_2)","decl":{"start":{"line":38,"column":33},"end":{"line":38,"column":34}},"loc":{"start":{"line":38,"column":50},"end":{"line":38,"column":75}},"line":38},"3":{"name":"CustomTabList","decl":{"start":{"line":50,"column":16},"end":{"line":50,"column":29}},"loc":{"start":{"line":50,"column":51},"end":{"line":76,"column":1}},"line":50}},"branchMap":{"0":{"loc":{"start":{"line":38,"column":50},"end":{"line":38,"column":75}},"type":"binary-expr","locations":[{"start":{"line":38,"column":50},"end":{"line":38,"column":57}},{"start":{"line":38,"column":61},"end":{"line":38,"column":75}}],"line":38},"1":{"loc":{"start":{"line":40,"column":14},"end":{"line":40,"column":68}},"type":"cond-expr","locations":[{"start":{"line":40,"column":26},"end":{"line":40,"column":46}},{"start":{"line":40,"column":49},"end":{"line":40,"column":68}}],"line":40},"2":{"loc":{"start":{"line":42,"column":45},"end":{"line":42,"column":81}},"type":"cond-expr","locations":[{"start":{"line":42,"column":57},"end":{"line":42,"column":63}},{"start":{"line":42,"column":66},"end":{"line":42,"column":81}}],"line":42},"3":{"loc":{"start":{"line":52,"column":24},"end":{"line":52,"column":67}},"type":"cond-expr","locations":[{"start":{"line":52,"column":51},"end":{"line":52,"column":58}},{"start":{"line":52,"column":61},"end":{"line":52,"column":67}}],"line":52}},"s":{"0":0,"1":0,"2":0,"3":0,"4":0,"5":0,"6":0},"f":{"0":0,"1":0,"2":0,"3":0},"b":{"0":[0,0],"1":[0,0],"2":[0,0],"3":[0,0]}}
,"C:\\Users\\shubham\\Documents\\ReactNative\\Memora\\src\\components\\external-link.tsx": {"path":"C:\\Users\\shubham\\Documents\\ReactNative\\Memora\\src\\components\\external-link.tsx","statementMap":{"0":{"start":{"line":8,"column":2},"end":{"line":24,"column":4}},"1":{"start":{"line":14,"column":8},"end":{"line":21,"column":9}},"2":{"start":{"line":16,"column":10},"end":{"line":16,"column":33}},"3":{"start":{"line":18,"column":10},"end":{"line":20,"column":13}}},"fnMap":{"0":{"name":"ExternalLink","decl":{"start":{"line":7,"column":16},"end":{"line":7,"column":28}},"loc":{"start":{"line":7,"column":55},"end":{"line":25,"column":1}},"line":7},"1":{"name":"(anonymous_1)","decl":{"start":{"line":13,"column":15},"end":{"line":13,"column":16}},"loc":{"start":{"line":13,"column":32},"end":{"line":22,"column":7}},"line":13}},"branchMap":{"0":{"loc":{"start":{"line":14,"column":8},"end":{"line":21,"column":9}},"type":"if","locations":[{"start":{"line":14,"column":8},"end":{"line":21,"column":9}},{"start":{},"end":{}}],"line":14}},"s":{"0":0,"1":0,"2":0,"3":0},"f":{"0":0,"1":0},"b":{"0":[0,0]}}
,"C:\\Users\\shubham\\Documents\\ReactNative\\Memora\\src\\components\\hint-row.tsx": {"path":"C:\\Users\\shubham\\Documents\\ReactNative\\Memora\\src\\components\\hint-row.tsx","statementMap":{"0":{"start":{"line":15,"column":2},"end":{"line":22,"column":4}},"1":{"start":{"line":25,"column":15},"end":{"line":35,"column":2}}},"fnMap":{"0":{"name":"HintRow","decl":{"start":{"line":14,"column":16},"end":{"line":14,"column":23}},"loc":{"start":{"line":14,"column":89},"end":{"line":23,"column":1}},"line":14}},"branchMap":{"0":{"loc":{"start":{"line":14,"column":26},"end":{"line":14,"column":47}},"type":"default-arg","locations":[{"start":{"line":14,"column":34},"end":{"line":14,"column":47}}],"line":14},"1":{"loc":{"start":{"line":14,"column":49},"end":{"line":14,"column":71}},"type":"default-arg","locations":[{"start":{"line":14,"column":56},"end":{"line":14,"column":71}}],"line":14}},"s":{"0":0,"1":0},"f":{"0":0},"b":{"0":[0],"1":[0]}}
,"C:\\Users\\shubham\\Documents\\ReactNative\\Memora\\src\\components\\themed-text.tsx": {"path":"C:\\Users\\shubham\\Documents\\ReactNative\\Memora\\src\\components\\themed-text.tsx","statementMap":{"0":{"start":{"line":12,"column":16},"end":{"line":12,"column":26}},"1":{"start":{"line":14,"column":2},"end":{"line":30,"column":4}},"2":{"start":{"line":33,"column":15},"end":{"line":73,"column":2}}},"fnMap":{"0":{"name":"ThemedText","decl":{"start":{"line":11,"column":16},"end":{"line":11,"column":26}},"loc":{"start":{"line":11,"column":94},"end":{"line":31,"column":1}},"line":11}},"branchMap":{"0":{"loc":{"start":{"line":11,"column":36},"end":{"line":11,"column":52}},"type":"default-arg","locations":[{"start":{"line":11,"column":43},"end":{"line":11,"column":52}}],"line":11},"1":{"loc":{"start":{"line":17,"column":23},"end":{"line":17,"column":43}},"type":"binary-expr","locations":[{"start":{"line":17,"column":23},"end":{"line":17,"column":33}},{"start":{"line":17,"column":37},"end":{"line":17,"column":43}}],"line":17},"2":{"loc":{"start":{"line":18,"column":8},"end":{"line":18,"column":44}},"type":"binary-expr","locations":[{"start":{"line":18,"column":8},"end":{"line":18,"column":26}},{"start":{"line":18,"column":30},"end":{"line":18,"column":44}}],"line":18},"3":{"loc":{"start":{"line":19,"column":8},"end":{"line":19,"column":40}},"type":"binary-expr","locations":[{"start":{"line":19,"column":8},"end":{"line":19,"column":24}},{"start":{"line":19,"column":28},"end":{"line":19,"column":40}}],"line":19},"4":{"loc":{"start":{"line":20,"column":8},"end":{"line":20,"column":40}},"type":"binary-expr","locations":[{"start":{"line":20,"column":8},"end":{"line":20,"column":24}},{"start":{"line":20,"column":28},"end":{"line":20,"column":40}}],"line":20},"5":{"loc":{"start":{"line":21,"column":8},"end":{"line":21,"column":48}},"type":"binary-expr","locations":[{"start":{"line":21,"column":8},"end":{"line":21,"column":28}},{"start":{"line":21,"column":32},"end":{"line":21,"column":48}}],"line":21},"6":{"loc":{"start":{"line":22,"column":8},"end":{"line":22,"column":46}},"type":"binary-expr","locations":[{"start":{"line":22,"column":8},"end":{"line":22,"column":27}},{"start":{"line":22,"column":31},"end":{"line":22,"column":46}}],"line":22},"7":{"loc":{"start":{"line":23,"column":8},"end":{"line":23,"column":38}},"type":"binary-expr","locations":[{"start":{"line":23,"column":8},"end":{"line":23,"column":23}},{"start":{"line":23,"column":27},"end":{"line":23,"column":38}}],"line":23},"8":{"loc":{"start":{"line":24,"column":8},"end":{"line":24,"column":52}},"type":"binary-expr","locations":[{"start":{"line":24,"column":8},"end":{"line":24,"column":30}},{"start":{"line":24,"column":34},"end":{"line":24,"column":52}}],"line":24},"9":{"loc":{"start":{"line":25,"column":8},"end":{"line":25,"column":38}},"type":"binary-expr","locations":[{"start":{"line":25,"column":8},"end":{"line":25,"column":23}},{"start":{"line":25,"column":27},"end":{"line":25,"column":38}}],"line":25},"10":{"loc":{"start":{"line":70,"column":16},"end":{"line":70,"column":56}},"type":"binary-expr","locations":[{"start":{"line":70,"column":16},"end":{"line":70,"column":49}},{"start":{"line":70,"column":53},"end":{"line":70,"column":56}}],"line":70}},"s":{"0":0,"1":0,"2":0},"f":{"0":0},"b":{"0":[0],"1":[0,0],"2":[0,0],"3":[0,0],"4":[0,0],"5":[0,0],"6":[0,0],"7":[0,0],"8":[0,0],"9":[0,0],"10":[0,0]}}
,"C:\\Users\\shubham\\Documents\\ReactNative\\Memora\\src\\components\\themed-view.tsx": {"path":"C:\\Users\\shubham\\Documents\\ReactNative\\Memora\\src\\components\\themed-view.tsx","statementMap":{"0":{"start":{"line":13,"column":16},"end":{"line":13,"column":26}},"1":{"start":{"line":15,"column":2},"end":{"line":15,"column":100}}},"fnMap":{"0":{"name":"ThemedView","decl":{"start":{"line":12,"column":16},"end":{"line":12,"column":26}},"loc":{"start":{"line":12,"column":99},"end":{"line":16,"column":1}},"line":12}},"branchMap":{"0":{"loc":{"start":{"line":15,"column":48},"end":{"line":15,"column":68}},"type":"binary-expr","locations":[{"start":{"line":15,"column":48},"end":{"line":15,"column":52}},{"start":{"line":15,"column":56},"end":{"line":15,"column":68}}],"line":15}},"s":{"0":0,"1":0},"f":{"0":0},"b":{"0":[0,0]}}
,"C:\\Users\\shubham\\Documents\\ReactNative\\Memora\\src\\components\\web-badge.tsx": {"path":"C:\\Users\\shubham\\Documents\\ReactNative\\Memora\\src\\components\\web-badge.tsx","statementMap":{"0":{"start":{"line":11,"column":17},"end":{"line":11,"column":33}},"1":{"start":{"line":13,"column":2},"end":{"line":27,"column":4}},"2":{"start":{"line":30,"column":15},"end":{"line":43,"column":2}}},"fnMap":{"0":{"name":"WebBadge","decl":{"start":{"line":10,"column":16},"end":{"line":10,"column":24}},"loc":{"start":{"line":10,"column":27},"end":{"line":28,"column":1}},"line":10}},"branchMap":{"0":{"loc":{"start":{"line":20,"column":10},"end":{"line":22,"column":55}},"type":"cond-expr","locations":[{"start":{"line":21,"column":14},"end":{"line":21,"column":61}},{"start":{"line":22,"column":14},"end":{"line":22,"column":55}}],"line":20}},"s":{"0":0,"1":0,"2":0},"f":{"0":0},"b":{"0":[0,0]}}
,"C:\\Users\\shubham\\Documents\\ReactNative\\Memora\\src\\components\\ui\\collapsible.tsx": {"path":"C:\\Users\\shubham\\Documents\\ReactNative\\Memora\\src\\components\\ui\\collapsible.tsx","statementMap":{"0":{"start":{"line":12,"column":30},"end":{"line":12,"column":45}},"1":{"start":{"line":13,"column":16},"end":{"line":13,"column":26}},"2":{"start":{"line":15,"column":2},"end":{"line":40,"column":4}},"3":{"start":{"line":18,"column":32},"end":{"line":18,"column":82}},"4":{"start":{"line":19,"column":23},"end":{"line":19,"column":51}},"5":{"start":{"line":19,"column":44},"end":{"line":19,"column":50}},"6":{"start":{"line":43,"column":15},"end":{"line":65,"column":2}}},"fnMap":{"0":{"name":"Collapsible","decl":{"start":{"line":11,"column":16},"end":{"line":11,"column":27}},"loc":{"start":{"line":11,"column":88},"end":{"line":41,"column":1}},"line":11},"1":{"name":"(anonymous_1)","decl":{"start":{"line":18,"column":15},"end":{"line":18,"column":16}},"loc":{"start":{"line":18,"column":32},"end":{"line":18,"column":82}},"line":18},"2":{"name":"(anonymous_2)","decl":{"start":{"line":19,"column":17},"end":{"line":19,"column":18}},"loc":{"start":{"line":19,"column":23},"end":{"line":19,"column":51}},"line":19},"3":{"name":"(anonymous_3)","decl":{"start":{"line":19,"column":33},"end":{"line":19,"column":34}},"loc":{"start":{"line":19,"column":44},"end":{"line":19,"column":50}},"line":19}},"branchMap":{"0":{"loc":{"start":{"line":18,"column":49},"end":{"line":18,"column":81}},"type":"binary-expr","locations":[{"start":{"line":18,"column":49},"end":{"line":18,"column":56}},{"start":{"line":18,"column":60},"end":{"line":18,"column":81}}],"line":18},"1":{"loc":{"start":{"line":26,"column":43},"end":{"line":26,"column":70}},"type":"cond-expr","locations":[{"start":{"line":26,"column":52},"end":{"line":26,"column":60}},{"start":{"line":26,"column":63},"end":{"line":26,"column":70}}],"line":26},"2":{"loc":{"start":{"line":32,"column":7},"end":{"line":38,"column":7}},"type":"binary-expr","locations":[{"start":{"line":32,"column":7},"end":{"line":32,"column":13}},{"start":{"line":33,"column":8},"end":{"line":37,"column":24}}],"line":32}},"s":{"0":0,"1":0,"2":0,"3":0,"4":0,"5":0,"6":0},"f":{"0":0,"1":0,"2":0,"3":0},"b":{"0":[0,0],"1":[0,0],"2":[0,0]}}
,"C:\\Users\\shubham\\Documents\\ReactNative\\Memora\\src\\constants\\theme.ts": {"path":"C:\\Users\\shubham\\Documents\\ReactNative\\Memora\\src\\constants\\theme.ts","statementMap":{"0":{"start":{"line":10,"column":22},"end":{"line":25,"column":10}},"1":{"start":{"line":29,"column":21},"end":{"line":52,"column":2}},"2":{"start":{"line":54,"column":23},"end":{"line":62,"column":10}},"3":{"start":{"line":64,"column":30},"end":{"line":64,"column":76}},"4":{"start":{"line":65,"column":31},"end":{"line":65,"column":34}}},"fnMap":{},"branchMap":{"0":{"loc":{"start":{"line":64,"column":30},"end":{"line":64,"column":76}},"type":"binary-expr","locations":[{"start":{"line":64,"column":30},"end":{"line":64,"column":71}},{"start":{"line":64,"column":75},"end":{"line":64,"column":76}}],"line":64}},"s":{"0":0,"1":0,"2":0,"3":0,"4":0},"f":{},"b":{"0":[0,0]}}
,"C:\\Users\\shubham\\Documents\\ReactNative\\Memora\\src\\core\\config\\appConfig.ts": {"path":"C:\\Users\\shubham\\Documents\\ReactNative\\Memora\\src\\core\\config\\appConfig.ts","statementMap":{"0":{"start":{"line":3,"column":25},"end":{"line":27,"column":10}}},"fnMap":{},"branchMap":{},"s":{"0":0},"f":{},"b":{}}
,"C:\\Users\\shubham\\Documents\\ReactNative\\Memora\\src\\core\\config\\env.ts": {"path":"C:\\Users\\shubham\\Documents\\ReactNative\\Memora\\src\\core\\config\\env.ts","statementMap":{"0":{"start":{"line":3,"column":18},"end":{"line":15,"column":2}},"1":{"start":{"line":20,"column":19},"end":{"line":27,"column":2}}},"fnMap":{},"branchMap":{},"s":{"0":0,"1":0},"f":{},"b":{}}
,"C:\\Users\\shubham\\Documents\\ReactNative\\Memora\\src\\core\\errors\\AppError.ts": {"path":"C:\\Users\\shubham\\Documents\\ReactNative\\Memora\\src\\core\\errors\\AppError.ts","statementMap":{"0":{"start":{"line":21,"column":4},"end":{"line":21,"column":19}},"1":{"start":{"line":22,"column":4},"end":{"line":22,"column":27}},"2":{"start":{"line":23,"column":4},"end":{"line":23,"column":52}}},"fnMap":{"0":{"name":"(anonymous_0)","decl":{"start":{"line":15,"column":2},"end":{"line":15,"column":3}},"loc":{"start":{"line":20,"column":4},"end":{"line":24,"column":3}},"line":20}},"branchMap":{},"s":{"0":0,"1":0,"2":0},"f":{"0":0},"b":{}}
,"C:\\Users\\shubham\\Documents\\ReactNative\\Memora\\src\\core\\logging\\Logger.ts": {"path":"C:\\Users\\shubham\\Documents\\ReactNative\\Memora\\src\\core\\logging\\Logger.ts","statementMap":{"0":{"start":{"line":5,"column":45},"end":{"line":10,"column":1}},"1":{"start":{"line":16,"column":4},"end":{"line":16,"column":53}},"2":{"start":{"line":20,"column":4},"end":{"line":24,"column":5}},"3":{"start":{"line":21,"column":24},"end":{"line":21,"column":48}},"4":{"start":{"line":22,"column":28},"end":{"line":22,"column":63}},"5":{"start":{"line":22,"column":44},"end":{"line":22,"column":62}},"6":{"start":{"line":23,"column":6},"end":{"line":23,"column":93}},"7":{"start":{"line":28,"column":4},"end":{"line":28,"column":63}},"8":{"start":{"line":28,"column":51},"end":{"line":28,"column":63}},"9":{"start":{"line":31,"column":23},"end":{"line":31,"column":69}},"10":{"start":{"line":32,"column":22},"end":{"line":32,"column":33}},"11":{"start":{"line":34,"column":4},"end":{"line":40,"column":7}},"12":{"start":{"line":35,"column":6},"end":{"line":39,"column":7}},"13":{"start":{"line":35,"column":31},"end":{"line":35,"column":60}},"14":{"start":{"line":36,"column":8},"end":{"line":36,"column":38}},"15":{"start":{"line":37,"column":13},"end":{"line":39,"column":7}},"16":{"start":{"line":38,"column":8},"end":{"line":38,"column":55}},"17":{"start":{"line":42,"column":4},"end":{"line":42,"column":21}},"18":{"start":{"line":46,"column":4},"end":{"line":46,"column":40}},"19":{"start":{"line":50,"column":4},"end":{"line":50,"column":39}},"20":{"start":{"line":54,"column":4},"end":{"line":54,"column":39}},"21":{"start":{"line":58,"column":4},"end":{"line":58,"column":40}},"22":{"start":{"line":62,"column":22},"end":{"line":62,"column":34}}},"fnMap":{"0":{"name":"(anonymous_0)","decl":{"start":{"line":15,"column":2},"end":{"line":15,"column":3}},"loc":{"start":{"line":15,"column":16},"end":{"line":17,"column":3}},"line":15},"1":{"name":"(anonymous_1)","decl":{"start":{"line":19,"column":2},"end":{"line":19,"column":3}},"loc":{"start":{"line":19,"column":64},"end":{"line":25,"column":3}},"line":19},"2":{"name":"(anonymous_2)","decl":{"start":{"line":22,"column":37},"end":{"line":22,"column":38}},"loc":{"start":{"line":22,"column":44},"end":{"line":22,"column":62}},"line":22},"3":{"name":"(anonymous_3)","decl":{"start":{"line":27,"column":2},"end":{"line":27,"column":3}},"loc":{"start":{"line":27,"column":35},"end":{"line":43,"column":3}},"line":27},"4":{"name":"(anonymous_4)","decl":{"start":{"line":34,"column":35},"end":{"line":34,"column":36}},"loc":{"start":{"line":34,"column":42},"end":{"line":40,"column":5}},"line":34},"5":{"name":"(anonymous_5)","decl":{"start":{"line":35,"column":26},"end":{"line":35,"column":27}},"loc":{"start":{"line":35,"column":31},"end":{"line":35,"column":60}},"line":35},"6":{"name":"(anonymous_6)","decl":{"start":{"line":45,"column":2},"end":{"line":45,"column":3}},"loc":{"start":{"line":45,"column":41},"end":{"line":47,"column":3}},"line":45},"7":{"name":"(anonymous_7)","decl":{"start":{"line":49,"column":2},"end":{"line":49,"column":3}},"loc":{"start":{"line":49,"column":40},"end":{"line":51,"column":3}},"line":49},"8":{"name":"(anonymous_8)","decl":{"start":{"line":53,"column":2},"end":{"line":53,"column":3}},"loc":{"start":{"line":53,"column":40},"end":{"line":55,"column":3}},"line":53},"9":{"name":"(anonymous_9)","decl":{"start":{"line":57,"column":2},"end":{"line":57,"column":3}},"loc":{"start":{"line":57,"column":41},"end":{"line":59,"column":3}},"line":57}},"branchMap":{"0":{"loc":{"start":{"line":20,"column":4},"end":{"line":24,"column":5}},"type":"if","locations":[{"start":{"line":20,"column":4},"end":{"line":24,"column":5}},{"start":{},"end":{}}],"line":20},"1":{"loc":{"start":{"line":28,"column":4},"end":{"line":28,"column":63}},"type":"if","locations":[{"start":{"line":28,"column":4},"end":{"line":28,"column":63}},{"start":{},"end":{}}],"line":28},"2":{"loc":{"start":{"line":28,"column":8},"end":{"line":28,"column":49}},"type":"binary-expr","locations":[{"start":{"line":28,"column":8},"end":{"line":28,"column":32}},{"start":{"line":28,"column":36},"end":{"line":28,"column":49}}],"line":28},"3":{"loc":{"start":{"line":35,"column":6},"end":{"line":39,"column":7}},"type":"if","locations":[{"start":{"line":35,"column":6},"end":{"line":39,"column":7}},{"start":{"line":37,"column":13},"end":{"line":39,"column":7}}],"line":35},"4":{"loc":{"start":{"line":37,"column":13},"end":{"line":39,"column":7}},"type":"if","locations":[{"start":{"line":37,"column":13},"end":{"line":39,"column":7}},{"start":{},"end":{}}],"line":37}},"s":{"0":0,"1":0,"2":0,"3":0,"4":0,"5":0,"6":0,"7":0,"8":0,"9":0,"10":0,"11":0,"12":0,"13":0,"14":0,"15":0,"16":0,"17":0,"18":0,"19":0,"20":0,"21":0,"22":0},"f":{"0":0,"1":0,"2":0,"3":0,"4":0,"5":0,"6":0,"7":0,"8":0,"9":0},"b":{"0":[0,0],"1":[0,0],"2":[0,0],"3":[0,0],"4":[0,0]}}
,"C:\\Users\\shubham\\Documents\\ReactNative\\Memora\\src\\core\\utils\\Result.ts": {"path":"C:\\Users\\shubham\\Documents\\ReactNative\\Memora\\src\\core\\utils\\Result.ts","statementMap":{"0":{"start":{"line":7,"column":18},"end":{"line":10,"column":2}},"1":{"start":{"line":7,"column":53},"end":{"line":10,"column":1}},"2":{"start":{"line":12,"column":20},"end":{"line":15,"column":2}},"3":{"start":{"line":12,"column":56},"end":{"line":15,"column":1}}},"fnMap":{"0":{"name":"(anonymous_0)","decl":{"start":{"line":7,"column":18},"end":{"line":7,"column":19}},"loc":{"start":{"line":7,"column":53},"end":{"line":10,"column":1}},"line":7},"1":{"name":"(anonymous_1)","decl":{"start":{"line":12,"column":20},"end":{"line":12,"column":21}},"loc":{"start":{"line":12,"column":56},"end":{"line":15,"column":1}},"line":12}},"branchMap":{},"s":{"0":0,"1":0,"2":0,"3":0},"f":{"0":0,"1":0},"b":{}}
,"C:\\Users\\shubham\\Documents\\ReactNative\\Memora\\src\\design\\components\\Button.tsx": {"path":"C:\\Users\\shubham\\Documents\\ReactNative\\Memora\\src\\design\\components\\Button.tsx","statementMap":{"0":{"start":{"line":27,"column":45},"end":{"line":90,"column":1}},"1":{"start":{"line":36,"column":17},"end":{"line":36,"column":22}},"2":{"start":{"line":37,"column":22},"end":{"line":37,"column":57}},"3":{"start":{"line":39,"column":27},"end":{"line":66,"column":3}},"4":{"start":{"line":40,"column":4},"end":{"line":65,"column":5}},"5":{"start":{"line":42,"column":8},"end":{"line":45,"column":10}},"6":{"start":{"line":47,"column":8},"end":{"line":54,"column":10}},"7":{"start":{"line":56,"column":8},"end":{"line":59,"column":10}},"8":{"start":{"line":61,"column":8},"end":{"line":64,"column":10}},"9":{"start":{"line":68,"column":24},"end":{"line":68,"column":42}},"10":{"start":{"line":70,"column":2},"end":{"line":89,"column":4}},"11":{"start":{"line":92,"column":15},"end":{"line":108,"column":2}}},"fnMap":{"0":{"name":"(anonymous_0)","decl":{"start":{"line":27,"column":45},"end":{"line":27,"column":46}},"loc":{"start":{"line":35,"column":6},"end":{"line":90,"column":1}},"line":35},"1":{"name":"(anonymous_1)","decl":{"start":{"line":39,"column":27},"end":{"line":39,"column":28}},"loc":{"start":{"line":39,"column":33},"end":{"line":66,"column":3}},"line":39}},"branchMap":{"0":{"loc":{"start":{"line":30,"column":2},"end":{"line":30,"column":21}},"type":"default-arg","locations":[{"start":{"line":30,"column":12},"end":{"line":30,"column":21}}],"line":30},"1":{"loc":{"start":{"line":31,"column":2},"end":{"line":31,"column":17}},"type":"default-arg","locations":[{"start":{"line":31,"column":12},"end":{"line":31,"column":17}}],"line":31},"2":{"loc":{"start":{"line":32,"column":2},"end":{"line":32,"column":18}},"type":"default-arg","locations":[{"start":{"line":32,"column":13},"end":{"line":32,"column":18}}],"line":32},"3":{"loc":{"start":{"line":37,"column":22},"end":{"line":37,"column":57}},"type":"cond-expr","locations":[{"start":{"line":37,"column":31},"end":{"line":37,"column":42}},{"start":{"line":37,"column":45},"end":{"line":37,"column":57}}],"line":37},"4":{"loc":{"start":{"line":40,"column":4},"end":{"line":65,"column":5}},"type":"switch","locations":[{"start":{"line":41,"column":6},"end":{"line":45,"column":10}},{"start":{"line":46,"column":6},"end":{"line":54,"column":10}},{"start":{"line":55,"column":6},"end":{"line":59,"column":10}},{"start":{"line":60,"column":6},"end":{"line":64,"column":10}}],"line":40},"5":{"loc":{"start":{"line":73,"column":16},"end":{"line":73,"column":35}},"type":"binary-expr","locations":[{"start":{"line":73,"column":16},"end":{"line":73,"column":24}},{"start":{"line":73,"column":28},"end":{"line":73,"column":35}}],"line":73},"6":{"loc":{"start":{"line":77,"column":8},"end":{"line":77,"column":35}},"type":"binary-expr","locations":[{"start":{"line":77,"column":8},"end":{"line":77,"column":16}},{"start":{"line":77,"column":20},"end":{"line":77,"column":35}}],"line":77},"7":{"loc":{"start":{"line":83,"column":7},"end":{"line":87,"column":7}},"type":"cond-expr","locations":[{"start":{"line":84,"column":8},"end":{"line":84,"column":86}},{"start":{"line":86,"column":8},"end":{"line":86,"column":81}}],"line":83}},"s":{"0":0,"1":0,"2":0,"3":0,"4":0,"5":0,"6":0,"7":0,"8":0,"9":0,"10":0,"11":0},"f":{"0":0,"1":0},"b":{"0":[0],"1":[0],"2":[0],"3":[0,0],"4":[0,0,0,0],"5":[0,0],"6":[0,0],"7":[0,0]}}
,"C:\\Users\\shubham\\Documents\\ReactNative\\Memora\\src\\design\\components\\Icon.tsx": {"path":"C:\\Users\\shubham\\Documents\\ReactNative\\Memora\\src\\design\\components\\Icon.tsx","statementMap":{"0":{"start":{"line":13,"column":41},"end":{"line":19,"column":1}},"1":{"start":{"line":18,"column":2},"end":{"line":18,"column":74}}},"fnMap":{"0":{"name":"(anonymous_0)","decl":{"start":{"line":13,"column":41},"end":{"line":13,"column":42}},"loc":{"start":{"line":17,"column":6},"end":{"line":19,"column":1}},"line":17}},"branchMap":{"0":{"loc":{"start":{"line":15,"column":2},"end":{"line":15,"column":11}},"type":"default-arg","locations":[{"start":{"line":15,"column":9},"end":{"line":15,"column":11}}],"line":15},"1":{"loc":{"start":{"line":16,"column":2},"end":{"line":16,"column":27}},"type":"default-arg","locations":[{"start":{"line":16,"column":10},"end":{"line":16,"column":27}}],"line":16}},"s":{"0":0,"1":0},"f":{"0":0},"b":{"0":[0],"1":[0]}}
,"C:\\Users\\shubham\\Documents\\ReactNative\\Memora\\src\\design\\theme\\colors.ts": {"path":"C:\\Users\\shubham\\Documents\\ReactNative\\Memora\\src\\design\\theme\\colors.ts","statementMap":{"0":{"start":{"line":1,"column":22},"end":{"line":35,"column":1}}},"fnMap":{},"branchMap":{},"s":{"0":0},"f":{},"b":{}}
,"C:\\Users\\shubham\\Documents\\ReactNative\\Memora\\src\\design\\theme\\spacing.ts": {"path":"C:\\Users\\shubham\\Documents\\ReactNative\\Memora\\src\\design\\theme\\spacing.ts","statementMap":{"0":{"start":{"line":1,"column":23},"end":{"line":11,"column":1}}},"fnMap":{},"branchMap":{},"s":{"0":0},"f":{},"b":{}}
,"C:\\Users\\shubham\\Documents\\ReactNative\\Memora\\src\\design\\theme\\tokens.ts": {"path":"C:\\Users\\shubham\\Documents\\ReactNative\\Memora\\src\\design\\theme\\tokens.ts","statementMap":{"0":{"start":{"line":1,"column":28},"end":{"line":9,"column":1}},"1":{"start":{"line":11,"column":23},"end":{"line":40,"column":1}}},"fnMap":{},"branchMap":{},"s":{"0":0,"1":0},"f":{},"b":{}}
,"C:\\Users\\shubham\\Documents\\ReactNative\\Memora\\src\\design\\theme\\typography.ts": {"path":"C:\\Users\\shubham\\Documents\\ReactNative\\Memora\\src\\design\\theme\\typography.ts","statementMap":{"0":{"start":{"line":3,"column":26},"end":{"line":36,"column":1}}},"fnMap":{},"branchMap":{},"s":{"0":0},"f":{},"b":{}}
,"C:\\Users\\shubham\\Documents\\ReactNative\\Memora\\src\\hooks\\use-color-scheme.ts": {"path":"C:\\Users\\shubham\\Documents\\ReactNative\\Memora\\src\\hooks\\use-color-scheme.ts","statementMap":{},"fnMap":{},"branchMap":{},"s":{},"f":{},"b":{}}
,"C:\\Users\\shubham\\Documents\\ReactNative\\Memora\\src\\hooks\\use-color-scheme.web.ts": {"path":"C:\\Users\\shubham\\Documents\\ReactNative\\Memora\\src\\hooks\\use-color-scheme.web.ts","statementMap":{"0":{"start":{"line":8,"column":40},"end":{"line":8,"column":55}},"1":{"start":{"line":10,"column":2},"end":{"line":12,"column":9}},"2":{"start":{"line":11,"column":4},"end":{"line":11,"column":25}},"3":{"start":{"line":14,"column":22},"end":{"line":14,"column":40}},"4":{"start":{"line":16,"column":2},"end":{"line":18,"column":3}},"5":{"start":{"line":17,"column":4},"end":{"line":17,"column":23}},"6":{"start":{"line":20,"column":2},"end":{"line":20,"column":17}}},"fnMap":{"0":{"name":"useColorScheme","decl":{"start":{"line":7,"column":16},"end":{"line":7,"column":30}},"loc":{"start":{"line":7,"column":33},"end":{"line":21,"column":1}},"line":7},"1":{"name":"(anonymous_1)","decl":{"start":{"line":10,"column":12},"end":{"line":10,"column":13}},"loc":{"start":{"line":10,"column":18},"end":{"line":12,"column":3}},"line":10}},"branchMap":{"0":{"loc":{"start":{"line":16,"column":2},"end":{"line":18,"column":3}},"type":"if","locations":[{"start":{"line":16,"column":2},"end":{"line":18,"column":3}},{"start":{},"end":{}}],"line":16}},"s":{"0":0,"1":0,"2":0,"3":0,"4":0,"5":0,"6":0},"f":{"0":0,"1":0},"b":{"0":[0,0]}}
,"C:\\Users\\shubham\\Documents\\ReactNative\\Memora\\src\\hooks\\use-theme.ts": {"path":"C:\\Users\\shubham\\Documents\\ReactNative\\Memora\\src\\hooks\\use-theme.ts","statementMap":{"0":{"start":{"line":10,"column":17},"end":{"line":10,"column":33}},"1":{"start":{"line":11,"column":16},"end":{"line":11,"column":59}},"2":{"start":{"line":13,"column":2},"end":{"line":13,"column":23}}},"fnMap":{"0":{"name":"useTheme","decl":{"start":{"line":9,"column":16},"end":{"line":9,"column":24}},"loc":{"start":{"line":9,"column":27},"end":{"line":14,"column":1}},"line":9}},"branchMap":{"0":{"loc":{"start":{"line":11,"column":16},"end":{"line":11,"column":59}},"type":"cond-expr","locations":[{"start":{"line":11,"column":43},"end":{"line":11,"column":50}},{"start":{"line":11,"column":53},"end":{"line":11,"column":59}}],"line":11}},"s":{"0":0,"1":0,"2":0},"f":{"0":0},"b":{"0":[0,0]}}
,"C:\\Users\\shubham\\Documents\\ReactNative\\Memora\\src\\shared\\utils\\date.ts": {"path":"C:\\Users\\shubham\\Documents\\ReactNative\\Memora\\src\\shared\\utils\\date.ts","statementMap":{"0":{"start":{"line":1,"column":25},"end":{"line":3,"column":1}},"1":{"start":{"line":2,"column":2},"end":{"line":2,"column":28}},"2":{"start":{"line":5,"column":24},"end":{"line":7,"column":1}},"3":{"start":{"line":6,"column":2},"end":{"line":6,"column":29}},"4":{"start":{"line":9,"column":24},"end":{"line":12,"column":1}},"5":{"start":{"line":10,"column":15},"end":{"line":10,"column":42}},"6":{"start":{"line":11,"column":2},"end":{"line":11,"column":43}}},"fnMap":{"0":{"name":"(anonymous_0)","decl":{"start":{"line":1,"column":25},"end":{"line":1,"column":26}},"loc":{"start":{"line":1,"column":62},"end":{"line":3,"column":1}},"line":1},"1":{"name":"(anonymous_1)","decl":{"start":{"line":5,"column":24},"end":{"line":5,"column":25}},"loc":{"start":{"line":5,"column":53},"end":{"line":7,"column":1}},"line":5},"2":{"name":"(anonymous_2)","decl":{"start":{"line":9,"column":24},"end":{"line":9,"column":25}},"loc":{"start":{"line":9,"column":67},"end":{"line":12,"column":1}},"line":9}},"branchMap":{"0":{"loc":{"start":{"line":1,"column":26},"end":{"line":1,"column":49}},"type":"default-arg","locations":[{"start":{"line":1,"column":39},"end":{"line":1,"column":49}}],"line":1},"1":{"loc":{"start":{"line":9,"column":37},"end":{"line":9,"column":53}},"type":"default-arg","locations":[{"start":{"line":9,"column":52},"end":{"line":9,"column":53}}],"line":9}},"s":{"0":0,"1":0,"2":0,"3":0,"4":0,"5":0,"6":0},"f":{"0":0,"1":0,"2":0},"b":{"0":[0],"1":[0]}}
,"C:\\Users\\shubham\\Documents\\ReactNative\\Memora\\src\\shared\\utils\\id.ts": {"path":"C:\\Users\\shubham\\Documents\\ReactNative\\Memora\\src\\shared\\utils\\id.ts","statementMap":{"0":{"start":{"line":6,"column":26},"end":{"line":9,"column":1}},"1":{"start":{"line":7,"column":2},"end":{"line":8,"column":53}}},"fnMap":{"0":{"name":"(anonymous_0)","decl":{"start":{"line":6,"column":26},"end":{"line":6,"column":27}},"loc":{"start":{"line":6,"column":40},"end":{"line":9,"column":1}},"line":6}},"branchMap":{},"s":{"0":0,"1":0},"f":{"0":0},"b":{}}
,"C:\\Users\\shubham\\Documents\\ReactNative\\Memora\\src\\testing\\test-utils.tsx": {"path":"C:\\Users\\shubham\\Documents\\ReactNative\\Memora\\src\\testing\\test-utils.tsx","statementMap":{"0":{"start":{"line":5,"column":24},"end":{"line":11,"column":1}},"1":{"start":{"line":6,"column":2},"end":{"line":10,"column":4}},"2":{"start":{"line":13,"column":21},"end":{"line":16,"column":57}},"3":{"start":{"line":16,"column":5},"end":{"line":16,"column":57}}},"fnMap":{"0":{"name":"(anonymous_0)","decl":{"start":{"line":5,"column":24},"end":{"line":5,"column":25}},"loc":{"start":{"line":5,"column":73},"end":{"line":11,"column":1}},"line":5},"1":{"name":"(anonymous_1)","decl":{"start":{"line":13,"column":21},"end":{"line":13,"column":22}},"loc":{"start":{"line":16,"column":5},"end":{"line":16,"column":57}},"line":16}},"branchMap":{},"s":{"0":0,"1":0,"2":0,"3":0},"f":{"0":0,"1":0},"b":{}}
}
