{"C:\\Users\\shubham\\Documents\\ReactNative\\Memora\\src\\ai\\AIModelManager.ts": {"path":"C:\\Users\\shubham\\Documents\\ReactNative\\Memora\\src\\ai\\AIModelManager.ts","statementMap":{"0":{"start":{"line":22,"column":31},"end":{"line":57,"column":3}},"1":{"start":{"line":22,"column":67},"end":{"line":57,"column":1}},"2":{"start":{"line":29,"column":4},"end":{"line":29,"column":36}},"3":{"start":{"line":33,"column":4},"end":{"line":33,"column":46}},"4":{"start":{"line":33,"column":39},"end":{"line":33,"column":46}},"5":{"start":{"line":35,"column":4},"end":{"line":35,"column":60}},"6":{"start":{"line":37,"column":4},"end":{"line":51,"column":5}},"7":{"start":{"line":38,"column":6},"end":{"line":38,"column":48}},"8":{"start":{"line":41,"column":6},"end":{"line":44,"column":7}},"9":{"start":{"line":41,"column":19},"end":{"line":41,"column":20}},"10":{"start":{"line":42,"column":8},"end":{"line":42,"column":68}},"11":{"start":{"line":42,"column":31},"end":{"line":42,"column":66}},"12":{"start":{"line":42,"column":48},"end":{"line":42,"column":60}},"13":{"start":{"line":43,"column":8},"end":{"line":43,"column":34}},"14":{"start":{"line":46,"column":6},"end":{"line":46,"column":43}},"15":{"start":{"line":47,"column":6},"end":{"line":47,"column":45}},"16":{"start":{"line":49,"column":6},"end":{"line":49,"column":51}},"17":{"start":{"line":50,"column":6},"end":{"line":50,"column":49}},"18":{"start":{"line":55,"column":4},"end":{"line":55,"column":49}}},"fnMap":{"0":{"name":"(anonymous_0)","decl":{"start":{"line":22,"column":52},"end":{"line":22,"column":53}},"loc":{"start":{"line":22,"column":67},"end":{"line":57,"column":1}},"line":22},"1":{"name":"(anonymous_1)","decl":{"start":{"line":27,"column":15},"end":{"line":27,"column":16}},"loc":{"start":{"line":27,"column":27},"end":{"line":30,"column":3}},"line":27},"2":{"name":"(anonymous_2)","decl":{"start":{"line":32,"column":17},"end":{"line":32,"column":18}},"loc":{"start":{"line":32,"column":29},"end":{"line":52,"column":3}},"line":32},"3":{"name":"(anonymous_3)","decl":{"start":{"line":42,"column":26},"end":{"line":42,"column":27}},"loc":{"start":{"line":42,"column":31},"end":{"line":42,"column":66}},"line":42},"4":{"name":"(anonymous_4)","decl":{"start":{"line":42,"column":42},"end":{"line":42,"column":43}},"loc":{"start":{"line":42,"column":48},"end":{"line":42,"column":60}},"line":42},"5":{"name":"(anonymous_5)","decl":{"start":{"line":54,"column":15},"end":{"line":54,"column":16}},"loc":{"start":{"line":54,"column":27},"end":{"line":56,"column":3}},"line":54}},"branchMap":{"0":{"loc":{"start":{"line":33,"column":4},"end":{"line":33,"column":46}},"type":"if","locations":[{"start":{"line":33,"column":4},"end":{"line":33,"column":46}},{"start":{},"end":{}}],"line":33}},"s":{"0":2,"1":2,"2":2,"3":2,"4":1,"5":1,"6":1,"7":1,"8":1,"9":1,"10":11,"11":11,"12":11,"13":11,"14":1,"15":1,"16":0,"17":0,"18":1},"f":{"0":2,"1":2,"2":2,"3":11,"4":11,"5":1},"b":{"0":[1,1]},"_coverageSchema":"1a1c01bbd47fc00a2c39e90264f33305004495a9","hash":"6aa857296ce04382f300e49f6c34a154e83f085b"}
,"C:\\Users\\shubham\\Documents\\ReactNative\\Memora\\src\\ai\\AIProviderFactory.ts": {"path":"C:\\Users\\shubham\\Documents\\ReactNative\\Memora\\src\\ai\\AIProviderFactory.ts","statementMap":{"0":{"start":{"line":6,"column":22},"end":{"line":6,"column":45}},"1":{"start":{"line":7,"column":22},"end":{"line":7,"column":43}},"2":{"start":{"line":9,"column":29},"end":{"line":12,"column":1}},"3":{"start":{"line":10,"column":28},"end":{"line":10,"column":55}},"4":{"start":{"line":11,"column":2},"end":{"line":11,"column":67}}},"fnMap":{"0":{"name":"(anonymous_0)","decl":{"start":{"line":9,"column":29},"end":{"line":9,"column":30}},"loc":{"start":{"line":9,"column":48},"end":{"line":12,"column":1}},"line":9}},"branchMap":{"0":{"loc":{"start":{"line":11,"column":9},"end":{"line":11,"column":66}},"type":"cond-expr","locations":[{"start":{"line":11,"column":37},"end":{"line":11,"column":50}},{"start":{"line":11,"column":53},"end":{"line":11,"column":66}}],"line":11}},"s":{"0":1,"1":1,"2":1,"3":0,"4":0},"f":{"0":0},"b":{"0":[0,0]},"_coverageSchema":"1a1c01bbd47fc00a2c39e90264f33305004495a9","hash":"57765aa0dc9ba2eff99d1cdf578d6f2ce74c8975"}
,"C:\\Users\\shubham\\Documents\\ReactNative\\Memora\\src\\ai\\adapters\\LocalAIProvider.ts": {"path":"C:\\Users\\shubham\\Documents\\ReactNative\\Memora\\src\\ai\\adapters\\LocalAIProvider.ts","statementMap":{"0":{"start":{"line":8,"column":4},"end":{"line":17,"column":5}},"1":{"start":{"line":9,"column":22},"end":{"line":9,"column":59}},"2":{"start":{"line":10,"column":6},"end":{"line":12,"column":7}},"3":{"start":{"line":11,"column":8},"end":{"line":11,"column":77}},"4":{"start":{"line":13,"column":6},"end":{"line":13,"column":54}},"5":{"start":{"line":15,"column":6},"end":{"line":15,"column":54}},"6":{"start":{"line":16,"column":6},"end":{"line":16,"column":18}},"7":{"start":{"line":21,"column":4},"end":{"line":30,"column":5}},"8":{"start":{"line":22,"column":22},"end":{"line":22,"column":59}},"9":{"start":{"line":23,"column":6},"end":{"line":25,"column":7}},"10":{"start":{"line":24,"column":8},"end":{"line":24,"column":54}},"11":{"start":{"line":26,"column":6},"end":{"line":26,"column":62}},"12":{"start":{"line":28,"column":6},"end":{"line":28,"column":61}},"13":{"start":{"line":29,"column":6},"end":{"line":29,"column":18}}},"fnMap":{"0":{"name":"(anonymous_0)","decl":{"start":{"line":7,"column":2},"end":{"line":7,"column":3}},"loc":{"start":{"line":7,"column":58},"end":{"line":18,"column":3}},"line":7},"1":{"name":"(anonymous_1)","decl":{"start":{"line":20,"column":2},"end":{"line":20,"column":3}},"loc":{"start":{"line":20,"column":99},"end":{"line":31,"column":3}},"line":20}},"branchMap":{"0":{"loc":{"start":{"line":10,"column":6},"end":{"line":12,"column":7}},"type":"if","locations":[{"start":{"line":10,"column":6},"end":{"line":12,"column":7}},{"start":{},"end":{}}],"line":10},"1":{"loc":{"start":{"line":23,"column":6},"end":{"line":25,"column":7}},"type":"if","locations":[{"start":{"line":23,"column":6},"end":{"line":25,"column":7}},{"start":{},"end":{}}],"line":23}},"s":{"0":2,"1":2,"2":2,"3":1,"4":1,"5":1,"6":1,"7":2,"8":2,"9":2,"10":1,"11":1,"12":1,"13":1},"f":{"0":2,"1":2},"b":{"0":[1,1],"1":[1,1]},"_coverageSchema":"1a1c01bbd47fc00a2c39e90264f33305004495a9","hash":"33d26124b27533f6d1be051083a162f348d7f502"}
,"C:\\Users\\shubham\\Documents\\ReactNative\\Memora\\src\\ai\\adapters\\OpenRouterAdapter.ts": {"path":"C:\\Users\\shubham\\Documents\\ReactNative\\Memora\\src\\ai\\adapters\\OpenRouterAdapter.ts","statementMap":{"0":{"start":{"line":10,"column":4},"end":{"line":10,"column":49}},"1":{"start":{"line":14,"column":4},"end":{"line":16,"column":5}},"2":{"start":{"line":15,"column":6},"end":{"line":15,"column":81}},"3":{"start":{"line":18,"column":21},"end":{"line":32,"column":6}},"4":{"start":{"line":34,"column":4},"end":{"line":36,"column":5}},"5":{"start":{"line":35,"column":6},"end":{"line":35,"column":77}},"6":{"start":{"line":38,"column":17},"end":{"line":38,"column":38}},"7":{"start":{"line":39,"column":4},"end":{"line":45,"column":6}},"8":{"start":{"line":51,"column":21},"end":{"line":51,"column":49}},"9":{"start":{"line":52,"column":4},"end":{"line":52,"column":52}}},"fnMap":{"0":{"name":"(anonymous_0)","decl":{"start":{"line":9,"column":2},"end":{"line":9,"column":3}},"loc":{"start":{"line":9,"column":16},"end":{"line":11,"column":3}},"line":9},"1":{"name":"(anonymous_1)","decl":{"start":{"line":13,"column":2},"end":{"line":13,"column":3}},"loc":{"start":{"line":13,"column":58},"end":{"line":46,"column":3}},"line":13},"2":{"name":"(anonymous_2)","decl":{"start":{"line":48,"column":2},"end":{"line":48,"column":3}},"loc":{"start":{"line":48,"column":99},"end":{"line":53,"column":3}},"line":48}},"branchMap":{"0":{"loc":{"start":{"line":14,"column":4},"end":{"line":16,"column":5}},"type":"if","locations":[{"start":{"line":14,"column":4},"end":{"line":16,"column":5}},{"start":{},"end":{}}],"line":14},"1":{"loc":{"start":{"line":34,"column":4},"end":{"line":36,"column":5}},"type":"if","locations":[{"start":{"line":34,"column":4},"end":{"line":36,"column":5}},{"start":{},"end":{}}],"line":34}},"s":{"0":6,"1":4,"2":2,"3":2,"4":2,"5":1,"6":1,"7":1,"8":1,"9":1},"f":{"0":6,"1":4,"2":1},"b":{"0":[2,2],"1":[1,1]},"_coverageSchema":"1a1c01bbd47fc00a2c39e90264f33305004495a9","hash":"b6286cfae720fa0fdc48ad9a09e2936f42f67594"}
,"C:\\Users\\shubham\\Documents\\ReactNative\\Memora\\src\\app\\index.tsx": {"path":"C:\\Users\\shubham\\Documents\\ReactNative\\Memora\\src\\app\\index.tsx","statementMap":{"0":{"start":{"line":7,"column":28},"end":{"line":7,"column":46}},"1":{"start":{"line":8,"column":33},"end":{"line":8,"column":50}},"2":{"start":{"line":9,"column":32},"end":{"line":9,"column":47}},"3":{"start":{"line":11,"column":2},"end":{"line":13,"column":20}},"4":{"start":{"line":12,"column":4},"end":{"line":12,"column":47}},"5":{"start":{"line":12,"column":29},"end":{"line":12,"column":45}},"6":{"start":{"line":15,"column":2},"end":{"line":15,"column":28}},"7":{"start":{"line":15,"column":16},"end":{"line":15,"column":28}},"8":{"start":{"line":18,"column":26},"end":{"line":18,"column":30}},"9":{"start":{"line":20,"column":2},"end":{"line":22,"column":3}},"10":{"start":{"line":21,"column":4},"end":{"line":21,"column":45}},"11":{"start":{"line":25,"column":2},"end":{"line":27,"column":3}},"12":{"start":{"line":26,"column":4},"end":{"line":26,"column":41}},"13":{"start":{"line":29,"column":2},"end":{"line":29,"column":37}}},"fnMap":{"0":{"name":"Index","decl":{"start":{"line":6,"column":24},"end":{"line":6,"column":29}},"loc":{"start":{"line":6,"column":32},"end":{"line":30,"column":1}},"line":6},"1":{"name":"(anonymous_1)","decl":{"start":{"line":11,"column":12},"end":{"line":11,"column":13}},"loc":{"start":{"line":11,"column":18},"end":{"line":13,"column":3}},"line":11},"2":{"name":"(anonymous_2)","decl":{"start":{"line":12,"column":23},"end":{"line":12,"column":24}},"loc":{"start":{"line":12,"column":29},"end":{"line":12,"column":45}},"line":12}},"branchMap":{"0":{"loc":{"start":{"line":15,"column":2},"end":{"line":15,"column":28}},"type":"if","locations":[{"start":{"line":15,"column":2},"end":{"line":15,"column":28}},{"start":{},"end":{}}],"line":15},"1":{"loc":{"start":{"line":20,"column":2},"end":{"line":22,"column":3}},"type":"if","locations":[{"start":{"line":20,"column":2},"end":{"line":22,"column":3}},{"start":{},"end":{}}],"line":20},"2":{"loc":{"start":{"line":25,"column":2},"end":{"line":27,"column":3}},"type":"if","locations":[{"start":{"line":25,"column":2},"end":{"line":27,"column":3}},{"start":{},"end":{}}],"line":25},"3":{"loc":{"start":{"line":25,"column":6},"end":{"line":25,"column":60}},"type":"binary-expr","locations":[{"start":{"line":25,"column":6},"end":{"line":25,"column":31}},{"start":{"line":25,"column":35},"end":{"line":25,"column":60}}],"line":25}},"s":{"0":5,"1":5,"2":5,"3":5,"4":2,"5":2,"6":5,"7":3,"8":2,"9":2,"10":0,"11":2,"12":1,"13":1},"f":{"0":5,"1":2,"2":2},"b":{"0":[3,2],"1":[0,2],"2":[1,1],"3":[2,2]},"_coverageSchema":"1a1c01bbd47fc00a2c39e90264f33305004495a9","hash":"81ee560dd729695e8946440c49316b7e3f9ad21b"}
,"C:\\Users\\shubham\\Documents\\ReactNative\\Memora\\src\\core\\config\\appConfig.ts": {"path":"C:\\Users\\shubham\\Documents\\ReactNative\\Memora\\src\\core\\config\\appConfig.ts","statementMap":{"0":{"start":{"line":3,"column":25},"end":{"line":27,"column":10}}},"fnMap":{},"branchMap":{},"s":{"0":7},"f":{},"b":{},"_coverageSchema":"1a1c01bbd47fc00a2c39e90264f33305004495a9","hash":"b6b48e30cdddd1437f080780adcee69fa1521ef1"}
,"C:\\Users\\shubham\\Documents\\ReactNative\\Memora\\src\\core\\config\\env.ts": {"path":"C:\\Users\\shubham\\Documents\\ReactNative\\Memora\\src\\core\\config\\env.ts","statementMap":{"0":{"start":{"line":3,"column":18},"end":{"line":15,"column":2}},"1":{"start":{"line":20,"column":19},"end":{"line":27,"column":2}}},"fnMap":{},"branchMap":{},"s":{"0":7,"1":7},"f":{},"b":{},"_coverageSchema":"1a1c01bbd47fc00a2c39e90264f33305004495a9","hash":"5ef5890bc48cbb4d7d031d7be08058a09d7f2b34"}
,"C:\\Users\\shubham\\Documents\\ReactNative\\Memora\\src\\core\\errors\\AppError.ts": {"path":"C:\\Users\\shubham\\Documents\\ReactNative\\Memora\\src\\core\\errors\\AppError.ts","statementMap":{"0":{"start":{"line":21,"column":4},"end":{"line":21,"column":19}},"1":{"start":{"line":22,"column":4},"end":{"line":22,"column":27}},"2":{"start":{"line":23,"column":4},"end":{"line":23,"column":52}}},"fnMap":{"0":{"name":"(anonymous_0)","decl":{"start":{"line":15,"column":2},"end":{"line":15,"column":3}},"loc":{"start":{"line":20,"column":4},"end":{"line":24,"column":3}},"line":20}},"branchMap":{},"s":{"0":3,"1":3,"2":3},"f":{"0":3},"b":{},"_coverageSchema":"1a1c01bbd47fc00a2c39e90264f33305004495a9","hash":"1107cc09cdb846a82051854a97a3c06081a8af1d"}
,"C:\\Users\\shubham\\Documents\\ReactNative\\Memora\\src\\core\\logging\\Logger.ts": {"path":"C:\\Users\\shubham\\Documents\\ReactNative\\Memora\\src\\core\\logging\\Logger.ts","statementMap":{"0":{"start":{"line":5,"column":45},"end":{"line":10,"column":1}},"1":{"start":{"line":16,"column":4},"end":{"line":16,"column":53}},"2":{"start":{"line":20,"column":4},"end":{"line":24,"column":5}},"3":{"start":{"line":21,"column":24},"end":{"line":21,"column":48}},"4":{"start":{"line":22,"column":28},"end":{"line":22,"column":63}},"5":{"start":{"line":22,"column":44},"end":{"line":22,"column":62}},"6":{"start":{"line":23,"column":6},"end":{"line":23,"column":93}},"7":{"start":{"line":28,"column":4},"end":{"line":28,"column":63}},"8":{"start":{"line":28,"column":51},"end":{"line":28,"column":63}},"9":{"start":{"line":31,"column":23},"end":{"line":31,"column":69}},"10":{"start":{"line":32,"column":22},"end":{"line":32,"column":33}},"11":{"start":{"line":34,"column":4},"end":{"line":40,"column":7}},"12":{"start":{"line":35,"column":6},"end":{"line":39,"column":7}},"13":{"start":{"line":35,"column":31},"end":{"line":35,"column":60}},"14":{"start":{"line":36,"column":8},"end":{"line":36,"column":38}},"15":{"start":{"line":37,"column":13},"end":{"line":39,"column":7}},"16":{"start":{"line":38,"column":8},"end":{"line":38,"column":55}},"17":{"start":{"line":42,"column":4},"end":{"line":42,"column":21}},"18":{"start":{"line":46,"column":4},"end":{"line":46,"column":40}},"19":{"start":{"line":50,"column":4},"end":{"line":50,"column":39}},"20":{"start":{"line":54,"column":4},"end":{"line":54,"column":39}},"21":{"start":{"line":58,"column":4},"end":{"line":58,"column":40}},"22":{"start":{"line":62,"column":22},"end":{"line":62,"column":34}}},"fnMap":{"0":{"name":"(anonymous_0)","decl":{"start":{"line":15,"column":2},"end":{"line":15,"column":3}},"loc":{"start":{"line":15,"column":16},"end":{"line":17,"column":3}},"line":15},"1":{"name":"(anonymous_1)","decl":{"start":{"line":19,"column":2},"end":{"line":19,"column":3}},"loc":{"start":{"line":19,"column":64},"end":{"line":25,"column":3}},"line":19},"2":{"name":"(anonymous_2)","decl":{"start":{"line":22,"column":37},"end":{"line":22,"column":38}},"loc":{"start":{"line":22,"column":44},"end":{"line":22,"column":62}},"line":22},"3":{"name":"(anonymous_3)","decl":{"start":{"line":27,"column":2},"end":{"line":27,"column":3}},"loc":{"start":{"line":27,"column":35},"end":{"line":43,"column":3}},"line":27},"4":{"name":"(anonymous_4)","decl":{"start":{"line":34,"column":35},"end":{"line":34,"column":36}},"loc":{"start":{"line":34,"column":42},"end":{"line":40,"column":5}},"line":34},"5":{"name":"(anonymous_5)","decl":{"start":{"line":35,"column":26},"end":{"line":35,"column":27}},"loc":{"start":{"line":35,"column":31},"end":{"line":35,"column":60}},"line":35},"6":{"name":"(anonymous_6)","decl":{"start":{"line":45,"column":2},"end":{"line":45,"column":3}},"loc":{"start":{"line":45,"column":41},"end":{"line":47,"column":3}},"line":45},"7":{"name":"(anonymous_7)","decl":{"start":{"line":49,"column":2},"end":{"line":49,"column":3}},"loc":{"start":{"line":49,"column":40},"end":{"line":51,"column":3}},"line":49},"8":{"name":"(anonymous_8)","decl":{"start":{"line":53,"column":2},"end":{"line":53,"column":3}},"loc":{"start":{"line":53,"column":40},"end":{"line":55,"column":3}},"line":53},"9":{"name":"(anonymous_9)","decl":{"start":{"line":57,"column":2},"end":{"line":57,"column":3}},"loc":{"start":{"line":57,"column":41},"end":{"line":59,"column":3}},"line":57}},"branchMap":{"0":{"loc":{"start":{"line":20,"column":4},"end":{"line":24,"column":5}},"type":"if","locations":[{"start":{"line":20,"column":4},"end":{"line":24,"column":5}},{"start":{},"end":{}}],"line":20},"1":{"loc":{"start":{"line":28,"column":4},"end":{"line":28,"column":63}},"type":"if","locations":[{"start":{"line":28,"column":4},"end":{"line":28,"column":63}},{"start":{},"end":{}}],"line":28},"2":{"loc":{"start":{"line":28,"column":8},"end":{"line":28,"column":49}},"type":"binary-expr","locations":[{"start":{"line":28,"column":8},"end":{"line":28,"column":32}},{"start":{"line":28,"column":36},"end":{"line":28,"column":49}}],"line":28},"3":{"loc":{"start":{"line":35,"column":6},"end":{"line":39,"column":7}},"type":"if","locations":[{"start":{"line":35,"column":6},"end":{"line":39,"column":7}},{"start":{"line":37,"column":13},"end":{"line":39,"column":7}}],"line":35},"4":{"loc":{"start":{"line":37,"column":13},"end":{"line":39,"column":7}},"type":"if","locations":[{"start":{"line":37,"column":13},"end":{"line":39,"column":7}},{"start":{},"end":{}}],"line":37}},"s":{"0":7,"1":7,"2":14,"3":13,"4":13,"5":3,"6":13,"7":4,"8":1,"9":3,"10":3,"11":3,"12":5,"13":20,"14":2,"15":3,"16":1,"17":3,"18":1,"19":7,"20":4,"21":2,"22":7},"f":{"0":7,"1":14,"2":3,"3":4,"4":5,"5":20,"6":1,"7":7,"8":4,"9":2},"b":{"0":[13,1],"1":[1,3],"2":[4,3],"3":[2,3],"4":[1,2]},"_coverageSchema":"1a1c01bbd47fc00a2c39e90264f33305004495a9","hash":"c340c278dd868702a9411a877b73f75704b3a0a8"}
,"C:\\Users\\shubham\\Documents\\ReactNative\\Memora\\src\\database\\db.ts": {"path":"C:\\Users\\shubham\\Documents\\ReactNative\\Memora\\src\\database\\db.ts","statementMap":{"0":{"start":{"line":5,"column":50},"end":{"line":5,"column":54}},"1":{"start":{"line":6,"column":0},"end":{"line":10,"column":1}},"2":{"start":{"line":7,"column":2},"end":{"line":7,"column":34}},"3":{"start":{"line":9,"column":2},"end":{"line":9,"column":64}},"4":{"start":{"line":12,"column":14},"end":{"line":12,"column":18}},"5":{"start":{"line":14,"column":21},"end":{"line":28,"column":1}},"6":{"start":{"line":15,"column":2},"end":{"line":15,"column":20}},"7":{"start":{"line":15,"column":10},"end":{"line":15,"column":20}},"8":{"start":{"line":16,"column":2},"end":{"line":18,"column":3}},"9":{"start":{"line":17,"column":4},"end":{"line":17,"column":66}},"10":{"start":{"line":20,"column":2},"end":{"line":27,"column":3}},"11":{"start":{"line":21,"column":4},"end":{"line":21,"column":70}},"12":{"start":{"line":22,"column":4},"end":{"line":22,"column":80}},"13":{"start":{"line":23,"column":4},"end":{"line":23,"column":14}},"14":{"start":{"line":25,"column":4},"end":{"line":25,"column":51}},"15":{"start":{"line":26,"column":4},"end":{"line":26,"column":16}},"16":{"start":{"line":30,"column":22},"end":{"line":150,"column":1}},"17":{"start":{"line":31,"column":2},"end":{"line":34,"column":3}},"18":{"start":{"line":32,"column":4},"end":{"line":32,"column":58}},"19":{"start":{"line":33,"column":4},"end":{"line":33,"column":11}},"20":{"start":{"line":35,"column":19},"end":{"line":35,"column":32}},"21":{"start":{"line":38,"column":2},"end":{"line":38,"column":56}},"22":{"start":{"line":41,"column":2},"end":{"line":147,"column":5}},"23":{"start":{"line":149,"column":2},"end":{"line":149,"column":55}}},"fnMap":{"0":{"name":"(anonymous_0)","decl":{"start":{"line":14,"column":21},"end":{"line":14,"column":22}},"loc":{"start":{"line":14,"column":33},"end":{"line":28,"column":1}},"line":14},"1":{"name":"(anonymous_1)","decl":{"start":{"line":30,"column":22},"end":{"line":30,"column":23}},"loc":{"start":{"line":30,"column":34},"end":{"line":150,"column":1}},"line":30}},"branchMap":{"0":{"loc":{"start":{"line":15,"column":2},"end":{"line":15,"column":20}},"type":"if","locations":[{"start":{"line":15,"column":2},"end":{"line":15,"column":20}},{"start":{},"end":{}}],"line":15},"1":{"loc":{"start":{"line":16,"column":2},"end":{"line":18,"column":3}},"type":"if","locations":[{"start":{"line":16,"column":2},"end":{"line":18,"column":3}},{"start":{},"end":{}}],"line":16},"2":{"loc":{"start":{"line":31,"column":2},"end":{"line":34,"column":3}},"type":"if","locations":[{"start":{"line":31,"column":2},"end":{"line":34,"column":3}},{"start":{},"end":{}}],"line":31}},"s":{"0":2,"1":2,"2":2,"3":0,"4":2,"5":2,"6":2,"7":1,"8":1,"9":0,"10":1,"11":1,"12":1,"13":1,"14":0,"15":0,"16":2,"17":1,"18":0,"19":0,"20":1,"21":1,"22":1,"23":1},"f":{"0":2,"1":1},"b":{"0":[1,1],"1":[0,1],"2":[0,1]},"_coverageSchema":"1a1c01bbd47fc00a2c39e90264f33305004495a9","hash":"28a6e0837bef0b692d10d6499bc1f1ad4fda39fb"}
,"C:\\Users\\shubham\\Documents\\ReactNative\\Memora\\src\\design\\components\\Button.tsx": {"path":"C:\\Users\\shubham\\Documents\\ReactNative\\Memora\\src\\design\\components\\Button.tsx","statementMap":{"0":{"start":{"line":27,"column":45},"end":{"line":90,"column":1}},"1":{"start":{"line":36,"column":17},"end":{"line":36,"column":22}},"2":{"start":{"line":37,"column":22},"end":{"line":37,"column":57}},"3":{"start":{"line":39,"column":27},"end":{"line":66,"column":3}},"4":{"start":{"line":40,"column":4},"end":{"line":65,"column":5}},"5":{"start":{"line":42,"column":8},"end":{"line":45,"column":10}},"6":{"start":{"line":47,"column":8},"end":{"line":54,"column":10}},"7":{"start":{"line":56,"column":8},"end":{"line":59,"column":10}},"8":{"start":{"line":61,"column":8},"end":{"line":64,"column":10}},"9":{"start":{"line":68,"column":24},"end":{"line":68,"column":42}},"10":{"start":{"line":70,"column":2},"end":{"line":89,"column":4}},"11":{"start":{"line":92,"column":15},"end":{"line":108,"column":2}}},"fnMap":{"0":{"name":"(anonymous_0)","decl":{"start":{"line":27,"column":45},"end":{"line":27,"column":46}},"loc":{"start":{"line":35,"column":6},"end":{"line":90,"column":1}},"line":35},"1":{"name":"(anonymous_1)","decl":{"start":{"line":39,"column":27},"end":{"line":39,"column":28}},"loc":{"start":{"line":39,"column":33},"end":{"line":66,"column":3}},"line":39}},"branchMap":{"0":{"loc":{"start":{"line":30,"column":2},"end":{"line":30,"column":21}},"type":"default-arg","locations":[{"start":{"line":30,"column":12},"end":{"line":30,"column":21}}],"line":30},"1":{"loc":{"start":{"line":31,"column":2},"end":{"line":31,"column":17}},"type":"default-arg","locations":[{"start":{"line":31,"column":12},"end":{"line":31,"column":17}}],"line":31},"2":{"loc":{"start":{"line":32,"column":2},"end":{"line":32,"column":18}},"type":"default-arg","locations":[{"start":{"line":32,"column":13},"end":{"line":32,"column":18}}],"line":32},"3":{"loc":{"start":{"line":37,"column":22},"end":{"line":37,"column":57}},"type":"cond-expr","locations":[{"start":{"line":37,"column":31},"end":{"line":37,"column":42}},{"start":{"line":37,"column":45},"end":{"line":37,"column":57}}],"line":37},"4":{"loc":{"start":{"line":40,"column":4},"end":{"line":65,"column":5}},"type":"switch","locations":[{"start":{"line":41,"column":6},"end":{"line":45,"column":10}},{"start":{"line":46,"column":6},"end":{"line":54,"column":10}},{"start":{"line":55,"column":6},"end":{"line":59,"column":10}},{"start":{"line":60,"column":6},"end":{"line":64,"column":10}}],"line":40},"5":{"loc":{"start":{"line":73,"column":16},"end":{"line":73,"column":35}},"type":"binary-expr","locations":[{"start":{"line":73,"column":16},"end":{"line":73,"column":24}},{"start":{"line":73,"column":28},"end":{"line":73,"column":35}}],"line":73},"6":{"loc":{"start":{"line":77,"column":8},"end":{"line":77,"column":35}},"type":"binary-expr","locations":[{"start":{"line":77,"column":8},"end":{"line":77,"column":16}},{"start":{"line":77,"column":20},"end":{"line":77,"column":35}}],"line":77},"7":{"loc":{"start":{"line":83,"column":7},"end":{"line":87,"column":7}},"type":"cond-expr","locations":[{"start":{"line":84,"column":8},"end":{"line":84,"column":86}},{"start":{"line":86,"column":8},"end":{"line":86,"column":81}}],"line":83}},"s":{"0":1,"1":4,"2":4,"3":4,"4":4,"5":0,"6":0,"7":0,"8":4,"9":4,"10":4,"11":1},"f":{"0":4,"1":4},"b":{"0":[4],"1":[3],"2":[3],"3":[0,4],"4":[0,0,0,4],"5":[4,3],"6":[4,1],"7":[1,3]},"_coverageSchema":"1a1c01bbd47fc00a2c39e90264f33305004495a9","hash":"76d81f7abe306c3534705ddbf8770359bf70b641"}
,"C:\\Users\\shubham\\Documents\\ReactNative\\Memora\\src\\design\\components\\TextInput.tsx": {"path":"C:\\Users\\shubham\\Documents\\ReactNative\\Memora\\src\\design\\components\\TextInput.tsx","statementMap":{"0":{"start":{"line":23,"column":51},"end":{"line":60,"column":1}},"1":{"start":{"line":30,"column":17},"end":{"line":30,"column":22}},"2":{"start":{"line":31,"column":22},"end":{"line":31,"column":57}},"3":{"start":{"line":33,"column":2},"end":{"line":59,"column":4}},"4":{"start":{"line":62,"column":15},"end":{"line":84,"column":2}}},"fnMap":{"0":{"name":"(anonymous_0)","decl":{"start":{"line":23,"column":51},"end":{"line":23,"column":52}},"loc":{"start":{"line":29,"column":6},"end":{"line":60,"column":1}},"line":29}},"branchMap":{"0":{"loc":{"start":{"line":31,"column":22},"end":{"line":31,"column":57}},"type":"cond-expr","locations":[{"start":{"line":31,"column":31},"end":{"line":31,"column":42}},{"start":{"line":31,"column":45},"end":{"line":31,"column":57}}],"line":31},"1":{"loc":{"start":{"line":35,"column":7},"end":{"line":39,"column":7}},"type":"binary-expr","locations":[{"start":{"line":35,"column":7},"end":{"line":35,"column":12}},{"start":{"line":36,"column":8},"end":{"line":38,"column":15}}],"line":35},"2":{"loc":{"start":{"line":46,"column":25},"end":{"line":46,"column":71}},"type":"cond-expr","locations":[{"start":{"line":46,"column":33},"end":{"line":46,"column":50}},{"start":{"line":46,"column":53},"end":{"line":46,"column":71}}],"line":46},"3":{"loc":{"start":{"line":53,"column":7},"end":{"line":57,"column":7}},"type":"binary-expr","locations":[{"start":{"line":53,"column":7},"end":{"line":53,"column":12}},{"start":{"line":54,"column":8},"end":{"line":56,"column":15}}],"line":53}},"s":{"0":1,"1":3,"2":3,"3":3,"4":1},"f":{"0":3},"b":{"0":[0,3],"1":[3,1],"2":[1,2],"3":[3,1]},"_coverageSchema":"1a1c01bbd47fc00a2c39e90264f33305004495a9","hash":"2e536c572bd1b85c48d1425cd9782d7d80c0a9c5"}
,"C:\\Users\\shubham\\Documents\\ReactNative\\Memora\\src\\design\\theme\\ThemeContext.tsx": {"path":"C:\\Users\\shubham\\Documents\\ReactNative\\Memora\\src\\design\\theme\\ThemeContext.tsx","statementMap":{"0":{"start":{"line":25,"column":21},"end":{"line":25,"column":75}},"1":{"start":{"line":27,"column":70},"end":{"line":48,"column":1}},"2":{"start":{"line":28,"column":28},"end":{"line":28,"column":44}},"3":{"start":{"line":29,"column":26},"end":{"line":29,"column":55}},"4":{"start":{"line":31,"column":21},"end":{"line":31,"column":78}},"5":{"start":{"line":32,"column":17},"end":{"line":32,"column":38}},"6":{"start":{"line":34,"column":23},"end":{"line":41,"column":3}},"7":{"start":{"line":43,"column":2},"end":{"line":47,"column":4}},"8":{"start":{"line":50,"column":24},"end":{"line":56,"column":1}},"9":{"start":{"line":51,"column":18},"end":{"line":51,"column":42}},"10":{"start":{"line":52,"column":2},"end":{"line":54,"column":3}},"11":{"start":{"line":53,"column":4},"end":{"line":53,"column":68}},"12":{"start":{"line":55,"column":2},"end":{"line":55,"column":17}}},"fnMap":{"0":{"name":"(anonymous_0)","decl":{"start":{"line":27,"column":70},"end":{"line":27,"column":71}},"loc":{"start":{"line":27,"column":88},"end":{"line":48,"column":1}},"line":27},"1":{"name":"(anonymous_1)","decl":{"start":{"line":50,"column":24},"end":{"line":50,"column":25}},"loc":{"start":{"line":50,"column":30},"end":{"line":56,"column":1}},"line":50}},"branchMap":{"0":{"loc":{"start":{"line":31,"column":21},"end":{"line":31,"column":78}},"type":"cond-expr","locations":[{"start":{"line":31,"column":42},"end":{"line":31,"column":70}},{"start":{"line":31,"column":74},"end":{"line":31,"column":78}}],"line":31},"1":{"loc":{"start":{"line":31,"column":42},"end":{"line":31,"column":70}},"type":"binary-expr","locations":[{"start":{"line":31,"column":42},"end":{"line":31,"column":59}},{"start":{"line":31,"column":63},"end":{"line":31,"column":70}}],"line":31},"2":{"loc":{"start":{"line":35,"column":12},"end":{"line":35,"column":47}},"type":"cond-expr","locations":[{"start":{"line":35,"column":21},"end":{"line":35,"column":32}},{"start":{"line":35,"column":35},"end":{"line":35,"column":47}}],"line":35},"3":{"loc":{"start":{"line":52,"column":2},"end":{"line":54,"column":3}},"type":"if","locations":[{"start":{"line":52,"column":2},"end":{"line":54,"column":3}},{"start":{},"end":{}}],"line":52}},"s":{"0":1,"1":1,"2":3,"3":3,"4":3,"5":3,"6":3,"7":3,"8":1,"9":3,"10":3,"11":0,"12":3},"f":{"0":3,"1":3},"b":{"0":[2,1],"1":[2,0],"2":[1,2],"3":[0,3]},"_coverageSchema":"1a1c01bbd47fc00a2c39e90264f33305004495a9","hash":"0585378710d40fbb17b6a4798e99f83b8d2e1ce4"}
,"C:\\Users\\shubham\\Documents\\ReactNative\\Memora\\src\\design\\theme\\colors.ts": {"path":"C:\\Users\\shubham\\Documents\\ReactNative\\Memora\\src\\design\\theme\\colors.ts","statementMap":{"0":{"start":{"line":1,"column":22},"end":{"line":35,"column":1}}},"fnMap":{},"branchMap":{},"s":{"0":3},"f":{},"b":{},"_coverageSchema":"1a1c01bbd47fc00a2c39e90264f33305004495a9","hash":"649aa6b576c178b5a84fee9805729756f032cb8f"}
,"C:\\Users\\shubham\\Documents\\ReactNative\\Memora\\src\\design\\theme\\spacing.ts": {"path":"C:\\Users\\shubham\\Documents\\ReactNative\\Memora\\src\\design\\theme\\spacing.ts","statementMap":{"0":{"start":{"line":1,"column":23},"end":{"line":11,"column":1}}},"fnMap":{},"branchMap":{},"s":{"0":3},"f":{},"b":{},"_coverageSchema":"1a1c01bbd47fc00a2c39e90264f33305004495a9","hash":"60d4510cb878b2b46a34512f0bc38e0aae188f97"}
,"C:\\Users\\shubham\\Documents\\ReactNative\\Memora\\src\\design\\theme\\tokens.ts": {"path":"C:\\Users\\shubham\\Documents\\ReactNative\\Memora\\src\\design\\theme\\tokens.ts","statementMap":{"0":{"start":{"line":1,"column":28},"end":{"line":9,"column":1}},"1":{"start":{"line":11,"column":23},"end":{"line":40,"column":1}}},"fnMap":{},"branchMap":{},"s":{"0":3,"1":3},"f":{},"b":{},"_coverageSchema":"1a1c01bbd47fc00a2c39e90264f33305004495a9","hash":"6aa57ea271784927f8b3f36ac6df6fd9119cb6b3"}
,"C:\\Users\\shubham\\Documents\\ReactNative\\Memora\\src\\design\\theme\\typography.ts": {"path":"C:\\Users\\shubham\\Documents\\ReactNative\\Memora\\src\\design\\theme\\typography.ts","statementMap":{"0":{"start":{"line":3,"column":26},"end":{"line":36,"column":1}}},"fnMap":{},"branchMap":{},"s":{"0":3},"f":{},"b":{},"_coverageSchema":"1a1c01bbd47fc00a2c39e90264f33305004495a9","hash":"47ecbf4df33c679098fcd7c8fcddd51b7f32c979"}
,"C:\\Users\\shubham\\Documents\\ReactNative\\Memora\\src\\features\\auth\\AuthStore.ts": {"path":"C:\\Users\\shubham\\Documents\\ReactNative\\Memora\\src\\features\\auth\\AuthStore.ts","statementMap":{"0":{"start":{"line":14,"column":28},"end":{"line":37,"column":3}},"1":{"start":{"line":14,"column":56},"end":{"line":37,"column":1}},"2":{"start":{"line":20,"column":4},"end":{"line":20,"column":29}},"3":{"start":{"line":21,"column":20},"end":{"line":21,"column":50}},"4":{"start":{"line":22,"column":4},"end":{"line":24,"column":5}},"5":{"start":{"line":23,"column":6},"end":{"line":23,"column":57}},"6":{"start":{"line":25,"column":4},"end":{"line":25,"column":30}},"7":{"start":{"line":29,"column":4},"end":{"line":29,"column":51}},"8":{"start":{"line":30,"column":4},"end":{"line":30,"column":41}},"9":{"start":{"line":34,"column":4},"end":{"line":34,"column":37}},"10":{"start":{"line":35,"column":4},"end":{"line":35,"column":48}}},"fnMap":{"0":{"name":"(anonymous_0)","decl":{"start":{"line":14,"column":46},"end":{"line":14,"column":47}},"loc":{"start":{"line":14,"column":56},"end":{"line":37,"column":1}},"line":14},"1":{"name":"(anonymous_1)","decl":{"start":{"line":19,"column":14},"end":{"line":19,"column":15}},"loc":{"start":{"line":19,"column":26},"end":{"line":26,"column":3}},"line":19},"2":{"name":"(anonymous_2)","decl":{"start":{"line":28,"column":14},"end":{"line":28,"column":15}},"loc":{"start":{"line":28,"column":37},"end":{"line":31,"column":3}},"line":28},"3":{"name":"(anonymous_3)","decl":{"start":{"line":33,"column":10},"end":{"line":33,"column":11}},"loc":{"start":{"line":33,"column":22},"end":{"line":36,"column":3}},"line":33}},"branchMap":{"0":{"loc":{"start":{"line":22,"column":4},"end":{"line":24,"column":5}},"type":"if","locations":[{"start":{"line":22,"column":4},"end":{"line":24,"column":5}},{"start":{},"end":{}}],"line":22}},"s":{"0":2,"1":2,"2":3,"3":3,"4":3,"5":2,"6":3,"7":1,"8":1,"9":1,"10":1},"f":{"0":2,"1":3,"2":1,"3":1},"b":{"0":[2,1]},"_coverageSchema":"1a1c01bbd47fc00a2c39e90264f33305004495a9","hash":"60a545e065caa3d36f2111a23c6bad05a5baed46"}
,"C:\\Users\\shubham\\Documents\\ReactNative\\Memora\\src\\features\\auth\\models\\User.ts": {"path":"C:\\Users\\shubham\\Documents\\ReactNative\\Memora\\src\\features\\auth\\models\\User.ts","statementMap":{"0":{"start":{"line":3,"column":26},"end":{"line":10,"column":2}}},"fnMap":{},"branchMap":{},"s":{"0":1},"f":{},"b":{},"_coverageSchema":"1a1c01bbd47fc00a2c39e90264f33305004495a9","hash":"4036b484a9edc758597fcb20eaaa383af6de1097"}
,"C:\\Users\\shubham\\Documents\\ReactNative\\Memora\\src\\features\\chat\\ChatStore.ts": {"path":"C:\\Users\\shubham\\Documents\\ReactNative\\Memora\\src\\features\\chat\\ChatStore.ts","statementMap":{"0":{"start":{"line":16,"column":28},"end":{"line":69,"column":3}},"1":{"start":{"line":16,"column":61},"end":{"line":69,"column":1}},"2":{"start":{"line":22,"column":4},"end":{"line":22,"column":29}},"3":{"start":{"line":23,"column":4},"end":{"line":28,"column":5}},"4":{"start":{"line":24,"column":19},"end":{"line":24,"column":70}},"5":{"start":{"line":25,"column":6},"end":{"line":25,"column":73}},"6":{"start":{"line":27,"column":6},"end":{"line":27,"column":32}},"7":{"start":{"line":32,"column":36},"end":{"line":32,"column":41}},"8":{"start":{"line":33,"column":4},"end":{"line":33,"column":37}},"9":{"start":{"line":33,"column":30},"end":{"line":33,"column":37}},"10":{"start":{"line":35,"column":4},"end":{"line":35,"column":29}},"11":{"start":{"line":36,"column":4},"end":{"line":67,"column":5}},"12":{"start":{"line":38,"column":22},"end":{"line":42,"column":8}},"13":{"start":{"line":43,"column":6},"end":{"line":43,"column":65}},"14":{"start":{"line":43,"column":20},"end":{"line":43,"column":62}},"15":{"start":{"line":46,"column":32},"end":{"line":46,"column":85}},"16":{"start":{"line":47,"column":22},"end":{"line":47,"column":106}},"17":{"start":{"line":47,"column":49},"end":{"line":47,"column":92}},"18":{"start":{"line":50,"column":25},"end":{"line":50,"column":40}},"19":{"start":{"line":51,"column":27},"end":{"line":51,"column":101}},"20":{"start":{"line":52,"column":23},"end":{"line":55,"column":8}},"21":{"start":{"line":58,"column":27},"end":{"line":62,"column":8}},"22":{"start":{"line":63,"column":6},"end":{"line":63,"column":88}},"23":{"start":{"line":63,"column":20},"end":{"line":63,"column":85}},"24":{"start":{"line":65,"column":6},"end":{"line":65,"column":41}},"25":{"start":{"line":66,"column":6},"end":{"line":66,"column":32}}},"fnMap":{"0":{"name":"(anonymous_0)","decl":{"start":{"line":16,"column":46},"end":{"line":16,"column":47}},"loc":{"start":{"line":16,"column":61},"end":{"line":69,"column":1}},"line":16},"1":{"name":"(anonymous_1)","decl":{"start":{"line":21,"column":16},"end":{"line":21,"column":17}},"loc":{"start":{"line":21,"column":28},"end":{"line":29,"column":3}},"line":21},"2":{"name":"(anonymous_2)","decl":{"start":{"line":31,"column":15},"end":{"line":31,"column":16}},"loc":{"start":{"line":31,"column":34},"end":{"line":68,"column":3}},"line":31},"3":{"name":"(anonymous_3)","decl":{"start":{"line":43,"column":10},"end":{"line":43,"column":11}},"loc":{"start":{"line":43,"column":20},"end":{"line":43,"column":62}},"line":43},"4":{"name":"(anonymous_4)","decl":{"start":{"line":47,"column":44},"end":{"line":47,"column":45}},"loc":{"start":{"line":47,"column":49},"end":{"line":47,"column":92}},"line":47},"5":{"name":"(anonymous_5)","decl":{"start":{"line":63,"column":10},"end":{"line":63,"column":11}},"loc":{"start":{"line":63,"column":20},"end":{"line":63,"column":85}},"line":63}},"branchMap":{"0":{"loc":{"start":{"line":33,"column":4},"end":{"line":33,"column":37}},"type":"if","locations":[{"start":{"line":33,"column":4},"end":{"line":33,"column":37}},{"start":{},"end":{}}],"line":33}},"s":{"0":2,"1":2,"2":2,"3":2,"4":2,"5":2,"6":0,"7":3,"8":3,"9":1,"10":2,"11":2,"12":2,"13":1,"14":1,"15":1,"16":1,"17":1,"18":1,"19":1,"20":1,"21":1,"22":1,"23":1,"24":1,"25":1},"f":{"0":2,"1":2,"2":3,"3":1,"4":1,"5":1},"b":{"0":[1,2]},"_coverageSchema":"1a1c01bbd47fc00a2c39e90264f33305004495a9","hash":"deed5ecd15a42c477e8f1115a405f23306d92355"}
,"C:\\Users\\shubham\\Documents\\ReactNative\\Memora\\src\\features\\home\\HomeStore.ts": {"path":"C:\\Users\\shubham\\Documents\\ReactNative\\Memora\\src\\features\\home\\HomeStore.ts","statementMap":{"0":{"start":{"line":14,"column":28},"end":{"line":34,"column":3}},"1":{"start":{"line":14,"column":56},"end":{"line":34,"column":1}},"2":{"start":{"line":24,"column":4},"end":{"line":24,"column":29}},"3":{"start":{"line":27,"column":4},"end":{"line":27,"column":59}},"4":{"start":{"line":27,"column":33},"end":{"line":27,"column":57}},"5":{"start":{"line":28,"column":4},"end":{"line":32,"column":7}}},"fnMap":{"0":{"name":"(anonymous_0)","decl":{"start":{"line":14,"column":46},"end":{"line":14,"column":47}},"loc":{"start":{"line":14,"column":56},"end":{"line":34,"column":1}},"line":14},"1":{"name":"(anonymous_1)","decl":{"start":{"line":23,"column":17},"end":{"line":23,"column":18}},"loc":{"start":{"line":23,"column":29},"end":{"line":33,"column":3}},"line":23},"2":{"name":"(anonymous_2)","decl":{"start":{"line":27,"column":22},"end":{"line":27,"column":23}},"loc":{"start":{"line":27,"column":33},"end":{"line":27,"column":57}},"line":27}},"branchMap":{},"s":{"0":1,"1":1,"2":1,"3":1,"4":1,"5":1},"f":{"0":1,"1":1,"2":1},"b":{},"_coverageSchema":"1a1c01bbd47fc00a2c39e90264f33305004495a9","hash":"7956b89c01266fbd0a4d04ad2aaa91041d97d8de"}
,"C:\\Users\\shubham\\Documents\\ReactNative\\Memora\\src\\features\\knowledge\\KnowledgeRepository.ts": {"path":"C:\\Users\\shubham\\Documents\\ReactNative\\Memora\\src\\features\\knowledge\\KnowledgeRepository.ts","statementMap":{"0":{"start":{"line":12,"column":15},"end":{"line":12,"column":28}},"1":{"start":{"line":13,"column":16},"end":{"line":13,"column":57}},"2":{"start":{"line":14,"column":26},"end":{"line":14,"column":28}},"3":{"start":{"line":16,"column":4},"end":{"line":19,"column":5}},"4":{"start":{"line":17,"column":6},"end":{"line":17,"column":31}},"5":{"start":{"line":18,"column":6},"end":{"line":18,"column":31}},"6":{"start":{"line":21,"column":4},"end":{"line":24,"column":5}},"7":{"start":{"line":22,"column":6},"end":{"line":22,"column":37}},"8":{"start":{"line":23,"column":6},"end":{"line":23,"column":45}},"9":{"start":{"line":26,"column":4},"end":{"line":29,"column":5}},"10":{"start":{"line":27,"column":6},"end":{"line":27,"column":55}},"11":{"start":{"line":28,"column":6},"end":{"line":28,"column":62}},"12":{"start":{"line":31,"column":4},"end":{"line":31,"column":57}},"13":{"start":{"line":33,"column":17},"end":{"line":33,"column":57}},"14":{"start":{"line":34,"column":4},"end":{"line":38,"column":8}},"15":{"start":{"line":34,"column":28},"end":{"line":38,"column":5}},"16":{"start":{"line":42,"column":15},"end":{"line":42,"column":28}},"17":{"start":{"line":43,"column":4},"end":{"line":46,"column":6}},"18":{"start":{"line":50,"column":15},"end":{"line":50,"column":28}},"19":{"start":{"line":51,"column":4},"end":{"line":51,"column":72}},"20":{"start":{"line":55,"column":35},"end":{"line":55,"column":60}}},"fnMap":{"0":{"name":"(anonymous_0)","decl":{"start":{"line":11,"column":2},"end":{"line":11,"column":3}},"loc":{"start":{"line":11,"column":71},"end":{"line":39,"column":3}},"line":11},"1":{"name":"(anonymous_1)","decl":{"start":{"line":34,"column":20},"end":{"line":34,"column":21}},"loc":{"start":{"line":34,"column":28},"end":{"line":38,"column":5}},"line":34},"2":{"name":"(anonymous_2)","decl":{"start":{"line":41,"column":2},"end":{"line":41,"column":3}},"loc":{"start":{"line":41,"column":71},"end":{"line":47,"column":3}},"line":41},"3":{"name":"(anonymous_3)","decl":{"start":{"line":49,"column":2},"end":{"line":49,"column":3}},"loc":{"start":{"line":49,"column":42},"end":{"line":52,"column":3}},"line":49}},"branchMap":{"0":{"loc":{"start":{"line":11,"column":15},"end":{"line":11,"column":43}},"type":"default-arg","locations":[{"start":{"line":11,"column":41},"end":{"line":11,"column":43}}],"line":11},"1":{"loc":{"start":{"line":16,"column":4},"end":{"line":19,"column":5}},"type":"if","locations":[{"start":{"line":16,"column":4},"end":{"line":19,"column":5}},{"start":{},"end":{}}],"line":16},"2":{"loc":{"start":{"line":21,"column":4},"end":{"line":24,"column":5}},"type":"if","locations":[{"start":{"line":21,"column":4},"end":{"line":24,"column":5}},{"start":{},"end":{}}],"line":21},"3":{"loc":{"start":{"line":23,"column":18},"end":{"line":23,"column":43}},"type":"cond-expr","locations":[{"start":{"line":23,"column":38},"end":{"line":23,"column":39}},{"start":{"line":23,"column":42},"end":{"line":23,"column":43}}],"line":23},"4":{"loc":{"start":{"line":26,"column":4},"end":{"line":29,"column":5}},"type":"if","locations":[{"start":{"line":26,"column":4},"end":{"line":29,"column":5}},{"start":{},"end":{}}],"line":26},"5":{"loc":{"start":{"line":37,"column":16},"end":{"line":37,"column":67}},"type":"cond-expr","locations":[{"start":{"line":37,"column":31},"end":{"line":37,"column":55}},{"start":{"line":37,"column":58},"end":{"line":37,"column":67}}],"line":37},"6":{"loc":{"start":{"line":45,"column":7},"end":{"line":45,"column":25}},"type":"cond-expr","locations":[{"start":{"line":45,"column":20},"end":{"line":45,"column":21}},{"start":{"line":45,"column":24},"end":{"line":45,"column":25}}],"line":45}},"s":{"0":2,"1":2,"2":2,"3":2,"4":1,"5":1,"6":2,"7":1,"8":1,"9":2,"10":1,"11":1,"12":2,"13":2,"14":2,"15":1,"16":1,"17":1,"18":1,"19":1,"20":2},"f":{"0":2,"1":1,"2":1,"3":1},"b":{"0":[1],"1":[1,1],"2":[1,1],"3":[1,0],"4":[1,1],"5":[1,0],"6":[1,0]},"_coverageSchema":"1a1c01bbd47fc00a2c39e90264f33305004495a9","hash":"f057bfb2548d5f44ba0ec2ddc51cf301151eda82"}
,"C:\\Users\\shubham\\Documents\\ReactNative\\Memora\\src\\features\\knowledge\\KnowledgeStore.ts": {"path":"C:\\Users\\shubham\\Documents\\ReactNative\\Memora\\src\\features\\knowledge\\KnowledgeStore.ts","statementMap":{"0":{"start":{"line":15,"column":33},"end":{"line":51,"column":3}},"1":{"start":{"line":15,"column":71},"end":{"line":51,"column":1}},"2":{"start":{"line":21,"column":4},"end":{"line":21,"column":20}},"3":{"start":{"line":22,"column":4},"end":{"line":22,"column":23}},"4":{"start":{"line":26,"column":4},"end":{"line":26,"column":29}},"5":{"start":{"line":27,"column":4},"end":{"line":32,"column":5}},"6":{"start":{"line":28,"column":20},"end":{"line":28,"column":66}},"7":{"start":{"line":29,"column":6},"end":{"line":29,"column":39}},"8":{"start":{"line":31,"column":6},"end":{"line":31,"column":32}},"9":{"start":{"line":36,"column":17},"end":{"line":36,"column":51}},"10":{"start":{"line":36,"column":39},"end":{"line":36,"column":50}},"11":{"start":{"line":37,"column":4},"end":{"line":37,"column":22}},"12":{"start":{"line":37,"column":15},"end":{"line":37,"column":22}},"13":{"start":{"line":38,"column":22},"end":{"line":38,"column":38}},"14":{"start":{"line":39,"column":4},"end":{"line":39,"column":60}},"15":{"start":{"line":40,"column":4},"end":{"line":42,"column":7}},"16":{"start":{"line":41,"column":34},"end":{"line":41,"column":83}},"17":{"start":{"line":46,"column":4},"end":{"line":46,"column":41}},"18":{"start":{"line":47,"column":4},"end":{"line":49,"column":7}},"19":{"start":{"line":48,"column":37},"end":{"line":48,"column":48}}},"fnMap":{"0":{"name":"(anonymous_0)","decl":{"start":{"line":15,"column":56},"end":{"line":15,"column":57}},"loc":{"start":{"line":15,"column":71},"end":{"line":51,"column":1}},"line":15},"1":{"name":"(anonymous_1)","decl":{"start":{"line":20,"column":13},"end":{"line":20,"column":14}},"loc":{"start":{"line":20,"column":25},"end":{"line":23,"column":3}},"line":20},"2":{"name":"(anonymous_2)","decl":{"start":{"line":25,"column":14},"end":{"line":25,"column":15}},"loc":{"start":{"line":25,"column":26},"end":{"line":33,"column":3}},"line":25},"3":{"name":"(anonymous_3)","decl":{"start":{"line":35,"column":18},"end":{"line":35,"column":19}},"loc":{"start":{"line":35,"column":32},"end":{"line":43,"column":3}},"line":35},"4":{"name":"(anonymous_4)","decl":{"start":{"line":36,"column":34},"end":{"line":36,"column":35}},"loc":{"start":{"line":36,"column":39},"end":{"line":36,"column":50}},"line":36},"5":{"name":"(anonymous_5)","decl":{"start":{"line":41,"column":29},"end":{"line":41,"column":30}},"loc":{"start":{"line":41,"column":34},"end":{"line":41,"column":83}},"line":41},"6":{"name":"(anonymous_6)","decl":{"start":{"line":45,"column":14},"end":{"line":45,"column":15}},"loc":{"start":{"line":45,"column":28},"end":{"line":50,"column":3}},"line":45},"7":{"name":"(anonymous_7)","decl":{"start":{"line":48,"column":32},"end":{"line":48,"column":33}},"loc":{"start":{"line":48,"column":37},"end":{"line":48,"column":48}},"line":48}},"branchMap":{"0":{"loc":{"start":{"line":37,"column":4},"end":{"line":37,"column":22}},"type":"if","locations":[{"start":{"line":37,"column":4},"end":{"line":37,"column":22}},{"start":{},"end":{}}],"line":37},"1":{"loc":{"start":{"line":41,"column":34},"end":{"line":41,"column":83}},"type":"cond-expr","locations":[{"start":{"line":41,"column":48},"end":{"line":41,"column":79}},{"start":{"line":41,"column":82},"end":{"line":41,"column":83}}],"line":41}},"s":{"0":2,"1":2,"2":1,"3":1,"4":3,"5":3,"6":3,"7":3,"8":0,"9":1,"10":1,"11":1,"12":0,"13":1,"14":1,"15":1,"16":1,"17":1,"18":1,"19":2},"f":{"0":2,"1":1,"2":3,"3":1,"4":1,"5":1,"6":1,"7":2},"b":{"0":[0,1],"1":[1,0]},"_coverageSchema":"1a1c01bbd47fc00a2c39e90264f33305004495a9","hash":"d71c8d3b943b3eed8dc7a926d51ce66cd9a10382"}
,"C:\\Users\\shubham\\Documents\\ReactNative\\Memora\\src\\features\\knowledge\\models\\KnowledgeItem.ts": {"path":"C:\\Users\\shubham\\Documents\\ReactNative\\Memora\\src\\features\\knowledge\\models\\KnowledgeItem.ts","statementMap":{"0":{"start":{"line":13,"column":35},"end":{"line":24,"column":2}}},"fnMap":{},"branchMap":{},"s":{"0":3},"f":{},"b":{},"_coverageSchema":"1a1c01bbd47fc00a2c39e90264f33305004495a9","hash":"01e273f4439f916088587565e034225f76483093"}
,"C:\\Users\\shubham\\Documents\\ReactNative\\Memora\\src\\features\\notes\\NoteRepository.ts": {"path":"C:\\Users\\shubham\\Documents\\ReactNative\\Memora\\src\\features\\notes\\NoteRepository.ts","statementMap":{"0":{"start":{"line":8,"column":15},"end":{"line":8,"column":28}},"1":{"start":{"line":9,"column":15},"end":{"line":9,"column":27}},"2":{"start":{"line":10,"column":16},"end":{"line":10,"column":40}},"3":{"start":{"line":12,"column":23},"end":{"line":20,"column":5}},"4":{"start":{"line":22,"column":4},"end":{"line":25,"column":6}},"5":{"start":{"line":27,"column":4},"end":{"line":27,"column":16}},"6":{"start":{"line":31,"column":15},"end":{"line":31,"column":28}},"7":{"start":{"line":32,"column":17},"end":{"line":35,"column":5}},"8":{"start":{"line":37,"column":4},"end":{"line":40,"column":8}},"9":{"start":{"line":37,"column":28},"end":{"line":40,"column":5}},"10":{"start":{"line":44,"column":15},"end":{"line":44,"column":28}},"11":{"start":{"line":45,"column":16},"end":{"line":45,"column":40}},"12":{"start":{"line":47,"column":17},"end":{"line":49,"column":17}},"13":{"start":{"line":48,"column":18},"end":{"line":48,"column":30}},"14":{"start":{"line":50,"column":19},"end":{"line":53,"column":6}},"15":{"start":{"line":51,"column":6},"end":{"line":51,"column":51}},"16":{"start":{"line":51,"column":34},"end":{"line":51,"column":51}},"17":{"start":{"line":52,"column":6},"end":{"line":52,"column":22}},"18":{"start":{"line":55,"column":4},"end":{"line":58,"column":6}},"19":{"start":{"line":62,"column":15},"end":{"line":62,"column":28}},"20":{"start":{"line":63,"column":4},"end":{"line":63,"column":72}},"21":{"start":{"line":67,"column":30},"end":{"line":67,"column":50}}},"fnMap":{"0":{"name":"(anonymous_0)","decl":{"start":{"line":7,"column":2},"end":{"line":7,"column":3}},"loc":{"start":{"line":7,"column":62},"end":{"line":28,"column":3}},"line":7},"1":{"name":"(anonymous_1)","decl":{"start":{"line":30,"column":2},"end":{"line":30,"column":3}},"loc":{"start":{"line":30,"column":34},"end":{"line":41,"column":3}},"line":30},"2":{"name":"(anonymous_2)","decl":{"start":{"line":37,"column":20},"end":{"line":37,"column":21}},"loc":{"start":{"line":37,"column":28},"end":{"line":40,"column":5}},"line":37},"3":{"name":"(anonymous_3)","decl":{"start":{"line":43,"column":2},"end":{"line":43,"column":3}},"loc":{"start":{"line":43,"column":66},"end":{"line":59,"column":3}},"line":43},"4":{"name":"(anonymous_4)","decl":{"start":{"line":48,"column":11},"end":{"line":48,"column":12}},"loc":{"start":{"line":48,"column":18},"end":{"line":48,"column":30}},"line":48},"5":{"name":"(anonymous_5)","decl":{"start":{"line":50,"column":46},"end":{"line":50,"column":47}},"loc":{"start":{"line":50,"column":51},"end":{"line":53,"column":5}},"line":50},"6":{"name":"(anonymous_6)","decl":{"start":{"line":61,"column":2},"end":{"line":61,"column":3}},"loc":{"start":{"line":61,"column":42},"end":{"line":64,"column":3}},"line":61}},"branchMap":{"0":{"loc":{"start":{"line":24,"column":53},"end":{"line":24,"column":76}},"type":"cond-expr","locations":[{"start":{"line":24,"column":71},"end":{"line":24,"column":72}},{"start":{"line":24,"column":75},"end":{"line":24,"column":76}}],"line":24},"1":{"loc":{"start":{"line":51,"column":6},"end":{"line":51,"column":51}},"type":"if","locations":[{"start":{"line":51,"column":6},"end":{"line":51,"column":51}},{"start":{},"end":{}}],"line":51},"2":{"loc":{"start":{"line":51,"column":41},"end":{"line":51,"column":50}},"type":"cond-expr","locations":[{"start":{"line":51,"column":45},"end":{"line":51,"column":46}},{"start":{"line":51,"column":49},"end":{"line":51,"column":50}}],"line":51}},"s":{"0":2,"1":2,"2":2,"3":2,"4":2,"5":2,"6":1,"7":1,"8":1,"9":1,"10":1,"11":1,"12":1,"13":2,"14":1,"15":2,"16":1,"17":1,"18":1,"19":1,"20":1,"21":2},"f":{"0":2,"1":1,"2":1,"3":1,"4":2,"5":2,"6":1},"b":{"0":[0,2],"1":[1,1],"2":[1,0]},"_coverageSchema":"1a1c01bbd47fc00a2c39e90264f33305004495a9","hash":"0e3e283faa1f1d844291a401b275cd88bf04f76d"}
,"C:\\Users\\shubham\\Documents\\ReactNative\\Memora\\src\\features\\search\\SearchStore.ts": {"path":"C:\\Users\\shubham\\Documents\\ReactNative\\Memora\\src\\features\\search\\SearchStore.ts","statementMap":{"0":{"start":{"line":13,"column":30},"end":{"line":39,"column":3}},"1":{"start":{"line":13,"column":65},"end":{"line":39,"column":1}},"2":{"start":{"line":18,"column":23},"end":{"line":18,"column":37}},"3":{"start":{"line":21,"column":22},"end":{"line":21,"column":27}},"4":{"start":{"line":22,"column":4},"end":{"line":25,"column":5}},"5":{"start":{"line":23,"column":6},"end":{"line":23,"column":45}},"6":{"start":{"line":24,"column":6},"end":{"line":24,"column":13}},"7":{"start":{"line":27,"column":4},"end":{"line":27,"column":29}},"8":{"start":{"line":28,"column":4},"end":{"line":37,"column":5}},"9":{"start":{"line":30,"column":20},"end":{"line":30,"column":71}},"10":{"start":{"line":34,"column":6},"end":{"line":34,"column":48}},"11":{"start":{"line":36,"column":6},"end":{"line":36,"column":32}}},"fnMap":{"0":{"name":"(anonymous_0)","decl":{"start":{"line":13,"column":50},"end":{"line":13,"column":51}},"loc":{"start":{"line":13,"column":65},"end":{"line":39,"column":1}},"line":13},"1":{"name":"(anonymous_1)","decl":{"start":{"line":18,"column":12},"end":{"line":18,"column":13}},"loc":{"start":{"line":18,"column":23},"end":{"line":18,"column":37}},"line":18},"2":{"name":"(anonymous_2)","decl":{"start":{"line":20,"column":17},"end":{"line":20,"column":18}},"loc":{"start":{"line":20,"column":29},"end":{"line":38,"column":3}},"line":20}},"branchMap":{"0":{"loc":{"start":{"line":22,"column":4},"end":{"line":25,"column":5}},"type":"if","locations":[{"start":{"line":22,"column":4},"end":{"line":25,"column":5}},{"start":{},"end":{}}],"line":22}},"s":{"0":1,"1":1,"2":1,"3":3,"4":3,"5":1,"6":1,"7":2,"8":2,"9":2,"10":1,"11":1},"f":{"0":1,"1":1,"2":3},"b":{"0":[1,2]},"_coverageSchema":"1a1c01bbd47fc00a2c39e90264f33305004495a9","hash":"7ce93953e6eb2d5c2eb19e029ffdcf9989783976"}
,"C:\\Users\\shubham\\Documents\\ReactNative\\Memora\\src\\features\\settings\\SettingsStore.ts": {"path":"C:\\Users\\shubham\\Documents\\ReactNative\\Memora\\src\\features\\settings\\SettingsStore.ts","statementMap":{"0":{"start":{"line":12,"column":32},"end":{"line":27,"column":1}},"1":{"start":{"line":14,"column":14},"end":{"line":17,"column":5}},"2":{"start":{"line":16,"column":34},"end":{"line":16,"column":62}},"3":{"start":{"line":20,"column":40},"end":{"line":24,"column":7}},"4":{"start":{"line":21,"column":27},"end":{"line":21,"column":63}},"5":{"start":{"line":22,"column":34},"end":{"line":22,"column":77}},"6":{"start":{"line":23,"column":30},"end":{"line":23,"column":69}}},"fnMap":{"0":{"name":"(anonymous_0)","decl":{"start":{"line":14,"column":4},"end":{"line":14,"column":5}},"loc":{"start":{"line":14,"column":14},"end":{"line":17,"column":5}},"line":14},"1":{"name":"(anonymous_1)","decl":{"start":{"line":16,"column":24},"end":{"line":16,"column":25}},"loc":{"start":{"line":16,"column":34},"end":{"line":16,"column":62}},"line":16},"2":{"name":"(anonymous_2)","decl":{"start":{"line":20,"column":33},"end":{"line":20,"column":34}},"loc":{"start":{"line":20,"column":40},"end":{"line":24,"column":7}},"line":20},"3":{"name":"(anonymous_3)","decl":{"start":{"line":21,"column":17},"end":{"line":21,"column":18}},"loc":{"start":{"line":21,"column":27},"end":{"line":21,"column":63}},"line":21},"4":{"name":"(anonymous_4)","decl":{"start":{"line":22,"column":17},"end":{"line":22,"column":18}},"loc":{"start":{"line":22,"column":34},"end":{"line":22,"column":77}},"line":22},"5":{"name":"(anonymous_5)","decl":{"start":{"line":23,"column":20},"end":{"line":23,"column":21}},"loc":{"start":{"line":23,"column":30},"end":{"line":23,"column":69}},"line":23}},"branchMap":{},"s":{"0":2,"1":2,"2":0,"3":2,"4":2,"5":2,"6":0},"f":{"0":2,"1":0,"2":2,"3":2,"4":2,"5":0},"b":{},"_coverageSchema":"1a1c01bbd47fc00a2c39e90264f33305004495a9","hash":"8910d0e97a775d59cf41e40f739ed70f5897ecb1"}
,"C:\\Users\\shubham\\Documents\\ReactNative\\Memora\\src\\platform\\Platform.ts": {"path":"C:\\Users\\shubham\\Documents\\ReactNative\\Memora\\src\\platform\\Platform.ts","statementMap":{"0":{"start":{"line":9,"column":24},"end":{"line":17,"column":1}}},"fnMap":{},"branchMap":{},"s":{"0":3},"f":{},"b":{},"_coverageSchema":"1a1c01bbd47fc00a2c39e90264f33305004495a9","hash":"f167fd4804186fd001c56eb49974860bc45a7bb7"}
,"C:\\Users\\shubham\\Documents\\ReactNative\\Memora\\src\\platform\\adapters\\ExpoCamera.ts": {"path":"C:\\Users\\shubham\\Documents\\ReactNative\\Memora\\src\\platform\\adapters\\ExpoCamera.ts","statementMap":{"0":{"start":{"line":4,"column":61},"end":{"line":4,"column":65}},"1":{"start":{"line":5,"column":0},"end":{"line":9,"column":1}},"2":{"start":{"line":6,"column":2},"end":{"line":6,"column":45}},"3":{"start":{"line":8,"column":2},"end":{"line":8,"column":80}},"4":{"start":{"line":13,"column":4},"end":{"line":16,"column":5}},"5":{"start":{"line":14,"column":6},"end":{"line":14,"column":52}},"6":{"start":{"line":15,"column":6},"end":{"line":15,"column":19}},"7":{"start":{"line":17,"column":23},"end":{"line":17,"column":72}},"8":{"start":{"line":18,"column":4},"end":{"line":18,"column":32}},"9":{"start":{"line":22,"column":4},"end":{"line":25,"column":5}},"10":{"start":{"line":23,"column":6},"end":{"line":23,"column":52}},"11":{"start":{"line":24,"column":6},"end":{"line":24,"column":18}},"12":{"start":{"line":26,"column":4},"end":{"line":43,"column":5}},"13":{"start":{"line":27,"column":21},"end":{"line":30,"column":8}},"14":{"start":{"line":32,"column":6},"end":{"line":32,"column":39}},"15":{"start":{"line":32,"column":27},"end":{"line":32,"column":39}},"16":{"start":{"line":34,"column":20},"end":{"line":34,"column":36}},"17":{"start":{"line":35,"column":6},"end":{"line":39,"column":8}},"18":{"start":{"line":41,"column":6},"end":{"line":41,"column":50}},"19":{"start":{"line":42,"column":6},"end":{"line":42,"column":18}}},"fnMap":{"0":{"name":"(anonymous_0)","decl":{"start":{"line":12,"column":2},"end":{"line":12,"column":3}},"loc":{"start":{"line":12,"column":47},"end":{"line":19,"column":3}},"line":12},"1":{"name":"(anonymous_1)","decl":{"start":{"line":21,"column":2},"end":{"line":21,"column":3}},"loc":{"start":{"line":21,"column":57},"end":{"line":44,"column":3}},"line":21}},"branchMap":{"0":{"loc":{"start":{"line":13,"column":4},"end":{"line":16,"column":5}},"type":"if","locations":[{"start":{"line":13,"column":4},"end":{"line":16,"column":5}},{"start":{},"end":{}}],"line":13},"1":{"loc":{"start":{"line":22,"column":4},"end":{"line":25,"column":5}},"type":"if","locations":[{"start":{"line":22,"column":4},"end":{"line":25,"column":5}},{"start":{},"end":{}}],"line":22},"2":{"loc":{"start":{"line":32,"column":6},"end":{"line":32,"column":39}},"type":"if","locations":[{"start":{"line":32,"column":6},"end":{"line":32,"column":39}},{"start":{},"end":{}}],"line":32}},"s":{"0":4,"1":4,"2":4,"3":0,"4":3,"5":0,"6":0,"7":3,"8":3,"9":3,"10":0,"11":0,"12":3,"13":3,"14":2,"15":1,"16":1,"17":1,"18":1,"19":1},"f":{"0":3,"1":3},"b":{"0":[0,3],"1":[0,3],"2":[1,1]},"_coverageSchema":"1a1c01bbd47fc00a2c39e90264f33305004495a9","hash":"ed05096ef1d9c27f34264a368716173133a6bad6"}
,"C:\\Users\\shubham\\Documents\\ReactNative\\Memora\\src\\platform\\adapters\\ExpoFilePicker.ts": {"path":"C:\\Users\\shubham\\Documents\\ReactNative\\Memora\\src\\platform\\adapters\\ExpoFilePicker.ts","statementMap":{"0":{"start":{"line":4,"column":67},"end":{"line":4,"column":71}},"1":{"start":{"line":5,"column":0},"end":{"line":9,"column":1}},"2":{"start":{"line":6,"column":2},"end":{"line":6,"column":51}},"3":{"start":{"line":8,"column":2},"end":{"line":8,"column":84}},"4":{"start":{"line":11,"column":61},"end":{"line":11,"column":65}},"5":{"start":{"line":12,"column":0},"end":{"line":16,"column":1}},"6":{"start":{"line":13,"column":2},"end":{"line":13,"column":45}},"7":{"start":{"line":15,"column":2},"end":{"line":15,"column":78}},"8":{"start":{"line":20,"column":4},"end":{"line":23,"column":5}},"9":{"start":{"line":21,"column":6},"end":{"line":21,"column":55}},"10":{"start":{"line":22,"column":6},"end":{"line":22,"column":18}},"11":{"start":{"line":24,"column":4},"end":{"line":42,"column":5}},"12":{"start":{"line":25,"column":21},"end":{"line":28,"column":8}},"13":{"start":{"line":30,"column":6},"end":{"line":30,"column":39}},"14":{"start":{"line":30,"column":27},"end":{"line":30,"column":39}},"15":{"start":{"line":32,"column":20},"end":{"line":32,"column":36}},"16":{"start":{"line":33,"column":6},"end":{"line":38,"column":8}},"17":{"start":{"line":40,"column":6},"end":{"line":40,"column":53}},"18":{"start":{"line":41,"column":6},"end":{"line":41,"column":18}},"19":{"start":{"line":46,"column":4},"end":{"line":49,"column":5}},"20":{"start":{"line":47,"column":6},"end":{"line":47,"column":52}},"21":{"start":{"line":48,"column":6},"end":{"line":48,"column":18}},"22":{"start":{"line":50,"column":4},"end":{"line":69,"column":5}},"23":{"start":{"line":51,"column":21},"end":{"line":55,"column":8}},"24":{"start":{"line":57,"column":6},"end":{"line":57,"column":39}},"25":{"start":{"line":57,"column":27},"end":{"line":57,"column":39}},"26":{"start":{"line":59,"column":20},"end":{"line":59,"column":36}},"27":{"start":{"line":60,"column":6},"end":{"line":65,"column":8}},"28":{"start":{"line":67,"column":6},"end":{"line":67,"column":50}},"29":{"start":{"line":68,"column":6},"end":{"line":68,"column":18}}},"fnMap":{"0":{"name":"(anonymous_0)","decl":{"start":{"line":19,"column":2},"end":{"line":19,"column":3}},"loc":{"start":{"line":19,"column":95},"end":{"line":43,"column":3}},"line":19},"1":{"name":"(anonymous_1)","decl":{"start":{"line":45,"column":2},"end":{"line":45,"column":3}},"loc":{"start":{"line":45,"column":54},"end":{"line":70,"column":3}},"line":45}},"branchMap":{"0":{"loc":{"start":{"line":20,"column":4},"end":{"line":23,"column":5}},"type":"if","locations":[{"start":{"line":20,"column":4},"end":{"line":23,"column":5}},{"start":{},"end":{}}],"line":20},"1":{"loc":{"start":{"line":26,"column":14},"end":{"line":26,"column":36}},"type":"binary-expr","locations":[{"start":{"line":26,"column":14},"end":{"line":26,"column":27}},{"start":{"line":26,"column":31},"end":{"line":26,"column":36}}],"line":26},"2":{"loc":{"start":{"line":30,"column":6},"end":{"line":30,"column":39}},"type":"if","locations":[{"start":{"line":30,"column":6},"end":{"line":30,"column":39}},{"start":{},"end":{}}],"line":30},"3":{"loc":{"start":{"line":46,"column":4},"end":{"line":49,"column":5}},"type":"if","locations":[{"start":{"line":46,"column":4},"end":{"line":49,"column":5}},{"start":{},"end":{}}],"line":46},"4":{"loc":{"start":{"line":57,"column":6},"end":{"line":57,"column":39}},"type":"if","locations":[{"start":{"line":57,"column":6},"end":{"line":57,"column":39}},{"start":{},"end":{}}],"line":57},"5":{"loc":{"start":{"line":62,"column":14},"end":{"line":62,"column":43}},"type":"binary-expr","locations":[{"start":{"line":62,"column":14},"end":{"line":62,"column":28}},{"start":{"line":62,"column":32},"end":{"line":62,"column":43}}],"line":62}},"s":{"0":4,"1":4,"2":4,"3":0,"4":4,"5":4,"6":4,"7":0,"8":3,"9":0,"10":0,"11":3,"12":3,"13":3,"14":2,"15":1,"16":1,"17":0,"18":0,"19":1,"20":0,"21":0,"22":1,"23":1,"24":1,"25":0,"26":1,"27":1,"28":0,"29":0},"f":{"0":3,"1":1},"b":{"0":[0,3],"1":[3,3],"2":[2,1],"3":[0,1],"4":[0,1],"5":[1,0]},"_coverageSchema":"1a1c01bbd47fc00a2c39e90264f33305004495a9","hash":"4cf55961feceaf06777ed5fbcc5e4def42f64d8e"}
,"C:\\Users\\shubham\\Documents\\ReactNative\\Memora\\src\\platform\\adapters\\ExpoMicrophone.ts": {"path":"C:\\Users\\shubham\\Documents\\ReactNative\\Memora\\src\\platform\\adapters\\ExpoMicrophone.ts","statementMap":{"0":{"start":{"line":6,"column":0},"end":{"line":10,"column":1}},"1":{"start":{"line":7,"column":2},"end":{"line":7,"column":35}},"2":{"start":{"line":9,"column":2},"end":{"line":9,"column":60}},"3":{"start":{"line":13,"column":27},"end":{"line":13,"column":31}},"4":{"start":{"line":16,"column":4},"end":{"line":16,"column":29}},"5":{"start":{"line":16,"column":16},"end":{"line":16,"column":29}},"6":{"start":{"line":17,"column":23},"end":{"line":17,"column":60}},"7":{"start":{"line":18,"column":4},"end":{"line":18,"column":32}},"8":{"start":{"line":22,"column":4},"end":{"line":22,"column":80}},"9":{"start":{"line":22,"column":16},"end":{"line":22,"column":80}},"10":{"start":{"line":23,"column":4},"end":{"line":36,"column":5}},"11":{"start":{"line":24,"column":6},"end":{"line":27,"column":9}},"12":{"start":{"line":29,"column":28},"end":{"line":31,"column":7}},"13":{"start":{"line":32,"column":6},"end":{"line":32,"column":33}},"14":{"start":{"line":34,"column":6},"end":{"line":34,"column":55}},"15":{"start":{"line":35,"column":6},"end":{"line":35,"column":18}},"16":{"start":{"line":40,"column":4},"end":{"line":40,"column":37}},"17":{"start":{"line":40,"column":25},"end":{"line":40,"column":37}},"18":{"start":{"line":41,"column":4},"end":{"line":49,"column":5}},"19":{"start":{"line":42,"column":6},"end":{"line":42,"column":48}},"20":{"start":{"line":43,"column":18},"end":{"line":43,"column":41}},"21":{"start":{"line":44,"column":6},"end":{"line":44,"column":28}},"22":{"start":{"line":45,"column":6},"end":{"line":45,"column":17}},"23":{"start":{"line":47,"column":6},"end":{"line":47,"column":54}},"24":{"start":{"line":48,"column":6},"end":{"line":48,"column":18}},"25":{"start":{"line":53,"column":4},"end":{"line":53,"column":39}},"26":{"start":{"line":57,"column":4},"end":{"line":57,"column":39}}},"fnMap":{"0":{"name":"(anonymous_0)","decl":{"start":{"line":15,"column":2},"end":{"line":15,"column":3}},"loc":{"start":{"line":15,"column":47},"end":{"line":19,"column":3}},"line":15},"1":{"name":"(anonymous_1)","decl":{"start":{"line":21,"column":2},"end":{"line":21,"column":3}},"loc":{"start":{"line":21,"column":40},"end":{"line":37,"column":3}},"line":21},"2":{"name":"(anonymous_2)","decl":{"start":{"line":39,"column":2},"end":{"line":39,"column":3}},"loc":{"start":{"line":39,"column":48},"end":{"line":50,"column":3}},"line":39},"3":{"name":"(anonymous_3)","decl":{"start":{"line":52,"column":2},"end":{"line":52,"column":3}},"loc":{"start":{"line":52,"column":40},"end":{"line":54,"column":3}},"line":52},"4":{"name":"(anonymous_4)","decl":{"start":{"line":56,"column":2},"end":{"line":56,"column":3}},"loc":{"start":{"line":56,"column":41},"end":{"line":58,"column":3}},"line":56}},"branchMap":{"0":{"loc":{"start":{"line":16,"column":4},"end":{"line":16,"column":29}},"type":"if","locations":[{"start":{"line":16,"column":4},"end":{"line":16,"column":29}},{"start":{},"end":{}}],"line":16},"1":{"loc":{"start":{"line":22,"column":4},"end":{"line":22,"column":80}},"type":"if","locations":[{"start":{"line":22,"column":4},"end":{"line":22,"column":80}},{"start":{},"end":{}}],"line":22},"2":{"loc":{"start":{"line":40,"column":4},"end":{"line":40,"column":37}},"type":"if","locations":[{"start":{"line":40,"column":4},"end":{"line":40,"column":37}},{"start":{},"end":{}}],"line":40}},"s":{"0":4,"1":4,"2":0,"3":8,"4":1,"5":0,"6":1,"7":1,"8":3,"9":0,"10":3,"11":3,"12":3,"13":3,"14":0,"15":0,"16":2,"17":1,"18":1,"19":1,"20":1,"21":1,"22":1,"23":0,"24":0,"25":1,"26":1},"f":{"0":1,"1":3,"2":2,"3":1,"4":1},"b":{"0":[0,1],"1":[0,3],"2":[1,1]},"_coverageSchema":"1a1c01bbd47fc00a2c39e90264f33305004495a9","hash":"ffe6503926982f013622fbcbf0e770a51c99eefe"}
,"C:\\Users\\shubham\\Documents\\ReactNative\\Memora\\src\\platform\\adapters\\ExpoNotifications.ts": {"path":"C:\\Users\\shubham\\Documents\\ReactNative\\Memora\\src\\platform\\adapters\\ExpoNotifications.ts","statementMap":{"0":{"start":{"line":4,"column":64},"end":{"line":4,"column":68}},"1":{"start":{"line":5,"column":0},"end":{"line":9,"column":1}},"2":{"start":{"line":6,"column":2},"end":{"line":6,"column":48}},"3":{"start":{"line":8,"column":2},"end":{"line":8,"column":84}},"4":{"start":{"line":13,"column":4},"end":{"line":16,"column":5}},"5":{"start":{"line":14,"column":6},"end":{"line":14,"column":54}},"6":{"start":{"line":15,"column":6},"end":{"line":15,"column":19}},"7":{"start":{"line":17,"column":23},"end":{"line":17,"column":68}},"8":{"start":{"line":18,"column":4},"end":{"line":18,"column":32}},"9":{"start":{"line":22,"column":4},"end":{"line":25,"column":5}},"10":{"start":{"line":23,"column":6},"end":{"line":23,"column":54}},"11":{"start":{"line":24,"column":6},"end":{"line":24,"column":37}},"12":{"start":{"line":26,"column":4},"end":{"line":29,"column":7}},"13":{"start":{"line":33,"column":4},"end":{"line":36,"column":5}},"14":{"start":{"line":34,"column":6},"end":{"line":34,"column":54}},"15":{"start":{"line":35,"column":6},"end":{"line":35,"column":13}},"16":{"start":{"line":37,"column":4},"end":{"line":37,"column":63}}},"fnMap":{"0":{"name":"(anonymous_0)","decl":{"start":{"line":12,"column":2},"end":{"line":12,"column":3}},"loc":{"start":{"line":12,"column":47},"end":{"line":19,"column":3}},"line":12},"1":{"name":"(anonymous_1)","decl":{"start":{"line":21,"column":2},"end":{"line":21,"column":3}},"loc":{"start":{"line":21,"column":96},"end":{"line":30,"column":3}},"line":21},"2":{"name":"(anonymous_2)","decl":{"start":{"line":32,"column":2},"end":{"line":32,"column":3}},"loc":{"start":{"line":32,"column":48},"end":{"line":38,"column":3}},"line":32}},"branchMap":{"0":{"loc":{"start":{"line":13,"column":4},"end":{"line":16,"column":5}},"type":"if","locations":[{"start":{"line":13,"column":4},"end":{"line":16,"column":5}},{"start":{},"end":{}}],"line":13},"1":{"loc":{"start":{"line":21,"column":58},"end":{"line":21,"column":77}},"type":"default-arg","locations":[{"start":{"line":21,"column":76},"end":{"line":21,"column":77}}],"line":21},"2":{"loc":{"start":{"line":22,"column":4},"end":{"line":25,"column":5}},"type":"if","locations":[{"start":{"line":22,"column":4},"end":{"line":25,"column":5}},{"start":{},"end":{}}],"line":22},"3":{"loc":{"start":{"line":33,"column":4},"end":{"line":36,"column":5}},"type":"if","locations":[{"start":{"line":33,"column":4},"end":{"line":36,"column":5}},{"start":{},"end":{}}],"line":33}},"s":{"0":4,"1":4,"2":4,"3":0,"4":1,"5":0,"6":0,"7":1,"8":1,"9":1,"10":0,"11":0,"12":1,"13":1,"14":0,"15":0,"16":1},"f":{"0":1,"1":1,"2":1},"b":{"0":[0,1],"1":[0],"2":[0,1],"3":[0,1]},"_coverageSchema":"1a1c01bbd47fc00a2c39e90264f33305004495a9","hash":"5d0920cc5b422978a94cd52821579ec9ee1a8eee"}
,"C:\\Users\\shubham\\Documents\\ReactNative\\Memora\\src\\platform\\adapters\\ExpoSecureStorage.ts": {"path":"C:\\Users\\shubham\\Documents\\ReactNative\\Memora\\src\\platform\\adapters\\ExpoSecureStorage.ts","statementMap":{"0":{"start":{"line":4,"column":61},"end":{"line":4,"column":65}},"1":{"start":{"line":5,"column":0},"end":{"line":9,"column":1}},"2":{"start":{"line":6,"column":2},"end":{"line":6,"column":45}},"3":{"start":{"line":8,"column":2},"end":{"line":8,"column":79}},"4":{"start":{"line":13,"column":4},"end":{"line":15,"column":5}},"5":{"start":{"line":14,"column":6},"end":{"line":14,"column":93}},"6":{"start":{"line":16,"column":4},"end":{"line":16,"column":47}},"7":{"start":{"line":20,"column":4},"end":{"line":23,"column":5}},"8":{"start":{"line":21,"column":6},"end":{"line":21,"column":52}},"9":{"start":{"line":22,"column":6},"end":{"line":22,"column":18}},"10":{"start":{"line":24,"column":4},"end":{"line":24,"column":47}},"11":{"start":{"line":28,"column":4},"end":{"line":31,"column":5}},"12":{"start":{"line":29,"column":6},"end":{"line":29,"column":52}},"13":{"start":{"line":30,"column":6},"end":{"line":30,"column":13}},"14":{"start":{"line":32,"column":4},"end":{"line":32,"column":43}}},"fnMap":{"0":{"name":"(anonymous_0)","decl":{"start":{"line":12,"column":2},"end":{"line":12,"column":3}},"loc":{"start":{"line":12,"column":59},"end":{"line":17,"column":3}},"line":12},"1":{"name":"(anonymous_1)","decl":{"start":{"line":19,"column":2},"end":{"line":19,"column":3}},"loc":{"start":{"line":19,"column":53},"end":{"line":25,"column":3}},"line":19},"2":{"name":"(anonymous_2)","decl":{"start":{"line":27,"column":2},"end":{"line":27,"column":3}},"loc":{"start":{"line":27,"column":47},"end":{"line":33,"column":3}},"line":27}},"branchMap":{"0":{"loc":{"start":{"line":13,"column":4},"end":{"line":15,"column":5}},"type":"if","locations":[{"start":{"line":13,"column":4},"end":{"line":15,"column":5}},{"start":{},"end":{}}],"line":13},"1":{"loc":{"start":{"line":20,"column":4},"end":{"line":23,"column":5}},"type":"if","locations":[{"start":{"line":20,"column":4},"end":{"line":23,"column":5}},{"start":{},"end":{}}],"line":20},"2":{"loc":{"start":{"line":28,"column":4},"end":{"line":31,"column":5}},"type":"if","locations":[{"start":{"line":28,"column":4},"end":{"line":31,"column":5}},{"start":{},"end":{}}],"line":28}},"s":{"0":4,"1":4,"2":4,"3":0,"4":3,"5":0,"6":3,"7":3,"8":0,"9":0,"10":3,"11":1,"12":0,"13":0,"14":1},"f":{"0":3,"1":3,"2":1},"b":{"0":[0,3],"1":[0,3],"2":[0,1]},"_coverageSchema":"1a1c01bbd47fc00a2c39e90264f33305004495a9","hash":"3a7a8e125821a88ae5f73edc87377790e6eadd1e"}
,"C:\\Users\\shubham\\Documents\\ReactNative\\Memora\\src\\platform\\adapters\\LlamaLocalAI.ts": {"path":"C:\\Users\\shubham\\Documents\\ReactNative\\Memora\\src\\platform\\adapters\\LlamaLocalAI.ts","statementMap":{"0":{"start":{"line":7,"column":0},"end":{"line":11,"column":1}},"1":{"start":{"line":8,"column":2},"end":{"line":8,"column":44}},"2":{"start":{"line":10,"column":2},"end":{"line":10,"column":80}},"3":{"start":{"line":14,"column":25},"end":{"line":14,"column":29}},"4":{"start":{"line":17,"column":4},"end":{"line":17,"column":33}},"5":{"start":{"line":21,"column":4},"end":{"line":21,"column":70}},"6":{"start":{"line":21,"column":20},"end":{"line":21,"column":70}},"7":{"start":{"line":22,"column":4},"end":{"line":22,"column":29}},"8":{"start":{"line":22,"column":22},"end":{"line":22,"column":29}},"9":{"start":{"line":24,"column":4},"end":{"line":35,"column":5}},"10":{"start":{"line":25,"column":6},"end":{"line":30,"column":9}},"11":{"start":{"line":31,"column":6},"end":{"line":31,"column":40}},"12":{"start":{"line":33,"column":6},"end":{"line":33,"column":56}},"13":{"start":{"line":34,"column":6},"end":{"line":34,"column":18}},"14":{"start":{"line":39,"column":4},"end":{"line":43,"column":5}},"15":{"start":{"line":40,"column":6},"end":{"line":40,"column":35}},"16":{"start":{"line":41,"column":6},"end":{"line":41,"column":26}},"17":{"start":{"line":42,"column":6},"end":{"line":42,"column":42}},"18":{"start":{"line":47,"column":4},"end":{"line":47,"column":59}},"19":{"start":{"line":47,"column":23},"end":{"line":47,"column":59}},"20":{"start":{"line":49,"column":17},"end":{"line":49,"column":19}},"21":{"start":{"line":50,"column":4},"end":{"line":59,"column":6}},"22":{"start":{"line":57,"column":8},"end":{"line":57,"column":29}},"23":{"start":{"line":61,"column":4},"end":{"line":61,"column":28}},"24":{"start":{"line":65,"column":4},"end":{"line":65,"column":59}},"25":{"start":{"line":65,"column":23},"end":{"line":65,"column":59}},"26":{"start":{"line":67,"column":4},"end":{"line":76,"column":6}},"27":{"start":{"line":74,"column":8},"end":{"line":74,"column":54}},"28":{"start":{"line":78,"column":4},"end":{"line":78,"column":41}}},"fnMap":{"0":{"name":"(anonymous_0)","decl":{"start":{"line":16,"column":2},"end":{"line":16,"column":3}},"loc":{"start":{"line":16,"column":41},"end":{"line":18,"column":3}},"line":16},"1":{"name":"(anonymous_1)","decl":{"start":{"line":20,"column":2},"end":{"line":20,"column":3}},"loc":{"start":{"line":20,"column":52},"end":{"line":36,"column":3}},"line":20},"2":{"name":"(anonymous_2)","decl":{"start":{"line":38,"column":2},"end":{"line":38,"column":3}},"loc":{"start":{"line":38,"column":37},"end":{"line":44,"column":3}},"line":38},"3":{"name":"(anonymous_3)","decl":{"start":{"line":46,"column":2},"end":{"line":46,"column":3}},"loc":{"start":{"line":46,"column":58},"end":{"line":62,"column":3}},"line":46},"4":{"name":"(anonymous_4)","decl":{"start":{"line":56,"column":6},"end":{"line":56,"column":7}},"loc":{"start":{"line":56,"column":21},"end":{"line":58,"column":7}},"line":56},"5":{"name":"(anonymous_5)","decl":{"start":{"line":64,"column":2},"end":{"line":64,"column":3}},"loc":{"start":{"line":64,"column":99},"end":{"line":79,"column":3}},"line":64},"6":{"name":"(anonymous_6)","decl":{"start":{"line":73,"column":6},"end":{"line":73,"column":7}},"loc":{"start":{"line":73,"column":21},"end":{"line":75,"column":7}},"line":73}},"branchMap":{"0":{"loc":{"start":{"line":21,"column":4},"end":{"line":21,"column":70}},"type":"if","locations":[{"start":{"line":21,"column":4},"end":{"line":21,"column":70}},{"start":{},"end":{}}],"line":21},"1":{"loc":{"start":{"line":22,"column":4},"end":{"line":22,"column":29}},"type":"if","locations":[{"start":{"line":22,"column":4},"end":{"line":22,"column":29}},{"start":{},"end":{}}],"line":22},"2":{"loc":{"start":{"line":39,"column":4},"end":{"line":43,"column":5}},"type":"if","locations":[{"start":{"line":39,"column":4},"end":{"line":43,"column":5}},{"start":{},"end":{}}],"line":39},"3":{"loc":{"start":{"line":47,"column":4},"end":{"line":47,"column":59}},"type":"if","locations":[{"start":{"line":47,"column":4},"end":{"line":47,"column":59}},{"start":{},"end":{}}],"line":47},"4":{"loc":{"start":{"line":54,"column":21},"end":{"line":54,"column":47}},"type":"binary-expr","locations":[{"start":{"line":54,"column":21},"end":{"line":54,"column":40}},{"start":{"line":54,"column":44},"end":{"line":54,"column":47}}],"line":54},"5":{"loc":{"start":{"line":65,"column":4},"end":{"line":65,"column":59}},"type":"if","locations":[{"start":{"line":65,"column":4},"end":{"line":65,"column":59}},{"start":{},"end":{}}],"line":65},"6":{"loc":{"start":{"line":71,"column":21},"end":{"line":71,"column":47}},"type":"binary-expr","locations":[{"start":{"line":71,"column":21},"end":{"line":71,"column":40}},{"start":{"line":71,"column":44},"end":{"line":71,"column":47}}],"line":71}},"s":{"0":4,"1":4,"2":3,"3":9,"4":3,"5":5,"6":0,"7":5,"8":0,"9":5,"10":5,"11":4,"12":1,"13":1,"14":1,"15":1,"16":1,"17":1,"18":1,"19":0,"20":1,"21":1,"22":2,"23":1,"24":1,"25":0,"26":1,"27":1,"28":1},"f":{"0":3,"1":5,"2":1,"3":1,"4":2,"5":1,"6":1},"b":{"0":[0,5],"1":[0,5],"2":[1,0],"3":[0,1],"4":[1,1],"5":[0,1],"6":[1,1]},"_coverageSchema":"1a1c01bbd47fc00a2c39e90264f33305004495a9","hash":"516a5ff9fbac4094d4ecc1cec585e86f948feeec"}
,"C:\\Users\\shubham\\Documents\\ReactNative\\Memora\\src\\platform\\adapters\\PlaceholderOCR.ts": {"path":"C:\\Users\\shubham\\Documents\\ReactNative\\Memora\\src\\platform\\adapters\\PlaceholderOCR.ts","statementMap":{"0":{"start":{"line":6,"column":4},"end":{"line":6,"column":62}}},"fnMap":{"0":{"name":"(anonymous_0)","decl":{"start":{"line":4,"column":2},"end":{"line":4,"column":3}},"loc":{"start":{"line":4,"column":57},"end":{"line":7,"column":3}},"line":4}},"branchMap":{},"s":{"0":0},"f":{"0":0},"b":{},"_coverageSchema":"1a1c01bbd47fc00a2c39e90264f33305004495a9","hash":"e3900379cb7282f573ea0ab21afe6b9ff4f0073e"}
,"C:\\Users\\shubham\\Documents\\ReactNative\\Memora\\src\\shared\\utils\\id.ts": {"path":"C:\\Users\\shubham\\Documents\\ReactNative\\Memora\\src\\shared\\utils\\id.ts","statementMap":{"0":{"start":{"line":6,"column":26},"end":{"line":9,"column":1}},"1":{"start":{"line":7,"column":2},"end":{"line":8,"column":53}}},"fnMap":{"0":{"name":"(anonymous_0)","decl":{"start":{"line":6,"column":26},"end":{"line":6,"column":27}},"loc":{"start":{"line":6,"column":40},"end":{"line":9,"column":1}},"line":6}},"branchMap":{},"s":{"0":1,"1":1},"f":{"0":1},"b":{},"_coverageSchema":"1a1c01bbd47fc00a2c39e90264f33305004495a9","hash":"7a0bcb90abe09fcf9e96d1cbec3e11a84092b0eb"}
,"C:\\Users\\shubham\\Documents\\ReactNative\\Memora\\src\\testing\\test-utils.tsx": {"path":"C:\\Users\\shubham\\Documents\\ReactNative\\Memora\\src\\testing\\test-utils.tsx","statementMap":{"0":{"start":{"line":5,"column":24},"end":{"line":11,"column":1}},"1":{"start":{"line":6,"column":2},"end":{"line":10,"column":4}},"2":{"start":{"line":13,"column":21},"end":{"line":16,"column":63}},"3":{"start":{"line":16,"column":5},"end":{"line":16,"column":63}}},"fnMap":{"0":{"name":"(anonymous_0)","decl":{"start":{"line":5,"column":24},"end":{"line":5,"column":25}},"loc":{"start":{"line":5,"column":73},"end":{"line":11,"column":1}},"line":5},"1":{"name":"(anonymous_1)","decl":{"start":{"line":13,"column":21},"end":{"line":13,"column":22}},"loc":{"start":{"line":16,"column":5},"end":{"line":16,"column":63}},"line":16}},"branchMap":{},"s":{"0":3,"1":9,"2":3,"3":9},"f":{"0":9,"1":9},"b":{},"_coverageSchema":"1a1c01bbd47fc00a2c39e90264f33305004495a9","hash":"7ceae8ce0202780029987aea16a3769031cce32e"}
}
