TN:
SF:src\ai\AIModelManager.ts
FN:31,(anonymous_0)
FN:36,(anonymous_1)
FN:47,(anonymous_2)
FN:63,(anonymous_3)
FN:64,(anonymous_4)
FN:79,(anonymous_5)
FN:81,(anonymous_6)
FN:100,(anonymous_7)
FN:113,(anonymous_8)
FN:129,(anonymous_9)
FN:142,(anonymous_10)
FN:143,(anonymous_11)
FN:144,(anonymous_12)
FN:145,(anonymous_13)
FNF:14
FNH:12
FNDA:3,(anonymous_0)
FNDA:1,(anonymous_1)
FNDA:3,(anonymous_2)
FNDA:3,(anonymous_3)
FNDA:4,(anonymous_4)
FNDA:1,(anonymous_5)
FNDA:1,(anonymous_6)
FNDA:3,(anonymous_7)
FNDA:0,(anonymous_8)
FNDA:1,(anonymous_9)
FNDA:3,(anonymous_10)
FNDA:3,(anonymous_11)
FNDA:39,(anonymous_12)
FNDA:0,(anonymous_13)
DA:15,3
DA:16,3
DA:29,3
DA:31,3
DA:37,1
DA:38,1
DA:40,1
DA:41,0
DA:43,1
DA:48,3
DA:49,3
DA:51,3
DA:52,3
DA:53,3
DA:54,3
DA:55,2
DA:56,2
DA:58,1
DA:59,1
DA:64,3
DA:65,4
DA:66,4
DA:67,3
DA:68,2
DA:71,3
DA:74,1
DA:75,1
DA:79,1
DA:80,1
DA:81,1
DA:82,1
DA:83,1
DA:84,0
DA:85,0
DA:88,1
DA:89,0
DA:90,0
DA:93,0
DA:94,0
DA:101,3
DA:103,1
DA:105,1
DA:107,1
DA:108,1
DA:110,1
DA:114,0
DA:115,0
DA:119,1
DA:120,1
DA:122,1
DA:124,0
DA:125,0
DA:130,1
DA:131,1
DA:132,1
DA:133,1
DA:135,0
DA:137,1
DA:142,3
DA:143,3
DA:144,39
DA:145,0
LF:62
LH:49
BRDA:40,0,0,0
BRDA:40,0,1,1
BRDA:49,1,0,0
BRDA:49,1,1,3
BRDA:49,2,0,3
BRDA:49,2,1,3
BRDA:66,3,0,1
BRDA:66,3,1,3
BRDA:67,4,0,1
BRDA:67,4,1,2
BRDA:67,5,0,3
BRDA:67,5,1,2
BRDA:71,6,0,1
BRDA:71,6,1,1
BRDA:74,7,0,1
BRDA:74,7,1,0
BRDA:83,8,0,0
BRDA:83,8,1,1
BRDA:88,9,0,0
BRDA:88,9,1,1
BRDA:101,10,0,2
BRDA:101,10,1,1
BRF:22
BRH:17
end_of_record
TN:
SF:src\ai\AIProviderFactory.ts
FN:9,(anonymous_0)
FNF:1
FNH:1
FNDA:2,(anonymous_0)
DA:6,2
DA:7,2
DA:9,2
DA:10,2
DA:11,2
LF:5
LH:5
BRDA:11,0,0,1
BRDA:11,0,1,1
BRF:2
BRH:2
end_of_record
TN:
SF:src\ai\WhisperModelManager.ts
FN:27,(anonymous_0)
FN:32,(anonymous_1)
FN:34,(anonymous_2)
FN:40,(anonymous_3)
FN:51,(anonymous_4)
FN:64,(anonymous_5)
FN:75,(anonymous_6)
FN:76,(anonymous_7)
FN:77,(anonymous_8)
FN:78,(anonymous_9)
FNF:10
FNH:9
FNDA:2,(anonymous_0)
FNDA:6,(anonymous_1)
FNDA:1,(anonymous_2)
FNDA:2,(anonymous_3)
FNDA:1,(anonymous_4)
FNDA:1,(anonymous_5)
FNDA:2,(anonymous_6)
FNDA:2,(anonymous_7)
FNDA:16,(anonymous_8)
FNDA:0,(anonymous_9)
DA:12,2
DA:13,2
DA:25,2
DA:27,2
DA:32,6
DA:35,1
DA:36,1
DA:37,1
DA:41,2
DA:43,2
DA:44,2
DA:46,2
DA:47,2
DA:48,2
DA:52,1
DA:53,1
DA:56,1
DA:57,1
DA:59,1
DA:60,1
DA:65,1
DA:66,1
DA:67,1
DA:69,0
DA:75,2
DA:76,2
DA:77,16
DA:78,0
LF:28
LH:26
BRDA:37,0,0,1
BRDA:37,0,1,0
BRDA:41,1,0,0
BRDA:41,1,1,2
BRF:4
BRH:2
end_of_record
TN:
SF:src\ai\adapters\GeminiSTTAdapter.ts
FN:8,(anonymous_0)
FN:12,(anonymous_1)
FNF:2
FNH:2
FNDA:4,(anonymous_0)
FNDA:3,(anonymous_1)
DA:9,4
DA:13,3
DA:14,1
DA:17,2
DA:19,2
DA:20,2
DA:43,2
DA:44,1
DA:45,1
DA:46,1
DA:49,1
DA:50,1
DA:52,1
DA:53,1
DA:55,1
DA:56,1
DA:61,1
LF:17
LH:17
BRDA:12,0,0,2
BRDA:13,1,0,1
BRDA:13,1,1,2
BRDA:43,2,0,1
BRDA:43,2,1,1
BRDA:50,3,0,1
BRDA:50,3,1,0
BRF:7
BRH:6
end_of_record
TN:
SF:src\ai\adapters\LocalAIProvider.ts
FN:7,(anonymous_0)
FN:20,(anonymous_1)
FNF:2
FNH:2
FNDA:2,(anonymous_0)
FNDA:2,(anonymous_1)
DA:8,2
DA:9,2
DA:10,2
DA:11,1
DA:13,1
DA:15,1
DA:16,1
DA:21,2
DA:22,2
DA:23,2
DA:24,1
DA:26,1
DA:28,1
DA:29,1
LF:14
LH:14
BRDA:10,0,0,1
BRDA:10,0,1,1
BRDA:23,1,0,1
BRDA:23,1,1,1
BRF:4
BRH:4
end_of_record
TN:
SF:src\ai\adapters\OpenRouterAdapter.ts
FN:9,(anonymous_0)
FN:13,(anonymous_1)
FN:28,(anonymous_2)
FN:49,(anonymous_3)
FNF:4
FNH:3
FNDA:7,(anonymous_0)
FNDA:4,(anonymous_1)
FNDA:0,(anonymous_2)
FNDA:1,(anonymous_3)
DA:10,7
DA:14,4
DA:15,2
DA:18,2
DA:28,0
DA:35,2
DA:36,1
DA:39,1
DA:40,1
DA:52,1
DA:53,1
LF:11
LH:10
BRDA:14,0,0,2
BRDA:14,0,1,2
BRDA:27,1,0,1
BRDA:27,1,1,1
BRDA:28,2,0,2
BRDA:28,2,1,2
BRDA:35,3,0,1
BRDA:35,3,1,1
BRF:8
BRH:8
end_of_record
TN:
SF:src\ai\adapters\WhisperSTTAdapter.ts
FN:15,(anonymous_0)
FN:67,(anonymous_1)
FNF:2
FNH:2
FNDA:3,(anonymous_0)
FNDA:1,(anonymous_1)
DA:6,1
DA:7,1
DA:9,0
DA:13,4
DA:16,3
DA:17,0
DA:20,3
DA:21,3
DA:22,1
DA:25,2
DA:26,2
DA:27,2
DA:28,2
DA:30,2
DA:32,2
DA:38,2
DA:40,2
DA:41,2
DA:46,2
DA:47,2
DA:48,2
DA:52,2
DA:54,2
DA:55,0
DA:56,0
DA:59,2
DA:60,2
DA:62,0
DA:63,0
DA:68,1
DA:69,1
DA:70,1
DA:75,1
LF:33
LH:27
BRDA:16,0,0,0
BRDA:16,0,1,3
BRDA:21,1,0,1
BRDA:21,1,1,2
BRDA:26,2,0,2
BRDA:26,2,1,0
BRDA:30,3,0,2
BRDA:30,3,1,0
BRDA:38,4,0,2
BRDA:38,4,1,0
BRDA:52,5,0,2
BRDA:52,5,1,0
BRDA:52,5,2,0
BRDA:54,6,0,0
BRDA:54,6,1,2
BRDA:68,7,0,1
BRDA:68,7,1,0
BRF:17
BRH:9
end_of_record
TN:
SF:src\app\index.tsx
FN:6,Index
FNF:1
FNH:1
FNDA:3,Index
DA:7,3
DA:8,3
DA:11,3
DA:12,1
DA:16,2
DA:18,2
DA:19,0
DA:23,2
DA:24,1
DA:27,1
LF:10
LH:9
BRDA:11,0,0,1
BRDA:11,0,1,2
BRDA:18,1,0,0
BRDA:18,1,1,2
BRDA:23,2,0,1
BRDA:23,2,1,1
BRDA:23,3,0,2
BRDA:23,3,1,2
BRF:8
BRH:7
end_of_record
TN:
SF:src\core\config\appConfig.ts
FNF:0
FNH:0
DA:3,20
LF:1
LH:1
BRF:0
BRH:0
end_of_record
TN:
SF:src\core\config\env.ts
FNF:0
FNH:0
DA:3,20
DA:20,20
LF:2
LH:2
BRF:0
BRH:0
end_of_record
TN:
SF:src\core\errors\AppError.ts
FN:15,(anonymous_0)
FNF:1
FNH:1
FNDA:5,(anonymous_0)
DA:21,5
DA:22,5
DA:23,5
LF:3
LH:3
BRF:0
BRH:0
end_of_record
TN:
SF:src\core\logging\Logger.ts
FN:15,(anonymous_0)
FN:19,(anonymous_1)
FN:22,(anonymous_2)
FN:27,(anonymous_3)
FN:42,(anonymous_4)
FN:50,(anonymous_5)
FN:51,(anonymous_6)
FN:69,(anonymous_7)
FN:73,(anonymous_8)
FN:77,(anonymous_9)
FN:81,(anonymous_10)
FNF:11
FNH:10
FNDA:20,(anonymous_0)
FNDA:129,(anonymous_1)
FNDA:12,(anonymous_2)
FNDA:13,(anonymous_3)
FNDA:0,(anonymous_4)
FNDA:5,(anonymous_5)
FNDA:20,(anonymous_6)
FNDA:16,(anonymous_7)
FNDA:94,(anonymous_8)
FNDA:10,(anonymous_9)
FNDA:9,(anonymous_10)
DA:5,20
DA:16,20
DA:20,129
DA:21,113
DA:22,113
DA:23,113
DA:28,13
DA:30,13
DA:31,10
DA:38,3
DA:41,2
DA:42,0
DA:46,2
DA:47,2
DA:49,2
DA:50,2
DA:51,20
DA:52,2
DA:54,3
DA:55,3
DA:56,1
DA:58,2
DA:63,0
DA:66,2
DA:70,16
DA:74,94
DA:78,10
DA:82,9
DA:86,20
LF:29
LH:27
BRDA:20,0,0,113
BRDA:20,0,1,16
BRDA:27,1,0,12
BRDA:28,2,0,0
BRDA:28,2,1,13
BRDA:30,3,0,10
BRDA:30,3,1,3
BRDA:38,4,0,1
BRDA:38,4,1,2
BRDA:38,5,0,3
BRDA:38,5,1,2
BRDA:41,6,0,0
BRDA:41,6,1,2
BRDA:51,7,0,2
BRDA:51,7,1,3
BRDA:55,8,0,1
BRDA:55,8,1,2
BRDA:55,9,0,3
BRDA:55,9,1,1
BRF:19
BRH:17
end_of_record
TN:
SF:src\database\db.ts
FN:14,(anonymous_0)
FN:30,(anonymous_1)
FNF:2
FNH:2
FNDA:4,(anonymous_0)
FNDA:1,(anonymous_1)
DA:5,7
DA:6,7
DA:7,7
DA:9,0
DA:12,7
DA:14,7
DA:15,4
DA:16,3
DA:17,0
DA:20,3
DA:21,3
DA:22,2
DA:23,2
DA:25,1
DA:26,1
DA:30,7
DA:31,1
DA:32,0
DA:33,0
DA:35,1
DA:38,1
DA:41,1
DA:149,1
LF:23
LH:19
BRDA:15,0,0,1
BRDA:15,0,1,3
BRDA:16,1,0,0
BRDA:16,1,1,3
BRDA:31,2,0,0
BRDA:31,2,1,1
BRF:6
BRH:4
end_of_record
TN:
SF:src\design\components\Button.tsx
FN:27,(anonymous_0)
FN:39,(anonymous_1)
FNF:2
FNH:2
FNDA:4,(anonymous_0)
FNDA:4,(anonymous_1)
DA:27,1
DA:36,4
DA:37,4
DA:39,4
DA:40,4
DA:42,0
DA:47,0
DA:56,0
DA:61,4
DA:68,4
DA:70,4
DA:92,1
LF:12
LH:9
BRDA:30,0,0,4
BRDA:31,1,0,3
BRDA:32,2,0,3
BRDA:37,3,0,0
BRDA:37,3,1,4
BRDA:40,4,0,0
BRDA:40,4,1,0
BRDA:40,4,2,0
BRDA:40,4,3,4
BRDA:73,5,0,4
BRDA:73,5,1,3
BRDA:77,6,0,4
BRDA:77,6,1,1
BRDA:83,7,0,1
BRDA:83,7,1,3
BRF:15
BRH:11
end_of_record
TN:
SF:src\design\components\TextInput.tsx
FN:23,(anonymous_0)
FNF:1
FNH:1
FNDA:3,(anonymous_0)
DA:23,1
DA:31,3
DA:32,3
DA:34,3
DA:64,1
LF:5
LH:5
BRDA:32,0,0,0
BRDA:32,0,1,3
BRDA:36,1,0,3
BRDA:36,1,1,1
BRDA:47,2,0,1
BRDA:47,2,1,2
BRDA:55,3,0,3
BRDA:55,3,1,1
BRF:8
BRH:7
end_of_record
TN:
SF:src\design\theme\ThemeContext.tsx
FN:27,(anonymous_0)
FN:50,(anonymous_1)
FNF:2
FNH:2
FNDA:3,(anonymous_0)
FNDA:3,(anonymous_1)
DA:25,1
DA:27,1
DA:28,3
DA:29,3
DA:31,3
DA:32,3
DA:34,3
DA:43,3
DA:50,1
DA:51,3
DA:52,3
DA:53,0
DA:55,3
LF:13
LH:12
BRDA:31,0,0,2
BRDA:31,0,1,1
BRDA:31,1,0,2
BRDA:31,1,1,0
BRDA:35,2,0,1
BRDA:35,2,1,2
BRDA:52,3,0,0
BRDA:52,3,1,3
BRF:8
BRH:6
end_of_record
TN:
SF:src\design\theme\colors.ts
FNF:0
FNH:0
DA:1,3
LF:1
LH:1
BRF:0
BRH:0
end_of_record
TN:
SF:src\design\theme\spacing.ts
FNF:0
FNH:0
DA:1,3
LF:1
LH:1
BRF:0
BRH:0
end_of_record
TN:
SF:src\design\theme\tokens.ts
FNF:0
FNH:0
DA:1,3
DA:11,3
LF:2
LH:2
BRF:0
BRH:0
end_of_record
TN:
SF:src\design\theme\typography.ts
FNF:0
FNH:0
DA:3,3
LF:1
LH:1
BRF:0
BRH:0
end_of_record
TN:
SF:src\features\auth\AuthStore.ts
FN:14,(anonymous_0)
FN:19,(anonymous_1)
FN:28,(anonymous_2)
FN:33,(anonymous_3)
FNF:4
FNH:4
FNDA:2,(anonymous_0)
FNDA:3,(anonymous_1)
FNDA:1,(anonymous_2)
FNDA:1,(anonymous_3)
DA:14,2
DA:20,3
DA:21,3
DA:22,3
DA:23,2
DA:25,3
DA:29,1
DA:30,1
DA:34,1
DA:35,1
LF:10
LH:10
BRDA:22,0,0,2
BRDA:22,0,1,1
BRF:2
BRH:2
end_of_record
TN:
SF:src\features\auth\models\User.ts
FNF:0
FNH:0
DA:3,1
LF:1
LH:1
BRF:0
BRH:0
end_of_record
TN:
SF:src\features\chat\ChatStore.ts
FN:18,(anonymous_0)
FN:24,(anonymous_1)
FN:34,(anonymous_2)
FN:52,(anonymous_3)
FN:61,(anonymous_4)
FN:76,(anonymous_5)
FN:99,(anonymous_6)
FN:103,(anonymous_7)
FN:104,(anonymous_8)
FN:106,(anonymous_9)
FN:108,(anonymous_10)
FN:109,(anonymous_11)
FN:115,(anonymous_12)
FN:130,(anonymous_13)
FN:137,(anonymous_14)
FN:152,(anonymous_15)
FN:160,(anonymous_16)
FN:169,(anonymous_17)
FN:175,(anonymous_18)
FN:183,(anonymous_19)
FN:198,(anonymous_20)
FN:204,(anonymous_21)
FN:220,(anonymous_22)
FN:238,(anonymous_23)
FN:297,(anonymous_24)
FN:298,(anonymous_25)
FN:302,(anonymous_26)
FN:326,(anonymous_27)
FNF:28
FNH:19
FNDA:3,(anonymous_0)
FNDA:2,(anonymous_1)
FNDA:5,(anonymous_2)
FNDA:3,(anonymous_3)
FNDA:11,(anonymous_4)
FNDA:6,(anonymous_5)
FNDA:1,(anonymous_6)
FNDA:0,(anonymous_7)
FNDA:0,(anonymous_8)
FNDA:0,(anonymous_9)
FNDA:0,(anonymous_10)
FNDA:0,(anonymous_11)
FNDA:1,(anonymous_12)
FNDA:1,(anonymous_13)
FNDA:0,(anonymous_14)
FNDA:2,(anonymous_15)
FNDA:10,(anonymous_16)
FNDA:0,(anonymous_17)
FNDA:0,(anonymous_18)
FNDA:2,(anonymous_19)
FNDA:3,(anonymous_20)
FNDA:2,(anonymous_21)
FNDA:10,(anonymous_22)
FNDA:0,(anonymous_23)
FNDA:13,(anonymous_24)
FNDA:26,(anonymous_25)
FNDA:13,(anonymous_26)
FNDA:1,(anonymous_27)
DA:18,3
DA:25,2
DA:26,2
DA:27,2
DA:28,2
DA:30,0
DA:35,5
DA:36,5
DA:37,1
DA:38,1
DA:41,4
DA:42,4
DA:44,4
DA:46,4
DA:47,4
DA:52,3
DA:55,3
DA:57,3
DA:58,3
DA:61,11
DA:64,3
DA:75,3
DA:76,3
DA:77,6
DA:78,2
DA:81,3
DA:83,3
DA:84,3
DA:87,3
DA:92,3
DA:93,3
DA:97,3
DA:98,1
DA:99,1
DA:100,1
DA:101,1
DA:103,1
DA:104,0
DA:106,1
DA:108,0
DA:109,0
DA:115,3
DA:122,3
DA:123,2
DA:127,2
DA:130,1
DA:131,1
DA:137,1
DA:138,1
DA:148,3
DA:149,3
DA:150,3
DA:152,3
DA:153,2
DA:154,2
DA:156,2
DA:157,2
DA:160,2
DA:161,10
DA:164,2
DA:168,3
DA:169,0
DA:172,3
DA:173,1
DA:174,1
DA:175,1
DA:183,3
DA:184,3
DA:187,3
DA:188,3
DA:190,3
DA:191,3
DA:198,3
DA:200,3
DA:201,3
DA:204,3
DA:205,2
DA:206,2
DA:207,2
DA:208,1
DA:212,3
DA:213,3
DA:214,2
DA:215,2
DA:216,2
DA:217,2
DA:218,2
DA:219,2
DA:220,2
DA:221,10
DA:224,2
DA:226,2
DA:231,2
DA:232,0
DA:237,3
DA:238,0
DA:241,3
DA:243,3
DA:244,2
DA:246,2
DA:247,2
DA:249,2
DA:251,2
DA:252,2
DA:257,2
DA:265,2
DA:271,2
DA:274,2
DA:276,2
DA:277,2
DA:278,2
DA:279,2
DA:280,2
DA:285,3
DA:286,1
DA:289,3
DA:290,3
DA:293,3
DA:294,3
DA:295,3
DA:296,13
DA:297,13
DA:299,26
DA:302,13
DA:306,3
DA:312,3
DA:313,3
DA:315,1
DA:318,1
DA:326,1
LF:130
LH:123
BRDA:36,0,0,1
BRDA:36,0,1,4
BRDA:61,1,0,11
BRDA:61,1,1,8
BRDA:77,2,0,2
BRDA:77,2,1,4
BRDA:83,3,0,3
BRDA:83,3,1,0
BRDA:92,4,0,3
BRDA:92,4,1,0
BRDA:93,5,0,3
BRDA:93,5,1,0
BRDA:97,6,0,1
BRDA:97,6,1,2
BRDA:97,7,0,3
BRDA:97,7,1,2
BRDA:108,8,0,0
BRDA:108,8,1,0
BRDA:109,9,0,0
BRDA:109,9,1,0
BRDA:123,10,0,2
BRDA:123,10,1,2
BRDA:123,10,2,2
BRDA:127,11,0,1
BRDA:127,11,1,1
BRDA:137,12,0,1
BRDA:137,12,1,0
BRDA:149,13,0,3
BRDA:149,13,1,2
BRDA:149,13,2,2
BRDA:149,13,3,2
BRDA:149,13,4,2
BRDA:150,14,0,3
BRDA:150,14,1,2
BRDA:150,14,2,2
BRDA:150,14,3,2
BRDA:150,14,4,2
BRDA:156,15,0,0
BRDA:156,15,1,2
BRDA:156,16,0,2
BRDA:156,16,1,0
BRDA:156,16,2,0
BRDA:157,17,0,1
BRDA:157,17,1,1
BRDA:157,18,0,2
BRDA:157,18,1,1
BRDA:157,18,2,0
BRDA:161,19,0,0
BRDA:161,19,1,10
BRDA:172,20,0,1
BRDA:172,20,1,2
BRDA:205,21,0,1
BRDA:205,21,1,1
BRDA:206,22,0,0
BRDA:206,22,1,2
BRDA:207,23,0,1
BRDA:207,23,1,1
BRDA:221,24,0,0
BRDA:221,24,1,10
BRDA:224,25,0,0
BRDA:224,25,1,2
BRDA:231,26,0,2
BRDA:231,26,1,0
BRDA:244,27,0,0
BRDA:244,27,1,2
BRDA:276,28,0,2
BRDA:276,28,1,0
BRDA:276,29,0,2
BRDA:276,29,1,2
BRDA:276,29,2,2
BRDA:285,30,0,1
BRDA:285,30,1,2
BRDA:299,31,0,13
BRDA:299,31,1,13
BRDA:322,32,0,1
BRDA:322,32,1,0
BRF:76
BRH:56
end_of_record
TN:
SF:src\features\home\HomeStore.ts
FN:14,(anonymous_0)
FN:22,(anonymous_1)
FNF:2
FNH:2
FNDA:1,(anonymous_0)
FNDA:2,(anonymous_1)
DA:14,1
DA:23,2
DA:24,2
DA:25,2
DA:30,1
DA:32,1
DA:33,1
LF:7
LH:7
BRF:0
BRH:0
end_of_record
TN:
SF:src\features\knowledge\ChunkRepository.ts
FN:6,(anonymous_0)
FN:9,(anonymous_1)
FN:20,(anonymous_2)
FN:26,(anonymous_3)
FNF:4
FNH:4
FNDA:1,(anonymous_0)
FNDA:1,(anonymous_1)
FNDA:2,(anonymous_2)
FNDA:1,(anonymous_3)
DA:7,1
DA:9,1
DA:10,1
DA:11,2
DA:12,2
DA:21,2
DA:22,2
DA:26,2
DA:33,4
LF:9
LH:9
BRDA:14,0,0,0
BRDA:14,0,1,2
BRDA:28,1,0,0
BRDA:28,1,1,1
BRF:4
BRH:2
end_of_record
TN:
SF:src\features\knowledge\KnowledgePipeline.ts
FN:13,(anonymous_0)
FN:29,(anonymous_1)
FN:44,(anonymous_2)
FN:55,(anonymous_3)
FN:86,(anonymous_4)
FN:101,(anonymous_5)
FN:125,(anonymous_6)
FN:140,(anonymous_7)
FN:151,(anonymous_8)
FNF:9
FNH:9
FNDA:2,(anonymous_0)
FNDA:1,(anonymous_1)
FNDA:4,(anonymous_2)
FNDA:2,(anonymous_3)
FNDA:1,(anonymous_4)
FNDA:1,(anonymous_5)
FNDA:1,(anonymous_6)
FNDA:1,(anonymous_7)
FNDA:1,(anonymous_8)
DA:14,2
DA:15,2
DA:16,2
DA:17,2
DA:19,2
DA:20,1
DA:23,1
DA:25,1
DA:28,1
DA:29,1
DA:35,1
DA:36,1
DA:38,1
DA:39,1
DA:40,1
DA:45,4
DA:46,4
DA:47,4
DA:48,4
DA:49,4
DA:50,4
DA:52,4
DA:56,2
DA:57,2
DA:58,2
DA:59,2
DA:60,2
DA:62,2
DA:63,1
DA:64,1
DA:67,1
DA:69,1
DA:70,1
DA:71,1
DA:73,1
DA:74,1
DA:75,1
DA:77,1
DA:78,1
DA:79,1
DA:80,1
DA:82,1
DA:83,1
DA:84,1
DA:86,1
DA:92,1
DA:93,1
DA:95,1
DA:96,1
DA:97,1
DA:102,1
DA:103,1
DA:104,1
DA:105,1
DA:106,1
DA:108,1
DA:110,1
DA:111,1
DA:112,1
DA:114,1
DA:116,1
DA:117,1
DA:118,1
DA:119,1
DA:121,1
DA:122,1
DA:123,1
DA:125,1
DA:131,1
DA:132,1
DA:134,0
DA:135,0
DA:136,0
DA:141,1
DA:142,1
DA:143,1
DA:144,1
DA:145,1
DA:147,1
DA:149,1
DA:150,1
DA:151,1
DA:157,1
DA:158,1
DA:160,0
DA:161,0
DA:162,0
DA:167,1
LF:88
LH:82
BRDA:19,0,0,1
BRDA:19,0,1,1
BRDA:19,1,0,2
BRDA:19,1,1,1
BRDA:62,2,0,1
BRDA:62,2,1,1
BRDA:62,3,0,2
BRDA:62,3,1,2
BRDA:79,4,0,1
BRDA:79,4,1,0
BRDA:117,5,0,1
BRDA:117,5,1,0
BRF:12
BRH:10
end_of_record
TN:
SF:src\features\knowledge\KnowledgeRepository.ts
FN:11,(anonymous_0)
FN:27,(anonymous_1)
FN:29,(anonymous_2)
FN:31,(anonymous_3)
FN:40,(anonymous_4)
FN:47,(anonymous_5)
FN:73,(anonymous_6)
FN:80,(anonymous_7)
FN:87,(anonymous_8)
FN:91,(anonymous_9)
FN:92,(anonymous_10)
FN:105,(anonymous_11)
FN:117,(anonymous_12)
FN:125,(anonymous_13)
FNF:14
FNH:14
FNDA:2,(anonymous_0)
FNDA:1,(anonymous_1)
FNDA:1,(anonymous_2)
FNDA:1,(anonymous_3)
FNDA:1,(anonymous_4)
FNDA:1,(anonymous_5)
FNDA:1,(anonymous_6)
FNDA:1,(anonymous_7)
FNDA:1,(anonymous_8)
FNDA:1,(anonymous_9)
FNDA:1,(anonymous_10)
FNDA:1,(anonymous_11)
FNDA:1,(anonymous_12)
FNDA:1,(anonymous_13)
DA:12,2
DA:13,2
DA:14,2
DA:16,2
DA:17,1
DA:18,1
DA:21,2
DA:22,1
DA:23,1
DA:26,2
DA:27,1
DA:28,1
DA:29,1
DA:30,1
DA:31,1
DA:32,1
DA:37,2
DA:39,2
DA:40,2
DA:48,1
DA:51,1
DA:54,1
DA:55,1
DA:56,1
DA:62,1
DA:66,1
DA:74,1
DA:75,1
DA:80,1
DA:88,1
DA:90,1
DA:91,1
DA:92,1
DA:94,1
DA:102,1
DA:106,1
DA:107,1
DA:114,1
DA:118,1
DA:119,1
DA:126,1
DA:127,1
DA:131,4
LF:43
LH:43
BRDA:11,0,0,1
BRDA:16,1,0,1
BRDA:16,1,1,1
BRDA:21,2,0,1
BRDA:21,2,1,1
BRDA:23,3,0,1
BRDA:23,3,1,0
BRDA:26,4,0,1
BRDA:26,4,1,1
BRDA:28,5,0,1
BRDA:28,5,1,0
BRDA:43,6,0,1
BRDA:43,6,1,0
BRDA:67,7,0,1
BRDA:67,7,1,0
BRDA:68,8,0,1
BRDA:68,8,1,0
BRDA:69,9,0,1
BRDA:69,9,1,0
BRDA:73,10,0,0
BRDA:83,11,0,0
BRDA:83,11,1,1
BRDA:88,12,0,0
BRDA:88,12,1,1
BRDA:105,13,0,0
BRDA:121,14,0,1
BRDA:121,14,1,0
BRF:27
BRH:16
end_of_record
TN:
SF:src\features\knowledge\KnowledgeStore.ts
FN:18,(anonymous_0)
FN:24,(anonymous_1)
FN:26,(anonymous_2)
FN:31,(anonymous_3)
FN:41,(anonymous_4)
FN:42,(anonymous_5)
FN:47,(anonymous_6)
FN:51,(anonymous_7)
FN:55,(anonymous_8)
FN:56,(anonymous_9)
FNF:10
FNH:10
FNDA:4,(anonymous_0)
FNDA:26,(anonymous_1)
FNDA:1,(anonymous_2)
FNDA:4,(anonymous_3)
FNDA:1,(anonymous_4)
FNDA:1,(anonymous_5)
FNDA:1,(anonymous_6)
FNDA:1,(anonymous_7)
FNDA:1,(anonymous_8)
FNDA:2,(anonymous_9)
DA:18,4
DA:24,26
DA:27,1
DA:28,1
DA:32,4
DA:33,4
DA:34,4
DA:35,3
DA:37,1
DA:42,1
DA:43,1
DA:44,1
DA:45,1
DA:46,1
DA:47,1
DA:52,1
DA:53,1
DA:54,1
DA:55,1
DA:56,2
DA:58,1
DA:60,0
DA:61,0
LF:23
LH:21
BRDA:24,0,0,6
BRDA:43,1,0,0
BRDA:43,1,1,1
BRDA:47,2,0,1
BRDA:47,2,1,0
BRF:5
BRH:3
end_of_record
TN:
SF:src\features\knowledge\models\KnowledgeItem.ts
FNF:0
FNH:0
DA:13,4
LF:1
LH:1
BRF:0
BRH:0
end_of_record
TN:
SF:src\features\knowledge\ocr\OCRRefiner.ts
FN:17,(anonymous_0)
FNF:1
FNH:1
FNDA:5,(anonymous_0)
DA:5,1
DA:18,5
DA:21,5
DA:22,1
DA:23,1
DA:26,4
DA:28,4
DA:29,4
DA:30,4
DA:36,3
DA:38,3
DA:39,1
DA:40,1
DA:43,2
DA:44,1
DA:45,1
DA:48,1
DA:49,1
DA:51,1
DA:52,1
DA:57,1
LF:21
LH:21
BRDA:21,0,0,1
BRDA:21,0,1,4
BRDA:38,1,0,1
BRDA:38,1,1,2
BRDA:43,2,0,1
BRDA:43,2,1,1
BRDA:43,3,0,2
BRDA:43,3,1,1
BRF:8
BRH:8
end_of_record
TN:
SF:src\features\knowledge\pdf\PDFProcessor.ts
FN:14,(anonymous_0)
FN:67,(anonymous_1)
FN:129,(anonymous_2)
FN:138,(anonymous_3)
FN:140,(anonymous_4)
FN:141,(anonymous_5)
FN:151,(anonymous_6)
FN:154,(anonymous_7)
FN:155,(anonymous_8)
FN:156,(anonymous_9)
FN:165,(anonymous_10)
FN:188,(anonymous_11)
FN:193,(anonymous_12)
FN:222,(anonymous_13)
FN:238,(anonymous_14)
FNF:15
FNH:6
FNDA:3,(anonymous_0)
FNDA:6,(anonymous_1)
FNDA:0,(anonymous_2)
FNDA:0,(anonymous_3)
FNDA:0,(anonymous_4)
FNDA:0,(anonymous_5)
FNDA:0,(anonymous_6)
FNDA:0,(anonymous_7)
FNDA:0,(anonymous_8)
FNDA:0,(anonymous_9)
FNDA:3,(anonymous_10)
FNDA:7,(anonymous_11)
FNDA:52,(anonymous_12)
FNDA:42,(anonymous_13)
FNDA:0,(anonymous_14)
DA:15,3
DA:17,3
DA:18,3
DA:19,3
DA:22,3
DA:23,3
DA:26,3
DA:27,3
DA:29,3
DA:30,3
DA:31,3
DA:34,3
DA:35,3
DA:36,3
DA:38,3
DA:39,3
DA:41,3
DA:47,3
DA:48,8
DA:49,7
DA:50,7
DA:51,7
DA:58,7
DA:62,1
DA:63,1
DA:64,1
DA:67,6
DA:70,0
DA:74,3
DA:75,2
DA:78,0
DA:83,3
DA:84,3
DA:85,3
DA:86,3
DA:88,3
DA:90,3
DA:91,1
DA:92,1
DA:93,1
DA:94,1
DA:95,1
DA:98,0
DA:103,3
DA:104,1
DA:108,2
DA:111,2
DA:112,2
DA:113,2
DA:114,2
DA:115,2
DA:116,2
DA:117,2
DA:119,2
DA:123,1
DA:124,1
DA:125,1
DA:130,0
DA:134,0
DA:135,0
DA:138,0
DA:140,0
DA:141,0
DA:142,0
DA:143,0
DA:145,0
DA:151,0
DA:153,0
DA:154,0
DA:155,0
DA:156,0
DA:158,0
DA:159,0
DA:162,0
DA:166,3
DA:168,3
DA:170,1
DA:174,1
DA:178,2
DA:185,2
DA:189,7
DA:190,7
DA:192,3
DA:193,3
DA:195,52
DA:196,52
DA:197,40
DA:198,40
DA:202,3
DA:203,3
DA:204,3
DA:205,4
DA:206,4
DA:207,2
DA:208,2
DA:212,3
DA:213,3
DA:214,1
DA:217,2
DA:219,2
DA:220,2
DA:222,2
DA:223,42
DA:224,42
DA:225,42
DA:226,42
DA:229,2
DA:235,2
DA:239,0
DA:240,0
DA:241,0
DA:243,0
DA:248,1
LF:113
LH:89
BRDA:22,0,0,3
BRDA:22,0,1,3
BRDA:34,1,0,3
BRDA:34,1,1,0
BRDA:48,2,0,1
BRDA:48,2,1,7
BRDA:58,3,0,1
BRDA:58,3,1,6
BRDA:58,4,0,7
BRDA:58,4,1,1
BRDA:74,5,0,2
BRDA:74,5,1,1
BRDA:78,6,0,0
BRDA:78,6,1,0
BRDA:83,7,0,3
BRDA:83,7,1,0
BRDA:83,8,0,3
BRDA:83,8,1,1
BRDA:83,8,2,3
BRDA:90,9,0,1
BRDA:90,9,1,2
BRDA:90,10,0,3
BRDA:90,10,1,1
BRDA:94,11,0,0
BRDA:94,11,1,1
BRDA:103,12,0,1
BRDA:103,12,1,2
BRDA:103,13,0,3
BRDA:103,13,1,2
BRDA:130,14,0,0
BRDA:130,14,1,0
BRDA:142,15,0,0
BRDA:142,15,1,0
BRDA:158,16,0,0
BRDA:158,16,1,0
BRDA:168,17,0,1
BRDA:168,17,1,2
BRDA:190,18,0,4
BRDA:190,18,1,3
BRDA:196,19,0,40
BRDA:196,19,1,12
BRDA:196,20,0,52
BRDA:196,20,1,40
BRDA:198,21,0,40
BRDA:198,21,1,4
BRDA:206,22,0,2
BRDA:206,22,1,2
BRDA:213,23,0,1
BRDA:213,23,1,2
BRDA:213,24,0,3
BRDA:213,24,1,2
BRDA:225,25,0,40
BRDA:225,25,1,2
BRDA:226,26,0,40
BRDA:226,26,1,2
BRF:55
BRH:44
end_of_record
TN:
SF:src\features\knowledge\voice\VoiceProcessor.ts
FN:8,(anonymous_0)
FN:14,(anonymous_1)
FN:18,(anonymous_2)
FNF:3
FNH:3
FNDA:2,(anonymous_0)
FNDA:1,(anonymous_1)
FNDA:3,(anonymous_2)
DA:9,2
DA:10,2
DA:11,1
DA:15,1
DA:19,3
DA:21,3
DA:22,3
DA:24,3
DA:26,3
DA:27,3
DA:28,0
DA:29,0
DA:32,3
DA:33,1
DA:34,1
DA:36,1
DA:37,0
DA:38,0
DA:41,1
DA:43,2
DA:46,2
DA:47,2
DA:50,2
DA:51,2
DA:52,2
DA:55,2
DA:56,2
DA:58,2
DA:59,1
DA:60,1
DA:63,1
DA:66,0
DA:67,0
DA:72,1
LF:34
LH:28
BRDA:10,0,0,1
BRDA:10,0,1,1
BRDA:19,1,0,0
BRDA:19,1,1,3
BRDA:27,2,0,0
BRDA:27,2,1,3
BRDA:32,3,0,1
BRDA:32,3,1,2
BRDA:36,4,0,0
BRDA:36,4,1,1
BRDA:36,5,0,1
BRDA:36,5,1,1
BRDA:50,6,0,2
BRDA:50,6,1,0
BRDA:51,7,0,0
BRDA:51,7,1,2
BRDA:58,8,0,1
BRDA:58,8,1,1
BRDA:58,9,0,2
BRDA:58,9,1,1
BRF:20
BRH:15
end_of_record
TN:
SF:src\features\knowledge\web\WebProcessor.ts
FN:4,(anonymous_0)
FN:10,(anonymous_1)
FNF:2
FNH:2
FNDA:2,(anonymous_0)
FNDA:2,(anonymous_1)
DA:5,2
DA:7,2
DA:11,2
DA:18,2
LF:4
LH:4
BRF:0
BRH:0
end_of_record
TN:
SF:src\features\notes\NoteRepository.ts
FN:7,(anonymous_0)
FN:30,(anonymous_1)
FN:37,(anonymous_2)
FN:43,(anonymous_3)
FN:48,(anonymous_4)
FN:50,(anonymous_5)
FN:61,(anonymous_6)
FNF:7
FNH:7
FNDA:2,(anonymous_0)
FNDA:1,(anonymous_1)
FNDA:1,(anonymous_2)
FNDA:1,(anonymous_3)
FNDA:2,(anonymous_4)
FNDA:2,(anonymous_5)
FNDA:1,(anonymous_6)
DA:8,2
DA:9,2
DA:10,2
DA:12,2
DA:22,2
DA:27,2
DA:31,1
DA:32,1
DA:37,1
DA:44,1
DA:45,1
DA:47,1
DA:48,2
DA:50,1
DA:51,2
DA:52,1
DA:55,1
DA:62,1
DA:63,1
DA:67,2
LF:20
LH:20
BRDA:7,0,0,2
BRDA:24,1,0,0
BRDA:24,1,1,2
BRDA:51,2,0,1
BRDA:51,2,1,1
BRDA:51,3,0,1
BRDA:51,3,1,0
BRF:7
BRH:5
end_of_record
TN:
SF:src\features\search\SearchStore.ts
FN:13,(anonymous_0)
FN:18,(anonymous_1)
FN:20,(anonymous_2)
FNF:3
FNH:3
FNDA:1,(anonymous_0)
FNDA:1,(anonymous_1)
FNDA:3,(anonymous_2)
DA:13,1
DA:18,1
DA:21,3
DA:22,3
DA:23,1
DA:24,1
DA:27,2
DA:28,2
DA:30,2
DA:34,1
DA:36,1
LF:11
LH:11
BRDA:22,0,0,1
BRDA:22,0,1,2
BRF:2
BRH:2
end_of_record
TN:
SF:src\features\settings\SettingsStore.ts
FN:16,(anonymous_0)
FN:18,(anonymous_1)
FN:20,(anonymous_2)
FN:24,(anonymous_3)
FN:25,(anonymous_4)
FN:26,(anonymous_5)
FN:27,(anonymous_6)
FN:29,(anonymous_7)
FN:29,(anonymous_8)
FNF:9
FNH:8
FNDA:5,(anonymous_0)
FNDA:1,(anonymous_1)
FNDA:2,(anonymous_2)
FNDA:5,(anonymous_3)
FNDA:5,(anonymous_4)
FNDA:17,(anonymous_5)
FNDA:0,(anonymous_6)
FNDA:5,(anonymous_7)
FNDA:5,(anonymous_8)
DA:14,5
DA:16,5
DA:18,1
DA:20,2
DA:24,5
DA:25,5
DA:26,17
DA:27,0
DA:29,5
DA:30,5
LF:10
LH:9
BRF:0
BRH:0
end_of_record
TN:
SF:src\platform\Platform.ts
FNF:0
FNH:0
DA:10,8
LF:1
LH:1
BRF:0
BRH:0
end_of_record
TN:
SF:src\platform\adapters\ExpoCamera.ts
FN:12,(anonymous_0)
FN:32,(anonymous_1)
FNF:2
FNH:2
FNDA:3,(anonymous_0)
FNDA:3,(anonymous_1)
DA:4,9
DA:5,9
DA:6,9
DA:8,0
DA:13,3
DA:14,0
DA:15,0
DA:18,3
DA:20,3
DA:21,3
DA:24,2
DA:25,2
DA:27,0
DA:28,0
DA:33,3
DA:34,0
DA:35,0
DA:37,3
DA:38,3
DA:43,2
DA:45,1
DA:46,1
DA:52,1
DA:53,1
LF:24
LH:17
BRDA:13,0,0,0
BRDA:13,0,1,3
BRDA:21,1,0,1
BRDA:21,1,1,2
BRDA:25,2,0,2
BRDA:25,2,1,1
BRDA:33,3,0,0
BRDA:33,3,1,3
BRDA:43,4,0,1
BRDA:43,4,1,1
BRF:10
BRH:8
end_of_record
TN:
SF:src\platform\adapters\ExpoFilePicker.ts
FN:19,(anonymous_0)
FN:45,(anonymous_1)
FNF:2
FNH:2
FNDA:3,(anonymous_0)
FNDA:1,(anonymous_1)
DA:4,9
DA:5,9
DA:6,9
DA:8,0
DA:11,9
DA:12,9
DA:13,9
DA:15,0
DA:20,3
DA:21,0
DA:22,0
DA:24,3
DA:25,3
DA:30,3
DA:32,1
DA:33,1
DA:40,0
DA:41,0
DA:46,1
DA:47,0
DA:48,0
DA:50,1
DA:51,1
DA:57,1
DA:59,1
DA:60,1
DA:67,0
DA:68,0
LF:28
LH:18
BRDA:20,0,0,0
BRDA:20,0,1,3
BRDA:26,1,0,3
BRDA:26,1,1,3
BRDA:30,2,0,2
BRDA:30,2,1,1
BRDA:46,3,0,0
BRDA:46,3,1,1
BRDA:57,4,0,0
BRDA:57,4,1,1
BRDA:62,5,0,1
BRDA:62,5,1,0
BRF:12
BRH:8
end_of_record
TN:
SF:src\platform\adapters\ExpoFileSystem.ts
FN:6,(anonymous_0)
FN:10,(anonymous_1)
FN:15,(anonymous_2)
FN:35,(anonymous_3)
FN:44,(anonymous_4)
FN:53,(anonymous_5)
FN:62,(anonymous_6)
FN:71,(anonymous_7)
FN:80,(anonymous_8)
FNF:9
FNH:5
FNDA:8,(anonymous_0)
FNDA:1,(anonymous_1)
FNDA:0,(anonymous_2)
FNDA:1,(anonymous_3)
FNDA:1,(anonymous_4)
FNDA:0,(anonymous_5)
FNDA:0,(anonymous_6)
FNDA:1,(anonymous_7)
FNDA:0,(anonymous_8)
DA:7,8
DA:11,1
DA:16,0
DA:17,0
DA:25,1
DA:26,1
DA:27,1
DA:28,1
DA:30,0
DA:31,0
DA:36,1
DA:37,1
DA:38,1
DA:40,1
DA:45,1
DA:46,1
DA:48,0
DA:49,0
DA:54,0
DA:55,0
DA:57,0
DA:58,0
DA:63,0
DA:64,0
DA:66,0
DA:67,0
DA:72,1
DA:73,1
DA:75,0
DA:76,0
DA:81,0
DA:84,0
DA:86,0
DA:87,0
LF:34
LH:14
BRDA:16,0,0,0
BRDA:16,0,1,0
BRDA:27,1,0,0
BRDA:27,1,1,1
BRF:4
BRH:1
end_of_record
TN:
SF:src\platform\adapters\ExpoMicrophone.ts
FN:21,(anonymous_0)
FN:47,(anonymous_1)
FN:71,(anonymous_2)
FN:101,(anonymous_3)
FN:150,(anonymous_4)
FN:163,(anonymous_5)
FNF:6
FNH:3
FNDA:1,(anonymous_0)
FNDA:3,(anonymous_1)
FNDA:0,(anonymous_2)
FNDA:2,(anonymous_3)
FNDA:0,(anonymous_4)
FNDA:0,(anonymous_5)
DA:9,9
DA:10,9
DA:12,0
DA:16,13
DA:17,13
DA:18,13
DA:19,13
DA:22,1
DA:24,1
DA:26,1
DA:27,1
DA:29,1
DA:30,0
DA:31,0
DA:35,1
DA:36,1
DA:39,1
DA:40,1
DA:42,0
DA:43,0
DA:48,3
DA:49,3
DA:50,3
DA:51,3
DA:52,3
DA:60,3
DA:61,3
DA:62,3
DA:63,3
DA:65,3
DA:71,3
DA:72,0
DA:75,3
DA:77,0
DA:78,0
DA:79,0
DA:82,0
DA:83,0
DA:86,0
DA:87,0
DA:88,0
DA:91,0
DA:93,0
DA:96,0
DA:97,0
DA:102,2
DA:103,2
DA:104,1
DA:106,1
DA:107,1
DA:108,1
DA:110,1
DA:111,1
DA:114,1
DA:118,1
DA:120,1
DA:121,1
DA:122,1
DA:125,1
DA:126,0
DA:129,0
DA:130,0
DA:131,0
DA:132,0
DA:133,0
DA:137,0
DA:138,0
DA:139,0
DA:142,0
DA:143,0
DA:145,0
DA:146,0
DA:151,0
DA:152,0
DA:153,0
DA:155,0
DA:156,0
DA:157,0
DA:158,0
DA:159,0
DA:164,0
DA:165,0
DA:166,0
DA:167,0
DA:168,0
DA:169,0
LF:86
LH:41
BRDA:22,0,0,0
BRDA:22,0,1,1
BRDA:26,1,0,1
BRDA:26,1,1,0
BRDA:27,2,0,1
BRDA:27,2,1,0
BRDA:29,3,0,0
BRDA:29,3,1,1
BRDA:29,4,0,1
BRDA:29,4,1,1
BRDA:36,5,0,0
BRDA:36,5,1,1
BRDA:36,6,0,1
BRDA:36,6,1,1
BRDA:40,7,0,1
BRDA:40,7,1,0
BRDA:48,8,0,0
BRDA:48,8,1,3
BRDA:51,9,0,3
BRDA:51,9,1,0
BRDA:60,10,0,3
BRDA:60,10,1,0
BRDA:77,11,0,0
BRDA:77,11,1,0
BRDA:80,12,0,0
BRDA:80,12,1,0
BRDA:86,13,0,0
BRDA:86,13,1,0
BRDA:89,14,0,0
BRDA:89,14,1,0
BRDA:103,15,0,1
BRDA:103,15,1,1
BRDA:103,16,0,2
BRDA:103,16,1,1
BRDA:125,17,0,1
BRDA:125,17,1,0
BRDA:129,18,0,0
BRDA:129,18,1,0
BRDA:129,19,0,0
BRDA:129,19,1,0
BRDA:132,20,0,0
BRDA:132,20,1,0
BRDA:137,21,0,0
BRDA:137,21,1,0
BRDA:151,22,0,0
BRDA:151,22,1,0
BRDA:155,23,0,0
BRDA:155,23,1,0
BRDA:156,24,0,0
BRDA:156,24,1,0
BRDA:158,25,0,0
BRDA:158,25,1,0
BRDA:164,26,0,0
BRDA:164,26,1,0
BRDA:165,27,0,0
BRDA:165,27,1,0
BRDA:166,28,0,0
BRDA:166,28,1,0
BRDA:168,29,0,0
BRDA:168,29,1,0
BRF:60
BRH:18
end_of_record
TN:
SF:src\platform\adapters\ExpoNotifications.ts
FN:12,(anonymous_0)
FN:21,(anonymous_1)
FN:32,(anonymous_2)
FNF:3
FNH:3
FNDA:1,(anonymous_0)
FNDA:1,(anonymous_1)
FNDA:1,(anonymous_2)
DA:4,9
DA:5,9
DA:6,9
DA:8,0
DA:13,1
DA:14,0
DA:15,0
DA:17,1
DA:18,1
DA:22,1
DA:23,0
DA:24,0
DA:26,1
DA:33,1
DA:34,0
DA:35,0
DA:37,1
LF:17
LH:10
BRDA:13,0,0,0
BRDA:13,0,1,1
BRDA:21,1,0,0
BRDA:22,2,0,0
BRDA:22,2,1,1
BRDA:33,3,0,0
BRDA:33,3,1,1
BRF:7
BRH:3
end_of_record
TN:
SF:src\platform\adapters\ExpoSecureStorage.ts
FN:12,(anonymous_0)
FN:19,(anonymous_1)
FN:27,(anonymous_2)
FNF:3
FNH:3
FNDA:51,(anonymous_0)
FNDA:9,(anonymous_1)
FNDA:1,(anonymous_2)
DA:4,9
DA:5,9
DA:6,9
DA:8,0
DA:13,51
DA:14,0
DA:16,51
DA:20,9
DA:21,0
DA:22,0
DA:24,9
DA:28,1
DA:29,0
DA:30,0
DA:32,1
LF:15
LH:9
BRDA:13,0,0,0
BRDA:13,0,1,51
BRDA:20,1,0,0
BRDA:20,1,1,9
BRDA:28,2,0,0
BRDA:28,2,1,1
BRF:6
BRH:3
end_of_record
TN:
SF:src\platform\adapters\LlamaLocalAI.ts
FN:17,(anonymous_0)
FN:21,(anonymous_1)
FN:48,(anonymous_2)
FN:57,(anonymous_3)
FN:59,(anonymous_4)
FN:76,(anonymous_5)
FN:84,(anonymous_6)
FN:88,(anonymous_7)
FN:107,(anonymous_8)
FN:115,(anonymous_9)
FNF:10
FNH:9
FNDA:3,(anonymous_0)
FNDA:8,(anonymous_1)
FNDA:2,(anonymous_2)
FNDA:2,(anonymous_3)
FNDA:1,(anonymous_4)
FNDA:2,(anonymous_5)
FNDA:1,(anonymous_6)
FNDA:11,(anonymous_7)
FNDA:0,(anonymous_8)
FNDA:2,(anonymous_9)
DA:7,9
DA:8,9
DA:10,0
DA:14,16
DA:15,16
DA:18,3
DA:22,8
DA:23,0
DA:24,0
DA:25,0
DA:28,8
DA:30,8
DA:33,8
DA:35,8
DA:41,2
DA:43,6
DA:44,6
DA:49,2
DA:50,0
DA:51,0
DA:53,2
DA:54,2
DA:58,2
DA:59,1
DA:60,1
DA:63,1
DA:65,1
DA:66,1
DA:68,1
DA:69,1
DA:77,2
DA:81,1
DA:85,1
DA:86,1
DA:87,1
DA:88,11
DA:89,11
DA:91,1
DA:92,1
DA:95,0
DA:97,0
DA:98,0
DA:100,0
DA:108,0
DA:112,0
DA:117,2
DA:120,2
DA:121,1
DA:122,1
DA:126,2
DA:130,2
LF:51
LH:39
BRDA:18,0,0,3
BRDA:18,0,1,2
BRDA:22,1,0,0
BRDA:22,1,1,8
BRDA:28,2,0,0
BRDA:28,2,1,8
BRDA:33,3,0,2
BRDA:33,3,1,6
BRDA:49,4,0,0
BRDA:49,4,1,2
BRDA:58,5,0,1
BRDA:58,5,1,1
BRDA:63,6,0,0
BRDA:63,6,1,1
BRDA:85,7,0,1
BRDA:85,7,1,0
BRDA:95,8,0,0
BRDA:95,8,1,0
BRDA:118,9,0,2
BRDA:118,9,1,1
BRDA:120,10,0,1
BRDA:120,10,1,1
BRDA:120,11,0,2
BRDA:120,11,1,1
BRF:24
BRH:17
end_of_record
TN:
SF:src\platform\adapters\MLKitOCR.ts
FN:6,(anonymous_0)
FNF:1
FNH:1
FNDA:3,(anonymous_0)
DA:7,3
DA:8,3
DA:12,3
DA:17,2
DA:18,1
DA:19,1
DA:22,1
DA:23,1
DA:25,0
DA:28,1
DA:30,1
DA:31,1
LF:12
LH:11
BRDA:17,0,0,1
BRDA:17,0,1,1
BRDA:17,1,0,2
BRDA:17,1,1,1
BRDA:22,2,0,1
BRDA:22,2,1,0
BRF:6
BRH:5
end_of_record
TN:
SF:src\shared\utils\WavHelper.ts
FN:3,(anonymous_0)
FNF:1
FNH:1
FNDA:1,(anonymous_0)
DA:3,9
DA:4,1
DA:5,1
DA:6,1
DA:8,1
DA:9,1
DA:10,1
DA:11,1
DA:12,1
DA:13,1
DA:14,1
DA:15,1
DA:16,1
DA:17,1
DA:18,1
DA:20,1
DA:21,1
DA:23,1
LF:18
LH:18
BRDA:3,0,0,0
BRDA:3,1,0,0
BRF:2
BRH:0
end_of_record
TN:
SF:src\shared\utils\id.ts
FN:6,(anonymous_0)
FNF:1
FNH:1
FNDA:3,(anonymous_0)
DA:6,5
DA:7,3
LF:2
LH:2
BRF:0
BRH:0
end_of_record
TN:
SF:src\testing\test-utils.tsx
FN:5,(anonymous_0)
FN:13,(anonymous_1)
FNF:2
FNH:2
FNDA:10,(anonymous_0)
FNDA:10,(anonymous_1)
DA:5,3
DA:6,10
DA:13,3
DA:16,10
LF:4
LH:4
BRF:0
BRH:0
end_of_record
