TN:
SF:src\ai\AIModelManager.ts
FN:22,(anonymous_0)
FN:27,(anonymous_1)
FN:32,(anonymous_2)
FN:42,(anonymous_3)
FN:42,(anonymous_4)
FN:54,(anonymous_5)
FNF:6
FNH:6
FNDA:2,(anonymous_0)
FNDA:2,(anonymous_1)
FNDA:2,(anonymous_2)
FNDA:11,(anonymous_3)
FNDA:11,(anonymous_4)
FNDA:1,(anonymous_5)
DA:22,2
DA:29,2
DA:33,2
DA:35,1
DA:37,1
DA:38,1
DA:41,1
DA:42,11
DA:43,11
DA:46,1
DA:47,1
DA:49,0
DA:50,0
DA:55,1
LF:14
LH:12
BRDA:33,0,0,1
BRDA:33,0,1,1
BRF:2
BRH:2
end_of_record
TN:
SF:src\ai\AIProviderFactory.ts
FN:9,(anonymous_0)
FNF:1
FNH:0
FNDA:0,(anonymous_0)
DA:6,1
DA:7,1
DA:9,1
DA:10,0
DA:11,0
LF:5
LH:3
BRDA:11,0,0,0
BRDA:11,0,1,0
BRF:2
BRH:0
end_of_record
TN:
SF:src\ai\adapters\LocalAIProvider.ts
FN:7,(anonymous_0)
FN:20,(anonymous_1)
FNF:2
FNH:2
FNDA:2,(anonymous_0)
FNDA:2,(anonymous_1)
DA:8,2
DA:9,2
DA:10,2
DA:11,1
DA:13,1
DA:15,1
DA:16,1
DA:21,2
DA:22,2
DA:23,2
DA:24,1
DA:26,1
DA:28,1
DA:29,1
LF:14
LH:14
BRDA:10,0,0,1
BRDA:10,0,1,1
BRDA:23,1,0,1
BRDA:23,1,1,1
BRF:4
BRH:4
end_of_record
TN:
SF:src\ai\adapters\OpenRouterAdapter.ts
FN:9,(anonymous_0)
FN:13,(anonymous_1)
FN:48,(anonymous_2)
FNF:3
FNH:3
FNDA:6,(anonymous_0)
FNDA:4,(anonymous_1)
FNDA:1,(anonymous_2)
DA:10,6
DA:14,4
DA:15,2
DA:18,2
DA:34,2
DA:35,1
DA:38,1
DA:39,1
DA:51,1
DA:52,1
LF:10
LH:10
BRDA:14,0,0,2
BRDA:14,0,1,2
BRDA:34,1,0,1
BRDA:34,1,1,1
BRF:4
BRH:4
end_of_record
TN:
SF:src\app\index.tsx
FN:6,Index
FN:11,(anonymous_1)
FN:12,(anonymous_2)
FNF:3
FNH:3
FNDA:5,Index
FNDA:2,(anonymous_1)
FNDA:2,(anonymous_2)
DA:7,5
DA:8,5
DA:9,5
DA:11,5
DA:12,2
DA:15,5
DA:18,2
DA:20,2
DA:21,0
DA:25,2
DA:26,1
DA:29,1
LF:12
LH:11
BRDA:15,0,0,3
BRDA:15,0,1,2
BRDA:20,1,0,0
BRDA:20,1,1,2
BRDA:25,2,0,1
BRDA:25,2,1,1
BRDA:25,3,0,2
BRDA:25,3,1,2
BRF:8
BRH:7
end_of_record
TN:
SF:src\core\config\appConfig.ts
FNF:0
FNH:0
DA:3,7
LF:1
LH:1
BRF:0
BRH:0
end_of_record
TN:
SF:src\core\config\env.ts
FNF:0
FNH:0
DA:3,7
DA:20,7
LF:2
LH:2
BRF:0
BRH:0
end_of_record
TN:
SF:src\core\errors\AppError.ts
FN:15,(anonymous_0)
FNF:1
FNH:1
FNDA:3,(anonymous_0)
DA:21,3
DA:22,3
DA:23,3
LF:3
LH:3
BRF:0
BRH:0
end_of_record
TN:
SF:src\core\logging\Logger.ts
FN:15,(anonymous_0)
FN:19,(anonymous_1)
FN:22,(anonymous_2)
FN:27,(anonymous_3)
FN:34,(anonymous_4)
FN:35,(anonymous_5)
FN:45,(anonymous_6)
FN:49,(anonymous_7)
FN:53,(anonymous_8)
FN:57,(anonymous_9)
FNF:10
FNH:10
FNDA:7,(anonymous_0)
FNDA:14,(anonymous_1)
FNDA:3,(anonymous_2)
FNDA:4,(anonymous_3)
FNDA:5,(anonymous_4)
FNDA:20,(anonymous_5)
FNDA:1,(anonymous_6)
FNDA:7,(anonymous_7)
FNDA:4,(anonymous_8)
FNDA:2,(anonymous_9)
DA:5,7
DA:16,7
DA:20,14
DA:21,13
DA:22,13
DA:23,13
DA:28,4
DA:31,3
DA:32,3
DA:34,3
DA:35,20
DA:36,2
DA:37,3
DA:38,1
DA:42,3
DA:46,1
DA:50,7
DA:54,4
DA:58,2
DA:62,7
LF:20
LH:20
BRDA:20,0,0,13
BRDA:20,0,1,1
BRDA:28,1,0,1
BRDA:28,1,1,3
BRDA:28,2,0,4
BRDA:28,2,1,3
BRDA:35,3,0,2
BRDA:35,3,1,3
BRDA:37,4,0,1
BRDA:37,4,1,2
BRF:10
BRH:10
end_of_record
TN:
SF:src\database\db.ts
FN:14,(anonymous_0)
FN:30,(anonymous_1)
FNF:2
FNH:2
FNDA:2,(anonymous_0)
FNDA:1,(anonymous_1)
DA:5,2
DA:6,2
DA:7,2
DA:9,0
DA:12,2
DA:14,2
DA:15,2
DA:16,1
DA:17,0
DA:20,1
DA:21,1
DA:22,1
DA:23,1
DA:25,0
DA:26,0
DA:30,2
DA:31,1
DA:32,0
DA:33,0
DA:35,1
DA:38,1
DA:41,1
DA:149,1
LF:23
LH:17
BRDA:15,0,0,1
BRDA:15,0,1,1
BRDA:16,1,0,0
BRDA:16,1,1,1
BRDA:31,2,0,0
BRDA:31,2,1,1
BRF:6
BRH:4
end_of_record
TN:
SF:src\design\components\Button.tsx
FN:27,(anonymous_0)
FN:39,(anonymous_1)
FNF:2
FNH:2
FNDA:4,(anonymous_0)
FNDA:4,(anonymous_1)
DA:27,1
DA:36,4
DA:37,4
DA:39,4
DA:40,4
DA:42,0
DA:47,0
DA:56,0
DA:61,4
DA:68,4
DA:70,4
DA:92,1
LF:12
LH:9
BRDA:30,0,0,4
BRDA:31,1,0,3
BRDA:32,2,0,3
BRDA:37,3,0,0
BRDA:37,3,1,4
BRDA:40,4,0,0
BRDA:40,4,1,0
BRDA:40,4,2,0
BRDA:40,4,3,4
BRDA:73,5,0,4
BRDA:73,5,1,3
BRDA:77,6,0,4
BRDA:77,6,1,1
BRDA:83,7,0,1
BRDA:83,7,1,3
BRF:15
BRH:11
end_of_record
TN:
SF:src\design\components\TextInput.tsx
FN:23,(anonymous_0)
FNF:1
FNH:1
FNDA:3,(anonymous_0)
DA:23,1
DA:30,3
DA:31,3
DA:33,3
DA:62,1
LF:5
LH:5
BRDA:31,0,0,0
BRDA:31,0,1,3
BRDA:35,1,0,3
BRDA:35,1,1,1
BRDA:46,2,0,1
BRDA:46,2,1,2
BRDA:53,3,0,3
BRDA:53,3,1,1
BRF:8
BRH:7
end_of_record
TN:
SF:src\design\theme\ThemeContext.tsx
FN:27,(anonymous_0)
FN:50,(anonymous_1)
FNF:2
FNH:2
FNDA:3,(anonymous_0)
FNDA:3,(anonymous_1)
DA:25,1
DA:27,1
DA:28,3
DA:29,3
DA:31,3
DA:32,3
DA:34,3
DA:43,3
DA:50,1
DA:51,3
DA:52,3
DA:53,0
DA:55,3
LF:13
LH:12
BRDA:31,0,0,2
BRDA:31,0,1,1
BRDA:31,1,0,2
BRDA:31,1,1,0
BRDA:35,2,0,1
BRDA:35,2,1,2
BRDA:52,3,0,0
BRDA:52,3,1,3
BRF:8
BRH:6
end_of_record
TN:
SF:src\design\theme\colors.ts
FNF:0
FNH:0
DA:1,3
LF:1
LH:1
BRF:0
BRH:0
end_of_record
TN:
SF:src\design\theme\spacing.ts
FNF:0
FNH:0
DA:1,3
LF:1
LH:1
BRF:0
BRH:0
end_of_record
TN:
SF:src\design\theme\tokens.ts
FNF:0
FNH:0
DA:1,3
DA:11,3
LF:2
LH:2
BRF:0
BRH:0
end_of_record
TN:
SF:src\design\theme\typography.ts
FNF:0
FNH:0
DA:3,3
LF:1
LH:1
BRF:0
BRH:0
end_of_record
TN:
SF:src\features\auth\AuthStore.ts
FN:14,(anonymous_0)
FN:19,(anonymous_1)
FN:28,(anonymous_2)
FN:33,(anonymous_3)
FNF:4
FNH:4
FNDA:2,(anonymous_0)
FNDA:3,(anonymous_1)
FNDA:1,(anonymous_2)
FNDA:1,(anonymous_3)
DA:14,2
DA:20,3
DA:21,3
DA:22,3
DA:23,2
DA:25,3
DA:29,1
DA:30,1
DA:34,1
DA:35,1
LF:10
LH:10
BRDA:22,0,0,2
BRDA:22,0,1,1
BRF:2
BRH:2
end_of_record
TN:
SF:src\features\auth\models\User.ts
FNF:0
FNH:0
DA:3,1
LF:1
LH:1
BRF:0
BRH:0
end_of_record
TN:
SF:src\features\chat\ChatStore.ts
FN:16,(anonymous_0)
FN:21,(anonymous_1)
FN:31,(anonymous_2)
FN:43,(anonymous_3)
FN:47,(anonymous_4)
FN:63,(anonymous_5)
FNF:6
FNH:6
FNDA:2,(anonymous_0)
FNDA:2,(anonymous_1)
FNDA:3,(anonymous_2)
FNDA:1,(anonymous_3)
FNDA:1,(anonymous_4)
FNDA:1,(anonymous_5)
DA:16,2
DA:22,2
DA:23,2
DA:24,2
DA:25,2
DA:27,0
DA:32,3
DA:33,3
DA:35,2
DA:36,2
DA:38,2
DA:43,1
DA:46,1
DA:47,1
DA:50,1
DA:51,1
DA:52,1
DA:58,1
DA:63,1
DA:65,1
DA:66,1
LF:21
LH:20
BRDA:33,0,0,1
BRDA:33,0,1,2
BRF:2
BRH:2
end_of_record
TN:
SF:src\features\home\HomeStore.ts
FN:14,(anonymous_0)
FN:23,(anonymous_1)
FN:27,(anonymous_2)
FNF:3
FNH:3
FNDA:1,(anonymous_0)
FNDA:1,(anonymous_1)
FNDA:1,(anonymous_2)
DA:14,1
DA:24,1
DA:27,1
DA:28,1
LF:4
LH:4
BRF:0
BRH:0
end_of_record
TN:
SF:src\features\knowledge\KnowledgeRepository.ts
FN:11,(anonymous_0)
FN:34,(anonymous_1)
FN:41,(anonymous_2)
FN:49,(anonymous_3)
FNF:4
FNH:4
FNDA:2,(anonymous_0)
FNDA:1,(anonymous_1)
FNDA:1,(anonymous_2)
FNDA:1,(anonymous_3)
DA:12,2
DA:13,2
DA:14,2
DA:16,2
DA:17,1
DA:18,1
DA:21,2
DA:22,1
DA:23,1
DA:26,2
DA:27,1
DA:28,1
DA:31,2
DA:33,2
DA:34,2
DA:42,1
DA:43,1
DA:50,1
DA:51,1
DA:55,2
LF:20
LH:20
BRDA:11,0,0,1
BRDA:16,1,0,1
BRDA:16,1,1,1
BRDA:21,2,0,1
BRDA:21,2,1,1
BRDA:23,3,0,1
BRDA:23,3,1,0
BRDA:26,4,0,1
BRDA:26,4,1,1
BRDA:37,5,0,1
BRDA:37,5,1,0
BRDA:45,6,0,1
BRDA:45,6,1,0
BRF:13
BRH:10
end_of_record
TN:
SF:src\features\knowledge\KnowledgeStore.ts
FN:15,(anonymous_0)
FN:20,(anonymous_1)
FN:25,(anonymous_2)
FN:35,(anonymous_3)
FN:36,(anonymous_4)
FN:41,(anonymous_5)
FN:45,(anonymous_6)
FN:48,(anonymous_7)
FNF:8
FNH:8
FNDA:2,(anonymous_0)
FNDA:1,(anonymous_1)
FNDA:3,(anonymous_2)
FNDA:1,(anonymous_3)
FNDA:1,(anonymous_4)
FNDA:1,(anonymous_5)
FNDA:1,(anonymous_6)
FNDA:2,(anonymous_7)
DA:15,2
DA:21,1
DA:22,1
DA:26,3
DA:27,3
DA:28,3
DA:29,3
DA:31,0
DA:36,1
DA:37,1
DA:38,1
DA:39,1
DA:40,1
DA:41,1
DA:46,1
DA:47,1
DA:48,2
LF:17
LH:16
BRDA:37,0,0,0
BRDA:37,0,1,1
BRDA:41,1,0,1
BRDA:41,1,1,0
BRF:4
BRH:2
end_of_record
TN:
SF:src\features\knowledge\models\KnowledgeItem.ts
FNF:0
FNH:0
DA:13,3
LF:1
LH:1
BRF:0
BRH:0
end_of_record
TN:
SF:src\features\notes\NoteRepository.ts
FN:7,(anonymous_0)
FN:30,(anonymous_1)
FN:37,(anonymous_2)
FN:43,(anonymous_3)
FN:48,(anonymous_4)
FN:50,(anonymous_5)
FN:61,(anonymous_6)
FNF:7
FNH:7
FNDA:2,(anonymous_0)
FNDA:1,(anonymous_1)
FNDA:1,(anonymous_2)
FNDA:1,(anonymous_3)
FNDA:2,(anonymous_4)
FNDA:2,(anonymous_5)
FNDA:1,(anonymous_6)
DA:8,2
DA:9,2
DA:10,2
DA:12,2
DA:22,2
DA:27,2
DA:31,1
DA:32,1
DA:37,1
DA:44,1
DA:45,1
DA:47,1
DA:48,2
DA:50,1
DA:51,2
DA:52,1
DA:55,1
DA:62,1
DA:63,1
DA:67,2
LF:20
LH:20
BRDA:24,0,0,0
BRDA:24,0,1,2
BRDA:51,1,0,1
BRDA:51,1,1,1
BRDA:51,2,0,1
BRDA:51,2,1,0
BRF:6
BRH:4
end_of_record
TN:
SF:src\features\search\SearchStore.ts
FN:13,(anonymous_0)
FN:18,(anonymous_1)
FN:20,(anonymous_2)
FNF:3
FNH:3
FNDA:1,(anonymous_0)
FNDA:1,(anonymous_1)
FNDA:3,(anonymous_2)
DA:13,1
DA:18,1
DA:21,3
DA:22,3
DA:23,1
DA:24,1
DA:27,2
DA:28,2
DA:30,2
DA:34,1
DA:36,1
LF:11
LH:11
BRDA:22,0,0,1
BRDA:22,0,1,2
BRF:2
BRH:2
end_of_record
TN:
SF:src\features\settings\SettingsStore.ts
FN:14,(anonymous_0)
FN:16,(anonymous_1)
FN:20,(anonymous_2)
FN:21,(anonymous_3)
FN:22,(anonymous_4)
FN:23,(anonymous_5)
FNF:6
FNH:4
FNDA:2,(anonymous_0)
FNDA:0,(anonymous_1)
FNDA:2,(anonymous_2)
FNDA:2,(anonymous_3)
FNDA:2,(anonymous_4)
FNDA:0,(anonymous_5)
DA:12,2
DA:14,2
DA:16,0
DA:20,2
DA:21,2
DA:22,2
DA:23,0
LF:7
LH:5
BRF:0
BRH:0
end_of_record
TN:
SF:src\platform\Platform.ts
FNF:0
FNH:0
DA:9,3
LF:1
LH:1
BRF:0
BRH:0
end_of_record
TN:
SF:src\platform\adapters\ExpoCamera.ts
FN:12,(anonymous_0)
FN:21,(anonymous_1)
FNF:2
FNH:2
FNDA:3,(anonymous_0)
FNDA:3,(anonymous_1)
DA:4,4
DA:5,4
DA:6,4
DA:8,0
DA:13,3
DA:14,0
DA:15,0
DA:17,3
DA:18,3
DA:22,3
DA:23,0
DA:24,0
DA:26,3
DA:27,3
DA:32,2
DA:34,1
DA:35,1
DA:41,1
DA:42,1
LF:19
LH:14
BRDA:13,0,0,0
BRDA:13,0,1,3
BRDA:22,1,0,0
BRDA:22,1,1,3
BRDA:32,2,0,1
BRDA:32,2,1,1
BRF:6
BRH:4
end_of_record
TN:
SF:src\platform\adapters\ExpoFilePicker.ts
FN:19,(anonymous_0)
FN:45,(anonymous_1)
FNF:2
FNH:2
FNDA:3,(anonymous_0)
FNDA:1,(anonymous_1)
DA:4,4
DA:5,4
DA:6,4
DA:8,0
DA:11,4
DA:12,4
DA:13,4
DA:15,0
DA:20,3
DA:21,0
DA:22,0
DA:24,3
DA:25,3
DA:30,3
DA:32,1
DA:33,1
DA:40,0
DA:41,0
DA:46,1
DA:47,0
DA:48,0
DA:50,1
DA:51,1
DA:57,1
DA:59,1
DA:60,1
DA:67,0
DA:68,0
LF:28
LH:18
BRDA:20,0,0,0
BRDA:20,0,1,3
BRDA:26,1,0,3
BRDA:26,1,1,3
BRDA:30,2,0,2
BRDA:30,2,1,1
BRDA:46,3,0,0
BRDA:46,3,1,1
BRDA:57,4,0,0
BRDA:57,4,1,1
BRDA:62,5,0,1
BRDA:62,5,1,0
BRF:12
BRH:8
end_of_record
TN:
SF:src\platform\adapters\ExpoMicrophone.ts
FN:15,(anonymous_0)
FN:21,(anonymous_1)
FN:39,(anonymous_2)
FN:52,(anonymous_3)
FN:56,(anonymous_4)
FNF:5
FNH:5
FNDA:1,(anonymous_0)
FNDA:3,(anonymous_1)
FNDA:2,(anonymous_2)
FNDA:1,(anonymous_3)
FNDA:1,(anonymous_4)
DA:6,4
DA:7,4
DA:9,0
DA:13,8
DA:16,1
DA:17,1
DA:18,1
DA:22,3
DA:23,3
DA:24,3
DA:29,3
DA:32,3
DA:34,0
DA:35,0
DA:40,2
DA:41,1
DA:42,1
DA:43,1
DA:44,1
DA:45,1
DA:47,0
DA:48,0
DA:53,1
DA:57,1
LF:24
LH:19
BRDA:16,0,0,0
BRDA:16,0,1,1
BRDA:22,1,0,0
BRDA:22,1,1,3
BRDA:40,2,0,1
BRDA:40,2,1,1
BRF:6
BRH:4
end_of_record
TN:
SF:src\platform\adapters\ExpoNotifications.ts
FN:12,(anonymous_0)
FN:21,(anonymous_1)
FN:32,(anonymous_2)
FNF:3
FNH:3
FNDA:1,(anonymous_0)
FNDA:1,(anonymous_1)
FNDA:1,(anonymous_2)
DA:4,4
DA:5,4
DA:6,4
DA:8,0
DA:13,1
DA:14,0
DA:15,0
DA:17,1
DA:18,1
DA:22,1
DA:23,0
DA:24,0
DA:26,1
DA:33,1
DA:34,0
DA:35,0
DA:37,1
LF:17
LH:10
BRDA:13,0,0,0
BRDA:13,0,1,1
BRDA:21,1,0,0
BRDA:22,2,0,0
BRDA:22,2,1,1
BRDA:33,3,0,0
BRDA:33,3,1,1
BRF:7
BRH:3
end_of_record
TN:
SF:src\platform\adapters\ExpoSecureStorage.ts
FN:12,(anonymous_0)
FN:19,(anonymous_1)
FN:27,(anonymous_2)
FNF:3
FNH:3
FNDA:3,(anonymous_0)
FNDA:3,(anonymous_1)
FNDA:1,(anonymous_2)
DA:4,4
DA:5,4
DA:6,4
DA:8,0
DA:13,3
DA:14,0
DA:16,3
DA:20,3
DA:21,0
DA:22,0
DA:24,3
DA:28,1
DA:29,0
DA:30,0
DA:32,1
LF:15
LH:9
BRDA:13,0,0,0
BRDA:13,0,1,3
BRDA:20,1,0,0
BRDA:20,1,1,3
BRDA:28,2,0,0
BRDA:28,2,1,1
BRF:6
BRH:3
end_of_record
TN:
SF:src\platform\adapters\LlamaLocalAI.ts
FN:16,(anonymous_0)
FN:20,(anonymous_1)
FN:38,(anonymous_2)
FN:46,(anonymous_3)
FN:56,(anonymous_4)
FN:64,(anonymous_5)
FN:73,(anonymous_6)
FNF:7
FNH:7
FNDA:3,(anonymous_0)
FNDA:5,(anonymous_1)
FNDA:1,(anonymous_2)
FNDA:1,(anonymous_3)
FNDA:2,(anonymous_4)
FNDA:1,(anonymous_5)
FNDA:1,(anonymous_6)
DA:7,4
DA:8,4
DA:10,3
DA:14,9
DA:17,3
DA:21,5
DA:22,5
DA:24,5
DA:25,5
DA:31,4
DA:33,1
DA:34,1
DA:39,1
DA:40,1
DA:41,1
DA:42,1
DA:47,1
DA:49,1
DA:50,1
DA:57,2
DA:61,1
DA:65,1
DA:67,1
DA:74,1
DA:78,1
LF:25
LH:25
BRDA:21,0,0,0
BRDA:21,0,1,5
BRDA:22,1,0,0
BRDA:22,1,1,5
BRDA:39,2,0,1
BRDA:39,2,1,0
BRDA:47,3,0,0
BRDA:47,3,1,1
BRDA:54,4,0,1
BRDA:54,4,1,1
BRDA:65,5,0,0
BRDA:65,5,1,1
BRDA:71,6,0,1
BRDA:71,6,1,1
BRF:14
BRH:9
end_of_record
TN:
SF:src\platform\adapters\PlaceholderOCR.ts
FN:4,(anonymous_0)
FNF:1
FNH:0
FNDA:0,(anonymous_0)
DA:6,0
LF:1
LH:0
BRF:0
BRH:0
end_of_record
TN:
SF:src\shared\utils\id.ts
FN:6,(anonymous_0)
FNF:1
FNH:1
FNDA:1,(anonymous_0)
DA:6,1
DA:7,1
LF:2
LH:2
BRF:0
BRH:0
end_of_record
TN:
SF:src\testing\test-utils.tsx
FN:5,(anonymous_0)
FN:13,(anonymous_1)
FNF:2
FNH:2
FNDA:9,(anonymous_0)
FNDA:9,(anonymous_1)
DA:5,3
DA:6,9
DA:13,3
DA:16,9
LF:4
LH:4
BRF:0
BRH:0
end_of_record
